{"numTotalTestSuites":10,"numPassedTestSuites":6,"numFailedTestSuites":4,"numPendingTestSuites":0,"numTotalTests":15,"numPassedTests":9,"numFailedTests":2,"numPendingTests":4,"numTodoTests":0,"snapshot":{"added":0,"failure":false,"filesAdded":0,"filesRemoved":0,"filesRemovedList":[],"filesUnmatched":0,"filesUpdated":0,"matched":0,"total":0,"unchecked":0,"uncheckedKeysByFile":[],"unmatched":0,"updated":0,"didUpdate":false},"startTime":1760355308291,"success":false,"testResults":[{"assertionResults":[{"ancestorTitles":["Feed Workflow Integration","Normal User Flow (Materialized Feed)"],"fullName":"Feed Workflow Integration Normal User Flow (Materialized Feed) should fan out posts from normal users to followers materialized feeds","status":"passed","title":"should fan out posts from normal users to followers materialized feeds","duration":4098.397916,"failureMessages":[],"meta":{}},{"ancestorTitles":["Feed Workflow Integration","Normal User Flow (Materialized Feed)"],"fullName":"Feed Workflow Integration Normal User Flow (Materialized Feed) should handle multiple normal users posting to materialized feeds","status":"passed","title":"should handle multiple normal users posting to materialized feeds","duration":4098.813167,"failureMessages":[],"meta":{}},{"ancestorTitles":["Feed Workflow Integration","Celebrity Flow (Query-Time Feed)"],"fullName":"Feed Workflow Integration Celebrity Flow (Query-Time Feed) should skip fan-out for celebrity posts and fetch at query time","status":"skipped","title":"should skip fan-out for celebrity posts and fetch at query time","failureMessages":[],"meta":{}},{"ancestorTitles":["Feed Workflow Integration","Celebrity Flow (Query-Time Feed)"],"fullName":"Feed Workflow Integration Celebrity Flow (Query-Time Feed) should handle multiple celebrity posts efficiently","status":"skipped","title":"should handle multiple celebrity posts efficiently","failureMessages":[],"meta":{}},{"ancestorTitles":["Feed Workflow Integration","Hybrid Flow (Mixed Normal + Celebrity)"],"fullName":"Feed Workflow Integration Hybrid Flow (Mixed Normal + Celebrity) should merge materialized and query-time feeds correctly","status":"skipped","title":"should merge materialized and query-time feeds correctly","failureMessages":[],"meta":{}},{"ancestorTitles":["Feed Workflow Integration","Hybrid Flow (Mixed Normal + Celebrity)"],"fullName":"Feed Workflow Integration Hybrid Flow (Mixed Normal + Celebrity) should deduplicate posts if they appear in both sources","status":"passed","title":"should deduplicate posts if they appear in both sources","duration":19.26391599999988,"failureMessages":[],"meta":{}},{"ancestorTitles":["Feed Workflow Integration","Feed Cleanup on Unfollow"],"fullName":"Feed Workflow Integration Feed Cleanup on Unfollow should remove posts from materialized feed when unfollowing","status":"passed","title":"should remove posts from materialized feed when unfollowing","duration":3052.7411250000005,"failureMessages":[],"meta":{}},{"ancestorTitles":["Feed Workflow Integration","Feed Cleanup on Unfollow"],"fullName":"Feed Workflow Integration Feed Cleanup on Unfollow should not affect celebrity posts on unfollow (query-time)","status":"skipped","title":"should not affect celebrity posts on unfollow (query-time)","failureMessages":[],"meta":{}},{"ancestorTitles":["Feed Workflow Integration","Feed Cleanup on Post Deletion"],"fullName":"Feed Workflow Integration Feed Cleanup on Post Deletion should remove deleted posts from all followers feeds","status":"failed","title":"should remove deleted posts from all followers feeds","duration":4208.072292000001,"failureMessages":["HttpClientError: HTTP 500: Internal Server Error\n    at HttpClient.request (/Users/shaperosteve/social-media-app/packages/integration-tests/src/utils/http-client.ts:102:15)\n    at processTicksAndRejections (node:internal/process/task_queues:105:5)\n    at /Users/shaperosteve/social-media-app/packages/integration-tests/src/scenarios/feed-workflow.test.ts:587:30\n    at file:///Users/shaperosteve/social-media-app/node_modules/.pnpm/@vitest+runner@2.1.9/node_modules/@vitest/runner/dist/index.js:533:5\n    at runTest (file:///Users/shaperosteve/social-media-app/node_modules/.pnpm/@vitest+runner@2.1.9/node_modules/@vitest/runner/dist/index.js:1056:11)\n    at runSuite (file:///Users/shaperosteve/social-media-app/node_modules/.pnpm/@vitest+runner@2.1.9/node_modules/@vitest/runner/dist/index.js:1205:15)\n    at runSuite (file:///Users/shaperosteve/social-media-app/node_modules/.pnpm/@vitest+runner@2.1.9/node_modules/@vitest/runner/dist/index.js:1205:15)\n    at runSuite (file:///Users/shaperosteve/social-media-app/node_modules/.pnpm/@vitest+runner@2.1.9/node_modules/@vitest/runner/dist/index.js:1205:15)\n    at runFiles (file:///Users/shaperosteve/social-media-app/node_modules/.pnpm/@vitest+runner@2.1.9/node_modules/@vitest/runner/dist/index.js:1262:5)\n    at startTests (file:///Users/shaperosteve/social-media-app/node_modules/.pnpm/@vitest+runner@2.1.9/node_modules/@vitest/runner/dist/index.js:1271:3)"],"meta":{}},{"ancestorTitles":["Feed Workflow Integration","Feed Pagination"],"fullName":"Feed Workflow Integration Feed Pagination should support pagination with limit","status":"passed","title":"should support pagination with limit","duration":10803.910708,"failureMessages":[],"meta":{}},{"ancestorTitles":["Feed Workflow Integration","Feed Pagination"],"fullName":"Feed Workflow Integration Feed Pagination should handle pagination with no posts","status":"passed","title":"should handle pagination with no posts","duration":70.61437499999738,"failureMessages":[],"meta":{}},{"ancestorTitles":["Feed Workflow Integration","Feed TTL (7 days)"],"fullName":"Feed Workflow Integration Feed TTL (7 days) should set TTL on feed items to expire after 7 days","status":"passed","title":"should set TTL on feed items to expire after 7 days","duration":4189.344125,"failureMessages":[],"meta":{}},{"ancestorTitles":["Feed Workflow Integration","Error Handling and Edge Cases"],"fullName":"Feed Workflow Integration Error Handling and Edge Cases should handle fetching feed without authentication","status":"passed","title":"should handle fetching feed without authentication","duration":1.6900000000023283,"failureMessages":[],"meta":{}},{"ancestorTitles":["Feed Workflow Integration","Error Handling and Edge Cases"],"fullName":"Feed Workflow Integration Error Handling and Edge Cases should handle invalid pagination parameters","status":"passed","title":"should handle invalid pagination parameters","duration":2.937958999998955,"failureMessages":[],"meta":{}},{"ancestorTitles":["Feed Workflow Integration","Error Handling and Edge Cases"],"fullName":"Feed Workflow Integration Error Handling and Edge Cases should handle concurrent posts and follows gracefully","status":"failed","title":"should handle concurrent posts and follows gracefully","duration":61.83599999999933,"failureMessages":["HttpClientError: HTTP 400: Bad Request\n    at HttpClient.request (/Users/shaperosteve/social-media-app/packages/integration-tests/src/utils/http-client.ts:102:15)\n    at processTicksAndRejections (node:internal/process/task_queues:105:5)\n    at /Users/shaperosteve/social-media-app/packages/integration-tests/src/scenarios/feed-workflow.test.ts:908:42\n    at file:///Users/shaperosteve/social-media-app/node_modules/.pnpm/@vitest+runner@2.1.9/node_modules/@vitest/runner/dist/index.js:533:5\n    at runTest (file:///Users/shaperosteve/social-media-app/node_modules/.pnpm/@vitest+runner@2.1.9/node_modules/@vitest/runner/dist/index.js:1056:11)\n    at runSuite (file:///Users/shaperosteve/social-media-app/node_modules/.pnpm/@vitest+runner@2.1.9/node_modules/@vitest/runner/dist/index.js:1205:15)\n    at runSuite (file:///Users/shaperosteve/social-media-app/node_modules/.pnpm/@vitest+runner@2.1.9/node_modules/@vitest/runner/dist/index.js:1205:15)\n    at runSuite (file:///Users/shaperosteve/social-media-app/node_modules/.pnpm/@vitest+runner@2.1.9/node_modules/@vitest/runner/dist/index.js:1205:15)\n    at runFiles (file:///Users/shaperosteve/social-media-app/node_modules/.pnpm/@vitest+runner@2.1.9/node_modules/@vitest/runner/dist/index.js:1262:5)\n    at startTests (file:///Users/shaperosteve/social-media-app/node_modules/.pnpm/@vitest+runner@2.1.9/node_modules/@vitest/runner/dist/index.js:1271:3)"],"meta":{}}],"startTime":1760355308723,"endTime":1760355339330.836,"status":"failed","message":"","name":"/Users/shaperosteve/social-media-app/packages/integration-tests/src/scenarios/feed-workflow.test.ts"}]}