{"numTotalTestSuites":52,"numPassedTestSuites":48,"numFailedTestSuites":4,"numPendingTestSuites":0,"numTotalTests":103,"numPassedTests":97,"numFailedTests":2,"numPendingTests":4,"numTodoTests":0,"snapshot":{"added":0,"failure":false,"filesAdded":0,"filesRemoved":0,"filesRemovedList":[],"filesUnmatched":0,"filesUpdated":0,"matched":0,"total":0,"unchecked":0,"uncheckedKeysByFile":[],"unmatched":0,"updated":0,"didUpdate":false},"startTime":1760364040194,"success":false,"testResults":[{"assertionResults":[{"ancestorTitles":["Comments Workflow Integration","Create and Retrieve Comments"],"fullName":"Comments Workflow Integration Create and Retrieve Comments should create a comment on a post successfully","status":"passed","title":"should create a comment on a post successfully","duration":98.22337500000003,"failureMessages":[],"meta":{}},{"ancestorTitles":["Comments Workflow Integration","Create and Retrieve Comments"],"fullName":"Comments Workflow Integration Create and Retrieve Comments should create a second comment by different user","status":"passed","title":"should create a second comment by different user","duration":123.20749999999998,"failureMessages":[],"meta":{}},{"ancestorTitles":["Comments Workflow Integration","Create and Retrieve Comments"],"fullName":"Comments Workflow Integration Create and Retrieve Comments should retrieve all comments for a post","status":"passed","title":"should retrieve all comments for a post","duration":29.57166600000005,"failureMessages":[],"meta":{}},{"ancestorTitles":["Comments Workflow Integration","Create and Retrieve Comments"],"fullName":"Comments Workflow Integration Create and Retrieve Comments should respect pagination limit","status":"passed","title":"should respect pagination limit","duration":31.188000000000102,"failureMessages":[],"meta":{}},{"ancestorTitles":["Comments Workflow Integration","Create and Retrieve Comments"],"fullName":"Comments Workflow Integration Create and Retrieve Comments should support pagination with cursor","status":"passed","title":"should support pagination with cursor","duration":141.55174999999986,"failureMessages":[],"meta":{}},{"ancestorTitles":["Comments Workflow Integration","Create and Retrieve Comments"],"fullName":"Comments Workflow Integration Create and Retrieve Comments should return empty array for post with no comments","status":"passed","title":"should return empty array for post with no comments","duration":143.90616599999998,"failureMessages":[],"meta":{}},{"ancestorTitles":["Comments Workflow Integration","Comment Validation"],"fullName":"Comments Workflow Integration Comment Validation should reject empty comment content","status":"passed","title":"should reject empty comment content","duration":1.3937080000000606,"failureMessages":[],"meta":{}},{"ancestorTitles":["Comments Workflow Integration","Comment Validation"],"fullName":"Comments Workflow Integration Comment Validation should reject comment exceeding 500 characters","status":"passed","title":"should reject comment exceeding 500 characters","duration":1.2757910000000265,"failureMessages":[],"meta":{}},{"ancestorTitles":["Comments Workflow Integration","Comment Validation"],"fullName":"Comments Workflow Integration Comment Validation should trim whitespace from comment content","status":"passed","title":"should trim whitespace from comment content","duration":54.30204200000003,"failureMessages":[],"meta":{}},{"ancestorTitles":["Comments Workflow Integration","Comment Validation"],"fullName":"Comments Workflow Integration Comment Validation should reject comment with only whitespace","status":"passed","title":"should reject comment with only whitespace","duration":41.36254199999985,"failureMessages":[],"meta":{}},{"ancestorTitles":["Comments Workflow Integration","Comment Validation"],"fullName":"Comments Workflow Integration Comment Validation should reject comment with invalid postId","status":"passed","title":"should reject comment with invalid postId","duration":1.2554580000000897,"failureMessages":[],"meta":{}},{"ancestorTitles":["Comments Workflow Integration","Delete Comments"],"fullName":"Comments Workflow Integration Delete Comments should delete own comment successfully","status":"passed","title":"should delete own comment successfully","duration":26.006374999999935,"failureMessages":[],"meta":{}},{"ancestorTitles":["Comments Workflow Integration","Delete Comments"],"fullName":"Comments Workflow Integration Delete Comments should return 403 when non-owner tries to delete","status":"passed","title":"should return 403 when non-owner tries to delete","duration":39.150666999999885,"failureMessages":[],"meta":{}},{"ancestorTitles":["Comments Workflow Integration","Delete Comments"],"fullName":"Comments Workflow Integration Delete Comments should be idempotent when deleting non-existent comment","status":"passed","title":"should be idempotent when deleting non-existent comment","duration":34.74375000000009,"failureMessages":[],"meta":{}},{"ancestorTitles":["Comments Workflow Integration","Delete Comments"],"fullName":"Comments Workflow Integration Delete Comments should verify comment is removed from list","status":"passed","title":"should verify comment is removed from list","duration":28.02779200000009,"failureMessages":[],"meta":{}},{"ancestorTitles":["Comments Workflow Integration","Delete Comments"],"fullName":"Comments Workflow Integration Delete Comments should return 400 when deleting with invalid commentId","status":"passed","title":"should return 400 when deleting with invalid commentId","duration":2.2657500000000255,"failureMessages":[],"meta":{}},{"ancestorTitles":["Comments Workflow Integration","Stream Processor Verification"],"fullName":"Comments Workflow Integration Stream Processor Verification should increment commentsCount after creating comment","status":"passed","title":"should increment commentsCount after creating comment","duration":3027.4439169999996,"failureMessages":[],"meta":{}},{"ancestorTitles":["Comments Workflow Integration","Stream Processor Verification"],"fullName":"Comments Workflow Integration Stream Processor Verification should decrement commentsCount after deleting comment","status":"passed","title":"should decrement commentsCount after deleting comment","duration":3051.1030419999997,"failureMessages":[],"meta":{}},{"ancestorTitles":["Comments Workflow Integration","Authorization"],"fullName":"Comments Workflow Integration Authorization should require authentication for creating comments","status":"passed","title":"should require authentication for creating comments","duration":2.229334000000563,"failureMessages":[],"meta":{}},{"ancestorTitles":["Comments Workflow Integration","Authorization"],"fullName":"Comments Workflow Integration Authorization should require authentication for deleting comments","status":"passed","title":"should require authentication for deleting comments","duration":1.3987919999999576,"failureMessages":[],"meta":{}},{"ancestorTitles":["Comments Workflow Integration","Authorization"],"fullName":"Comments Workflow Integration Authorization should allow unauthenticated access to get comments","status":"passed","title":"should allow unauthenticated access to get comments","duration":12.328042000000096,"failureMessages":[],"meta":{}},{"ancestorTitles":["Comments Workflow Integration","Authorization"],"fullName":"Comments Workflow Integration Authorization should reject invalid Bearer token","status":"passed","title":"should reject invalid Bearer token","duration":2.294792000000598,"failureMessages":[],"meta":{}},{"ancestorTitles":["Comments Workflow Integration","Authorization"],"fullName":"Comments Workflow Integration Authorization should reject malformed Authorization header","status":"passed","title":"should reject malformed Authorization header","duration":0.8491249999997308,"failureMessages":[],"meta":{}}],"startTime":1760364041091,"endTime":1760364047986.849,"status":"passed","message":"","name":"/Users/shaperosteve/social-media-app/packages/integration-tests/src/scenarios/comments-workflow.test.ts"},{"assertionResults":[{"ancestorTitles":["Instagram-Like Read State","Core Instagram-Like Behavior"],"fullName":"Instagram-Like Read State Core Instagram-Like Behavior should never show posts marked as read again","status":"passed","title":"should never show posts marked as read again","duration":5435.947,"failureMessages":[],"meta":{}},{"ancestorTitles":["Instagram-Like Read State","Core Instagram-Like Behavior"],"fullName":"Instagram-Like Read State Core Instagram-Like Behavior should handle marking non-existent posts gracefully","status":"passed","title":"should handle marking non-existent posts gracefully","duration":5.11608299999989,"failureMessages":[],"meta":{}},{"ancestorTitles":["Instagram-Like Read State","Core Instagram-Like Behavior"],"fullName":"Instagram-Like Read State Core Instagram-Like Behavior should handle empty postIds array","status":"passed","title":"should handle empty postIds array","duration":1.8772079999998823,"failureMessages":[],"meta":{}},{"ancestorTitles":["Instagram-Like Read State","Core Instagram-Like Behavior"],"fullName":"Instagram-Like Read State Core Instagram-Like Behavior should reject marking more than 50 posts at once","status":"passed","title":"should reject marking more than 50 posts at once","duration":1.082749999999578,"failureMessages":[],"meta":{}},{"ancestorTitles":["Instagram-Like Read State","Core Instagram-Like Behavior"],"fullName":"Instagram-Like Read State Core Instagram-Like Behavior should require authentication for marking posts as read","status":"passed","title":"should require authentication for marking posts as read","duration":0.6574579999996786,"failureMessages":[],"meta":{}},{"ancestorTitles":["Instagram-Like Read State","Feed Repopulation Scenarios"],"fullName":"Instagram-Like Read State Feed Repopulation Scenarios should preserve read state after simulated cache loss","status":"passed","title":"should preserve read state after simulated cache loss","duration":6128.526541000001,"failureMessages":[],"meta":{}},{"ancestorTitles":["Instagram-Like Read State","Feed Repopulation Scenarios"],"fullName":"Instagram-Like Read State Feed Repopulation Scenarios should mark posts as unread by default when created","status":"passed","title":"should mark posts as unread by default when created","duration":3063.931334000001,"failureMessages":[],"meta":{}},{"ancestorTitles":["Instagram-Like Read State","Read State Metadata"],"fullName":"Instagram-Like Read State Read State Metadata should track readAt timestamp when marking posts as read","status":"passed","title":"should track readAt timestamp when marking posts as read","duration":259.61724999999933,"failureMessages":[],"meta":{}}],"startTime":1760364041057,"endTime":1760364055953.6172,"status":"passed","message":"","name":"/Users/shaperosteve/social-media-app/packages/integration-tests/src/scenarios/feed-read-state.test.ts"},{"assertionResults":[{"ancestorTitles":["Feed Workflow Integration","Normal User Flow (Materialized Feed)"],"fullName":"Feed Workflow Integration Normal User Flow (Materialized Feed) should fan out posts from normal users to followers materialized feeds","status":"passed","title":"should fan out posts from normal users to followers materialized feeds","duration":4151.239542,"failureMessages":[],"meta":{}},{"ancestorTitles":["Feed Workflow Integration","Normal User Flow (Materialized Feed)"],"fullName":"Feed Workflow Integration Normal User Flow (Materialized Feed) should handle multiple normal users posting to materialized feeds","status":"passed","title":"should handle multiple normal users posting to materialized feeds","duration":4099.597791,"failureMessages":[],"meta":{}},{"ancestorTitles":["Feed Workflow Integration","Celebrity Flow (Query-Time Feed)"],"fullName":"Feed Workflow Integration Celebrity Flow (Query-Time Feed) should skip fan-out for celebrity posts and fetch at query time","status":"skipped","title":"should skip fan-out for celebrity posts and fetch at query time","failureMessages":[],"meta":{}},{"ancestorTitles":["Feed Workflow Integration","Celebrity Flow (Query-Time Feed)"],"fullName":"Feed Workflow Integration Celebrity Flow (Query-Time Feed) should handle multiple celebrity posts efficiently","status":"skipped","title":"should handle multiple celebrity posts efficiently","failureMessages":[],"meta":{}},{"ancestorTitles":["Feed Workflow Integration","Hybrid Flow (Mixed Normal + Celebrity)"],"fullName":"Feed Workflow Integration Hybrid Flow (Mixed Normal + Celebrity) should merge materialized and query-time feeds correctly","status":"skipped","title":"should merge materialized and query-time feeds correctly","failureMessages":[],"meta":{}},{"ancestorTitles":["Feed Workflow Integration","Hybrid Flow (Mixed Normal + Celebrity)"],"fullName":"Feed Workflow Integration Hybrid Flow (Mixed Normal + Celebrity) should deduplicate posts if they appear in both sources","status":"passed","title":"should deduplicate posts if they appear in both sources","duration":23.264375000000655,"failureMessages":[],"meta":{}},{"ancestorTitles":["Feed Workflow Integration","Feed Cleanup on Unfollow"],"fullName":"Feed Workflow Integration Feed Cleanup on Unfollow should remove posts from materialized feed when unfollowing","status":"passed","title":"should remove posts from materialized feed when unfollowing","duration":3048.4721250000002,"failureMessages":[],"meta":{}},{"ancestorTitles":["Feed Workflow Integration","Feed Cleanup on Unfollow"],"fullName":"Feed Workflow Integration Feed Cleanup on Unfollow should not affect celebrity posts on unfollow (query-time)","status":"skipped","title":"should not affect celebrity posts on unfollow (query-time)","failureMessages":[],"meta":{}},{"ancestorTitles":["Feed Workflow Integration","Feed Cleanup on Post Deletion"],"fullName":"Feed Workflow Integration Feed Cleanup on Post Deletion should remove deleted posts from all followers feeds","status":"failed","title":"should remove deleted posts from all followers feeds","duration":4213.619042,"failureMessages":["HttpClientError: HTTP 500: Internal Server Error\n    at HttpClient.request (/Users/shaperosteve/social-media-app/packages/integration-tests/src/utils/http-client.ts:102:15)\n    at processTicksAndRejections (node:internal/process/task_queues:105:5)\n    at /Users/shaperosteve/social-media-app/packages/integration-tests/src/scenarios/feed-workflow.test.ts:587:30\n    at file:///Users/shaperosteve/social-media-app/node_modules/.pnpm/@vitest+runner@2.1.9/node_modules/@vitest/runner/dist/index.js:533:5\n    at runTest (file:///Users/shaperosteve/social-media-app/node_modules/.pnpm/@vitest+runner@2.1.9/node_modules/@vitest/runner/dist/index.js:1056:11)\n    at runSuite (file:///Users/shaperosteve/social-media-app/node_modules/.pnpm/@vitest+runner@2.1.9/node_modules/@vitest/runner/dist/index.js:1205:15)\n    at runSuite (file:///Users/shaperosteve/social-media-app/node_modules/.pnpm/@vitest+runner@2.1.9/node_modules/@vitest/runner/dist/index.js:1205:15)\n    at runSuite (file:///Users/shaperosteve/social-media-app/node_modules/.pnpm/@vitest+runner@2.1.9/node_modules/@vitest/runner/dist/index.js:1205:15)\n    at runFiles (file:///Users/shaperosteve/social-media-app/node_modules/.pnpm/@vitest+runner@2.1.9/node_modules/@vitest/runner/dist/index.js:1262:5)\n    at startTests (file:///Users/shaperosteve/social-media-app/node_modules/.pnpm/@vitest+runner@2.1.9/node_modules/@vitest/runner/dist/index.js:1271:3)"],"meta":{}},{"ancestorTitles":["Feed Workflow Integration","Feed Pagination"],"fullName":"Feed Workflow Integration Feed Pagination should support pagination with limit","status":"passed","title":"should support pagination with limit","duration":10582.185500000003,"failureMessages":[],"meta":{}},{"ancestorTitles":["Feed Workflow Integration","Feed Pagination"],"fullName":"Feed Workflow Integration Feed Pagination should handle pagination with no posts","status":"passed","title":"should handle pagination with no posts","duration":61.633167000003596,"failureMessages":[],"meta":{}},{"ancestorTitles":["Feed Workflow Integration","Feed TTL (7 days)"],"fullName":"Feed Workflow Integration Feed TTL (7 days) should set TTL on feed items to expire after 7 days","status":"passed","title":"should set TTL on feed items to expire after 7 days","duration":4188.1600419999995,"failureMessages":[],"meta":{}},{"ancestorTitles":["Feed Workflow Integration","Error Handling and Edge Cases"],"fullName":"Feed Workflow Integration Error Handling and Edge Cases should handle fetching feed without authentication","status":"passed","title":"should handle fetching feed without authentication","duration":1.9364170000008016,"failureMessages":[],"meta":{}},{"ancestorTitles":["Feed Workflow Integration","Error Handling and Edge Cases"],"fullName":"Feed Workflow Integration Error Handling and Edge Cases should handle invalid pagination parameters","status":"passed","title":"should handle invalid pagination parameters","duration":3.18237500000032,"failureMessages":[],"meta":{}},{"ancestorTitles":["Feed Workflow Integration","Error Handling and Edge Cases"],"fullName":"Feed Workflow Integration Error Handling and Edge Cases should handle concurrent posts and follows gracefully","status":"failed","title":"should handle concurrent posts and follows gracefully","duration":61.26841699999932,"failureMessages":["HttpClientError: HTTP 400: Bad Request\n    at HttpClient.request (/Users/shaperosteve/social-media-app/packages/integration-tests/src/utils/http-client.ts:102:15)\n    at processTicksAndRejections (node:internal/process/task_queues:105:5)\n    at /Users/shaperosteve/social-media-app/packages/integration-tests/src/scenarios/feed-workflow.test.ts:908:42\n    at file:///Users/shaperosteve/social-media-app/node_modules/.pnpm/@vitest+runner@2.1.9/node_modules/@vitest/runner/dist/index.js:533:5\n    at runTest (file:///Users/shaperosteve/social-media-app/node_modules/.pnpm/@vitest+runner@2.1.9/node_modules/@vitest/runner/dist/index.js:1056:11)\n    at runSuite (file:///Users/shaperosteve/social-media-app/node_modules/.pnpm/@vitest+runner@2.1.9/node_modules/@vitest/runner/dist/index.js:1205:15)\n    at runSuite (file:///Users/shaperosteve/social-media-app/node_modules/.pnpm/@vitest+runner@2.1.9/node_modules/@vitest/runner/dist/index.js:1205:15)\n    at runSuite (file:///Users/shaperosteve/social-media-app/node_modules/.pnpm/@vitest+runner@2.1.9/node_modules/@vitest/runner/dist/index.js:1205:15)\n    at runFiles (file:///Users/shaperosteve/social-media-app/node_modules/.pnpm/@vitest+runner@2.1.9/node_modules/@vitest/runner/dist/index.js:1262:5)\n    at startTests (file:///Users/shaperosteve/social-media-app/node_modules/.pnpm/@vitest+runner@2.1.9/node_modules/@vitest/runner/dist/index.js:1271:3)"],"meta":{}}],"startTime":1760364041373,"endTime":1760364071808.2683,"status":"failed","message":"","name":"/Users/shaperosteve/social-media-app/packages/integration-tests/src/scenarios/feed-workflow.test.ts"},{"assertionResults":[{"ancestorTitles":["Follows Workflow Integration","Follow and Unfollow Operations"],"fullName":"Follows Workflow Integration Follow and Unfollow Operations should follow a user successfully","status":"passed","title":"should follow a user successfully","duration":123.30183299999999,"failureMessages":[],"meta":{}},{"ancestorTitles":["Follows Workflow Integration","Follow and Unfollow Operations"],"fullName":"Follows Workflow Integration Follow and Unfollow Operations should be idempotent when following the same user twice","status":"passed","title":"should be idempotent when following the same user twice","duration":48.627707999999984,"failureMessages":[],"meta":{}},{"ancestorTitles":["Follows Workflow Integration","Follow and Unfollow Operations"],"fullName":"Follows Workflow Integration Follow and Unfollow Operations should get follow status for a user","status":"passed","title":"should get follow status for a user","duration":24.772000000000162,"failureMessages":[],"meta":{}},{"ancestorTitles":["Follows Workflow Integration","Follow and Unfollow Operations"],"fullName":"Follows Workflow Integration Follow and Unfollow Operations should unfollow a user successfully","status":"passed","title":"should unfollow a user successfully","duration":80.42445799999996,"failureMessages":[],"meta":{}},{"ancestorTitles":["Follows Workflow Integration","Follow and Unfollow Operations"],"fullName":"Follows Workflow Integration Follow and Unfollow Operations should be idempotent when unfollowing a user not followed","status":"passed","title":"should be idempotent when unfollowing a user not followed","duration":45.19266599999992,"failureMessages":[],"meta":{}},{"ancestorTitles":["Follows Workflow Integration","Mutual Follow Relationships"],"fullName":"Follows Workflow Integration Mutual Follow Relationships should allow mutual follows","status":"passed","title":"should allow mutual follows","duration":200.04437499999995,"failureMessages":[],"meta":{}},{"ancestorTitles":["Follows Workflow Integration","Mutual Follow Relationships"],"fullName":"Follows Workflow Integration Mutual Follow Relationships should handle multiple followers for one user","status":"passed","title":"should handle multiple followers for one user","duration":67.51645800000006,"failureMessages":[],"meta":{}},{"ancestorTitles":["Follows Workflow Integration","Error Handling"],"fullName":"Follows Workflow Integration Error Handling should return 401 when following without authentication","status":"passed","title":"should return 401 when following without authentication","duration":1.181291999999985,"failureMessages":[],"meta":{}},{"ancestorTitles":["Follows Workflow Integration","Error Handling"],"fullName":"Follows Workflow Integration Error Handling should return 400 when following with invalid userId","status":"passed","title":"should return 400 when following with invalid userId","duration":1.3795420000001286,"failureMessages":[],"meta":{}},{"ancestorTitles":["Follows Workflow Integration","Error Handling"],"fullName":"Follows Workflow Integration Error Handling should return false when checking follow status for user not followed","status":"passed","title":"should return false when checking follow status for user not followed","duration":97.15333400000009,"failureMessages":[],"meta":{}}],"startTime":1760364041202,"endTime":1760364041892.1533,"status":"passed","message":"","name":"/Users/shaperosteve/social-media-app/packages/integration-tests/src/scenarios/follows-workflow.test.ts"},{"assertionResults":[{"ancestorTitles":["LocalStack Image Upload Integration","Presigned URL Generation"],"fullName":"LocalStack Image Upload Integration Presigned URL Generation should generate LocalStack presigned URLs for post images","status":"passed","title":"should generate LocalStack presigned URLs for post images","duration":143.652833,"failureMessages":[],"meta":{}},{"ancestorTitles":["LocalStack Image Upload Integration","Presigned URL Generation"],"fullName":"LocalStack Image Upload Integration Presigned URL Generation should generate LocalStack presigned URLs for profile pictures","status":"passed","title":"should generate LocalStack presigned URLs for profile pictures","duration":154.387834,"failureMessages":[],"meta":{}},{"ancestorTitles":["LocalStack Image Upload Integration","Post Creation with LocalStack Images"],"fullName":"LocalStack Image Upload Integration Post Creation with LocalStack Images should create post with LocalStack image URLs","status":"passed","title":"should create post with LocalStack image URLs","duration":253.61954100000003,"failureMessages":[],"meta":{}},{"ancestorTitles":["LocalStack Image Upload Integration","Post Creation with LocalStack Images"],"fullName":"LocalStack Image Upload Integration Post Creation with LocalStack Images should maintain LocalStack URLs in post retrieval","status":"passed","title":"should maintain LocalStack URLs in post retrieval","duration":200.21337500000004,"failureMessages":[],"meta":{}},{"ancestorTitles":["LocalStack Image Upload Integration","Error Handling"],"fullName":"LocalStack Image Upload Integration Error Handling should handle invalid file types gracefully","status":"passed","title":"should handle invalid file types gracefully","duration":88.06666699999982,"failureMessages":[],"meta":{}},{"ancestorTitles":["LocalStack Image Upload Integration","Error Handling"],"fullName":"LocalStack Image Upload Integration Error Handling should handle unauthenticated requests","status":"passed","title":"should handle unauthenticated requests","duration":62.01529100000016,"failureMessages":[],"meta":{}}],"startTime":1760364040680,"endTime":1760364041582.0154,"status":"passed","message":"","name":"/Users/shaperosteve/social-media-app/packages/integration-tests/src/scenarios/image-upload.test.ts"},{"assertionResults":[{"ancestorTitles":["Likes Workflow Integration","Like and Unlike Operations"],"fullName":"Likes Workflow Integration Like and Unlike Operations should like a post successfully","status":"passed","title":"should like a post successfully","duration":72.15654200000017,"failureMessages":[],"meta":{}},{"ancestorTitles":["Likes Workflow Integration","Like and Unlike Operations"],"fullName":"Likes Workflow Integration Like and Unlike Operations should be idempotent when liking the same post twice","status":"passed","title":"should be idempotent when liking the same post twice","duration":87.48620900000014,"failureMessages":[],"meta":{}},{"ancestorTitles":["Likes Workflow Integration","Like and Unlike Operations"],"fullName":"Likes Workflow Integration Like and Unlike Operations should get like status for a post","status":"passed","title":"should get like status for a post","duration":22.061125000000175,"failureMessages":[],"meta":{}},{"ancestorTitles":["Likes Workflow Integration","Like and Unlike Operations"],"fullName":"Likes Workflow Integration Like and Unlike Operations should unlike a post successfully","status":"passed","title":"should unlike a post successfully","duration":31.892249999999876,"failureMessages":[],"meta":{}},{"ancestorTitles":["Likes Workflow Integration","Like and Unlike Operations"],"fullName":"Likes Workflow Integration Like and Unlike Operations should be idempotent when unliking a post not liked","status":"passed","title":"should be idempotent when unliking a post not liked","duration":45.5631249999999,"failureMessages":[],"meta":{}},{"ancestorTitles":["Likes Workflow Integration","Multiple Users Liking"],"fullName":"Likes Workflow Integration Multiple Users Liking should allow multiple users to like the same post","status":"passed","title":"should allow multiple users to like the same post","duration":250.75066700000002,"failureMessages":[],"meta":{}},{"ancestorTitles":["Likes Workflow Integration","Error Handling"],"fullName":"Likes Workflow Integration Error Handling should return 401 when liking without authentication","status":"passed","title":"should return 401 when liking without authentication","duration":30.187749999999824,"failureMessages":[],"meta":{}},{"ancestorTitles":["Likes Workflow Integration","Error Handling"],"fullName":"Likes Workflow Integration Error Handling should return 400 when liking with invalid postId","status":"passed","title":"should return 400 when liking with invalid postId","duration":1.1849580000000515,"failureMessages":[],"meta":{}}],"startTime":1760364041176,"endTime":1760364041718.185,"status":"passed","message":"","name":"/Users/shaperosteve/social-media-app/packages/integration-tests/src/scenarios/likes-workflow.test.ts"},{"assertionResults":[{"ancestorTitles":["Notifications Workflow Integration","Create Notifications via Interactions"],"fullName":"Notifications Workflow Integration Create Notifications via Interactions should create notification when user likes a post","status":"passed","title":"should create notification when user likes a post","duration":1220.987459,"failureMessages":[],"meta":{}},{"ancestorTitles":["Notifications Workflow Integration","Create Notifications via Interactions"],"fullName":"Notifications Workflow Integration Create Notifications via Interactions should create notification when user comments on a post","status":"passed","title":"should create notification when user comments on a post","duration":1119.2260419999998,"failureMessages":[],"meta":{}},{"ancestorTitles":["Notifications Workflow Integration","Create Notifications via Interactions"],"fullName":"Notifications Workflow Integration Create Notifications via Interactions should create notification when user follows another user","status":"passed","title":"should create notification when user follows another user","duration":1049.6747919999998,"failureMessages":[],"meta":{}},{"ancestorTitles":["Notifications Workflow Integration","Fetch Notifications List"],"fullName":"Notifications Workflow Integration Fetch Notifications List should retrieve all notifications for user","status":"passed","title":"should retrieve all notifications for user","duration":11.957999999999629,"failureMessages":[],"meta":{}},{"ancestorTitles":["Notifications Workflow Integration","Fetch Notifications List"],"fullName":"Notifications Workflow Integration Fetch Notifications List should respect pagination limit","status":"passed","title":"should respect pagination limit","duration":12.061082999999599,"failureMessages":[],"meta":{}},{"ancestorTitles":["Notifications Workflow Integration","Fetch Notifications List"],"fullName":"Notifications Workflow Integration Fetch Notifications List should support pagination with cursor","status":"passed","title":"should support pagination with cursor","duration":22.13708300000053,"failureMessages":[],"meta":{}},{"ancestorTitles":["Notifications Workflow Integration","Fetch Notifications List"],"fullName":"Notifications Workflow Integration Fetch Notifications List should filter notifications by status (unread)","status":"passed","title":"should filter notifications by status (unread)","duration":11.948292000000038,"failureMessages":[],"meta":{}},{"ancestorTitles":["Notifications Workflow Integration","Fetch Notifications List"],"fullName":"Notifications Workflow Integration Fetch Notifications List should return empty array for user with no notifications","status":"passed","title":"should return empty array for user with no notifications","duration":9.349541999999929,"failureMessages":[],"meta":{}},{"ancestorTitles":["Notifications Workflow Integration","Unread Count"],"fullName":"Notifications Workflow Integration Unread Count should get unread notification count","status":"passed","title":"should get unread notification count","duration":5.629791000000296,"failureMessages":[],"meta":{}},{"ancestorTitles":["Notifications Workflow Integration","Unread Count"],"fullName":"Notifications Workflow Integration Unread Count should return zero for user with no unread notifications","status":"passed","title":"should return zero for user with no unread notifications","duration":5.392749999999978,"failureMessages":[],"meta":{}},{"ancestorTitles":["Notifications Workflow Integration","Mark Notifications as Read"],"fullName":"Notifications Workflow Integration Mark Notifications as Read should mark single notification as read","status":"passed","title":"should mark single notification as read","duration":48.47291699999914,"failureMessages":[],"meta":{}},{"ancestorTitles":["Notifications Workflow Integration","Mark Notifications as Read"],"fullName":"Notifications Workflow Integration Mark Notifications as Read should be idempotent when marking already-read notification","status":"passed","title":"should be idempotent when marking already-read notification","duration":16.831707999999708,"failureMessages":[],"meta":{}},{"ancestorTitles":["Notifications Workflow Integration","Mark Notifications as Read"],"fullName":"Notifications Workflow Integration Mark Notifications as Read should update unread count after marking as read","status":"passed","title":"should update unread count after marking as read","duration":15.222959000000628,"failureMessages":[],"meta":{}},{"ancestorTitles":["Notifications Workflow Integration","Mark All Notifications as Read"],"fullName":"Notifications Workflow Integration Mark All Notifications as Read should mark all notifications as read","status":"passed","title":"should mark all notifications as read","duration":67.3463329999995,"failureMessages":[],"meta":{}},{"ancestorTitles":["Notifications Workflow Integration","Mark All Notifications as Read"],"fullName":"Notifications Workflow Integration Mark All Notifications as Read should be idempotent when no unread notifications exist","status":"passed","title":"should be idempotent when no unread notifications exist","duration":13.106375000000298,"failureMessages":[],"meta":{}},{"ancestorTitles":["Notifications Workflow Integration","Delete Notifications"],"fullName":"Notifications Workflow Integration Delete Notifications should delete notification successfully","status":"passed","title":"should delete notification successfully","duration":44.81395800000064,"failureMessages":[],"meta":{}},{"ancestorTitles":["Notifications Workflow Integration","Delete Notifications"],"fullName":"Notifications Workflow Integration Delete Notifications should be idempotent when deleting non-existent notification","status":"passed","title":"should be idempotent when deleting non-existent notification","duration":5.441541999999572,"failureMessages":[],"meta":{}},{"ancestorTitles":["Notifications Workflow Integration","Delete Notifications"],"fullName":"Notifications Workflow Integration Delete Notifications should return 403 when trying to delete another user's notification","status":"passed","title":"should return 403 when trying to delete another user's notification","duration":13.89850000000024,"failureMessages":[],"meta":{}},{"ancestorTitles":["Notifications Workflow Integration","Authorization"],"fullName":"Notifications Workflow Integration Authorization should require authentication for getting notifications","status":"passed","title":"should require authentication for getting notifications","duration":0.7242919999998776,"failureMessages":[],"meta":{}},{"ancestorTitles":["Notifications Workflow Integration","Authorization"],"fullName":"Notifications Workflow Integration Authorization should require authentication for getting unread count","status":"passed","title":"should require authentication for getting unread count","duration":0.6660830000000715,"failureMessages":[],"meta":{}},{"ancestorTitles":["Notifications Workflow Integration","Authorization"],"fullName":"Notifications Workflow Integration Authorization should require authentication for marking as read","status":"passed","title":"should require authentication for marking as read","duration":0.8501670000005106,"failureMessages":[],"meta":{}},{"ancestorTitles":["Notifications Workflow Integration","Authorization"],"fullName":"Notifications Workflow Integration Authorization should require authentication for marking all as read","status":"passed","title":"should require authentication for marking all as read","duration":0.668666999999914,"failureMessages":[],"meta":{}},{"ancestorTitles":["Notifications Workflow Integration","Authorization"],"fullName":"Notifications Workflow Integration Authorization should require authentication for deleting notifications","status":"passed","title":"should require authentication for deleting notifications","duration":0.6601670000000013,"failureMessages":[],"meta":{}},{"ancestorTitles":["Notifications Workflow Integration","Authorization"],"fullName":"Notifications Workflow Integration Authorization should reject invalid Bearer token","status":"passed","title":"should reject invalid Bearer token","duration":0.9069589999999152,"failureMessages":[],"meta":{}},{"ancestorTitles":["Notifications Workflow Integration","Validation"],"fullName":"Notifications Workflow Integration Validation should reject invalid notificationId format","status":"passed","title":"should reject invalid notificationId format","duration":0.9289580000004207,"failureMessages":[],"meta":{}},{"ancestorTitles":["Notifications Workflow Integration","Validation"],"fullName":"Notifications Workflow Integration Validation should reject invalid limit parameter","status":"passed","title":"should reject invalid limit parameter","duration":0.7888329999996131,"failureMessages":[],"meta":{}},{"ancestorTitles":["Notifications Workflow Integration","Validation"],"fullName":"Notifications Workflow Integration Validation should reject limit exceeding maximum","status":"passed","title":"should reject limit exceeding maximum","duration":0.8464169999997466,"failureMessages":[],"meta":{}},{"ancestorTitles":["Notifications Workflow Integration","Validation"],"fullName":"Notifications Workflow Integration Validation should reject invalid filter parameter","status":"passed","title":"should reject invalid filter parameter","duration":0.764208000000508,"failureMessages":[],"meta":{}}],"startTime":1760364041025,"endTime":1760364044727.7642,"status":"passed","message":"","name":"/Users/shaperosteve/social-media-app/packages/integration-tests/src/scenarios/notifications-workflow.test.ts"},{"assertionResults":[{"ancestorTitles":["User Lifecycle Integration","User Registration and Profile Creation"],"fullName":"User Lifecycle Integration User Registration and Profile Creation should complete full user registration → profile creation workflow","status":"passed","title":"should complete full user registration → profile creation workflow","duration":670.934542,"failureMessages":[],"meta":{}},{"ancestorTitles":["User Lifecycle Integration","Profile Handle Management"],"fullName":"User Lifecycle Integration Profile Handle Management should enforce handle uniqueness","status":"passed","title":"should enforce handle uniqueness","duration":384.540792,"failureMessages":[],"meta":{}},{"ancestorTitles":["User Lifecycle Integration","Error Handling"],"fullName":"User Lifecycle Integration Error Handling should handle registration with duplicate email","status":"passed","title":"should handle registration with duplicate email","duration":141.77462500000001,"failureMessages":[],"meta":{}},{"ancestorTitles":["User Lifecycle Integration","Error Handling"],"fullName":"User Lifecycle Integration Error Handling should handle registration with duplicate username","status":"passed","title":"should handle registration with duplicate username","duration":142.734958,"failureMessages":[],"meta":{}},{"ancestorTitles":["User Lifecycle Integration","Error Handling"],"fullName":"User Lifecycle Integration Error Handling should handle weak passwords","status":"passed","title":"should handle weak passwords","duration":1.3281660000000102,"failureMessages":[],"meta":{}}],"startTime":1760364040529,"endTime":1760364041870.3281,"status":"passed","message":"","name":"/Users/shaperosteve/social-media-app/packages/integration-tests/src/scenarios/user-lifecycle.test.ts"}]}