{"numTotalTestSuites":59,"numPassedTestSuites":55,"numFailedTestSuites":4,"numPendingTestSuites":0,"numTotalTests":119,"numPassedTests":113,"numFailedTests":2,"numPendingTests":4,"numTodoTests":0,"snapshot":{"added":0,"failure":false,"filesAdded":0,"filesRemoved":0,"filesRemovedList":[],"filesUnmatched":0,"filesUpdated":0,"matched":0,"total":0,"unchecked":0,"uncheckedKeysByFile":[],"unmatched":0,"updated":0,"didUpdate":false},"startTime":1760373271725,"success":false,"testResults":[{"assertionResults":[{"ancestorTitles":["Comments Workflow Integration","Create and Retrieve Comments"],"fullName":"Comments Workflow Integration Create and Retrieve Comments should create a comment on a post successfully","status":"passed","title":"should create a comment on a post successfully","duration":75.71725000000015,"failureMessages":[],"meta":{}},{"ancestorTitles":["Comments Workflow Integration","Create and Retrieve Comments"],"fullName":"Comments Workflow Integration Create and Retrieve Comments should create a second comment by different user","status":"passed","title":"should create a second comment by different user","duration":129.65162499999997,"failureMessages":[],"meta":{}},{"ancestorTitles":["Comments Workflow Integration","Create and Retrieve Comments"],"fullName":"Comments Workflow Integration Create and Retrieve Comments should retrieve all comments for a post","status":"passed","title":"should retrieve all comments for a post","duration":98.3777500000001,"failureMessages":[],"meta":{}},{"ancestorTitles":["Comments Workflow Integration","Create and Retrieve Comments"],"fullName":"Comments Workflow Integration Create and Retrieve Comments should respect pagination limit","status":"passed","title":"should respect pagination limit","duration":62.876875000000155,"failureMessages":[],"meta":{}},{"ancestorTitles":["Comments Workflow Integration","Create and Retrieve Comments"],"fullName":"Comments Workflow Integration Create and Retrieve Comments should support pagination with cursor","status":"passed","title":"should support pagination with cursor","duration":112.75533300000006,"failureMessages":[],"meta":{}},{"ancestorTitles":["Comments Workflow Integration","Create and Retrieve Comments"],"fullName":"Comments Workflow Integration Create and Retrieve Comments should return empty array for post with no comments","status":"passed","title":"should return empty array for post with no comments","duration":218.9251670000001,"failureMessages":[],"meta":{}},{"ancestorTitles":["Comments Workflow Integration","Comment Validation"],"fullName":"Comments Workflow Integration Comment Validation should reject empty comment content","status":"passed","title":"should reject empty comment content","duration":1.3360000000000127,"failureMessages":[],"meta":{}},{"ancestorTitles":["Comments Workflow Integration","Comment Validation"],"fullName":"Comments Workflow Integration Comment Validation should reject comment exceeding 500 characters","status":"passed","title":"should reject comment exceeding 500 characters","duration":1.0389580000000933,"failureMessages":[],"meta":{}},{"ancestorTitles":["Comments Workflow Integration","Comment Validation"],"fullName":"Comments Workflow Integration Comment Validation should trim whitespace from comment content","status":"passed","title":"should trim whitespace from comment content","duration":51.91604200000006,"failureMessages":[],"meta":{}},{"ancestorTitles":["Comments Workflow Integration","Comment Validation"],"fullName":"Comments Workflow Integration Comment Validation should reject comment with only whitespace","status":"passed","title":"should reject comment with only whitespace","duration":86.18937500000015,"failureMessages":[],"meta":{}},{"ancestorTitles":["Comments Workflow Integration","Comment Validation"],"fullName":"Comments Workflow Integration Comment Validation should reject comment with invalid postId","status":"passed","title":"should reject comment with invalid postId","duration":11.467666999999892,"failureMessages":[],"meta":{}},{"ancestorTitles":["Comments Workflow Integration","Delete Comments"],"fullName":"Comments Workflow Integration Delete Comments should delete own comment successfully","status":"passed","title":"should delete own comment successfully","duration":74.7218329999996,"failureMessages":[],"meta":{}},{"ancestorTitles":["Comments Workflow Integration","Delete Comments"],"fullName":"Comments Workflow Integration Delete Comments should return 403 when non-owner tries to delete","status":"passed","title":"should return 403 when non-owner tries to delete","duration":11.434499999999844,"failureMessages":[],"meta":{}},{"ancestorTitles":["Comments Workflow Integration","Delete Comments"],"fullName":"Comments Workflow Integration Delete Comments should be idempotent when deleting non-existent comment","status":"passed","title":"should be idempotent when deleting non-existent comment","duration":10.358083999999963,"failureMessages":[],"meta":{}},{"ancestorTitles":["Comments Workflow Integration","Delete Comments"],"fullName":"Comments Workflow Integration Delete Comments should verify comment is removed from list","status":"passed","title":"should verify comment is removed from list","duration":12.603415999999925,"failureMessages":[],"meta":{}},{"ancestorTitles":["Comments Workflow Integration","Delete Comments"],"fullName":"Comments Workflow Integration Delete Comments should return 400 when deleting with invalid commentId","status":"passed","title":"should return 400 when deleting with invalid commentId","duration":1.8792909999997391,"failureMessages":[],"meta":{}},{"ancestorTitles":["Comments Workflow Integration","Stream Processor Verification"],"fullName":"Comments Workflow Integration Stream Processor Verification should increment commentsCount after creating comment","status":"passed","title":"should increment commentsCount after creating comment","duration":3045.095625,"failureMessages":[],"meta":{}},{"ancestorTitles":["Comments Workflow Integration","Stream Processor Verification"],"fullName":"Comments Workflow Integration Stream Processor Verification should decrement commentsCount after deleting comment","status":"passed","title":"should decrement commentsCount after deleting comment","duration":3036.45625,"failureMessages":[],"meta":{}},{"ancestorTitles":["Comments Workflow Integration","Authorization"],"fullName":"Comments Workflow Integration Authorization should require authentication for creating comments","status":"passed","title":"should require authentication for creating comments","duration":1.858790999998746,"failureMessages":[],"meta":{}},{"ancestorTitles":["Comments Workflow Integration","Authorization"],"fullName":"Comments Workflow Integration Authorization should require authentication for deleting comments","status":"passed","title":"should require authentication for deleting comments","duration":0.9461249999985739,"failureMessages":[],"meta":{}},{"ancestorTitles":["Comments Workflow Integration","Authorization"],"fullName":"Comments Workflow Integration Authorization should allow unauthenticated access to get comments","status":"passed","title":"should allow unauthenticated access to get comments","duration":12.196666999998342,"failureMessages":[],"meta":{}},{"ancestorTitles":["Comments Workflow Integration","Authorization"],"fullName":"Comments Workflow Integration Authorization should reject invalid Bearer token","status":"passed","title":"should reject invalid Bearer token","duration":2.138667000001078,"failureMessages":[],"meta":{}},{"ancestorTitles":["Comments Workflow Integration","Authorization"],"fullName":"Comments Workflow Integration Authorization should reject malformed Authorization header","status":"passed","title":"should reject malformed Authorization header","duration":0.7647500000002765,"failureMessages":[],"meta":{}}],"startTime":1760373272660,"endTime":1760373279721.7646,"status":"passed","message":"","name":"/Users/shaperosteve/social-media-app/packages/integration-tests/src/scenarios/comments-workflow.test.ts"},{"assertionResults":[{"ancestorTitles":["Instagram-Like Read State","Core Instagram-Like Behavior"],"fullName":"Instagram-Like Read State Core Instagram-Like Behavior should never show posts marked as read again","status":"passed","title":"should never show posts marked as read again","duration":5351.9731249999995,"failureMessages":[],"meta":{}},{"ancestorTitles":["Instagram-Like Read State","Core Instagram-Like Behavior"],"fullName":"Instagram-Like Read State Core Instagram-Like Behavior should handle marking non-existent posts gracefully","status":"passed","title":"should handle marking non-existent posts gracefully","duration":4.600250000000415,"failureMessages":[],"meta":{}},{"ancestorTitles":["Instagram-Like Read State","Core Instagram-Like Behavior"],"fullName":"Instagram-Like Read State Core Instagram-Like Behavior should handle empty postIds array","status":"passed","title":"should handle empty postIds array","duration":1.2482920000002196,"failureMessages":[],"meta":{}},{"ancestorTitles":["Instagram-Like Read State","Core Instagram-Like Behavior"],"fullName":"Instagram-Like Read State Core Instagram-Like Behavior should reject marking more than 50 posts at once","status":"passed","title":"should reject marking more than 50 posts at once","duration":1.0452500000001237,"failureMessages":[],"meta":{}},{"ancestorTitles":["Instagram-Like Read State","Core Instagram-Like Behavior"],"fullName":"Instagram-Like Read State Core Instagram-Like Behavior should require authentication for marking posts as read","status":"passed","title":"should require authentication for marking posts as read","duration":0.7249579999997877,"failureMessages":[],"meta":{}},{"ancestorTitles":["Instagram-Like Read State","Feed Repopulation Scenarios"],"fullName":"Instagram-Like Read State Feed Repopulation Scenarios should preserve read state after simulated cache loss","status":"passed","title":"should preserve read state after simulated cache loss","duration":6107.49425,"failureMessages":[],"meta":{}},{"ancestorTitles":["Instagram-Like Read State","Feed Repopulation Scenarios"],"fullName":"Instagram-Like Read State Feed Repopulation Scenarios should mark posts as unread by default when created","status":"passed","title":"should mark posts as unread by default when created","duration":3038.170082999999,"failureMessages":[],"meta":{}},{"ancestorTitles":["Instagram-Like Read State","Read State Metadata"],"fullName":"Instagram-Like Read State Read State Metadata should track readAt timestamp when marking posts as read","status":"passed","title":"should track readAt timestamp when marking posts as read","duration":241.62145800000144,"failureMessages":[],"meta":{}}],"startTime":1760373272589,"endTime":1760373287335.6213,"status":"passed","message":"","name":"/Users/shaperosteve/social-media-app/packages/integration-tests/src/scenarios/feed-read-state.test.ts"},{"assertionResults":[{"ancestorTitles":["Feed Workflow Integration","Normal User Flow (Materialized Feed)"],"fullName":"Feed Workflow Integration Normal User Flow (Materialized Feed) should fan out posts from normal users to followers materialized feeds","status":"passed","title":"should fan out posts from normal users to followers materialized feeds","duration":4174.173084,"failureMessages":[],"meta":{}},{"ancestorTitles":["Feed Workflow Integration","Normal User Flow (Materialized Feed)"],"fullName":"Feed Workflow Integration Normal User Flow (Materialized Feed) should handle multiple normal users posting to materialized feeds","status":"passed","title":"should handle multiple normal users posting to materialized feeds","duration":4099.007417,"failureMessages":[],"meta":{}},{"ancestorTitles":["Feed Workflow Integration","Celebrity Flow (Query-Time Feed)"],"fullName":"Feed Workflow Integration Celebrity Flow (Query-Time Feed) should skip fan-out for celebrity posts and fetch at query time","status":"skipped","title":"should skip fan-out for celebrity posts and fetch at query time","failureMessages":[],"meta":{}},{"ancestorTitles":["Feed Workflow Integration","Celebrity Flow (Query-Time Feed)"],"fullName":"Feed Workflow Integration Celebrity Flow (Query-Time Feed) should handle multiple celebrity posts efficiently","status":"skipped","title":"should handle multiple celebrity posts efficiently","failureMessages":[],"meta":{}},{"ancestorTitles":["Feed Workflow Integration","Hybrid Flow (Mixed Normal + Celebrity)"],"fullName":"Feed Workflow Integration Hybrid Flow (Mixed Normal + Celebrity) should merge materialized and query-time feeds correctly","status":"skipped","title":"should merge materialized and query-time feeds correctly","failureMessages":[],"meta":{}},{"ancestorTitles":["Feed Workflow Integration","Hybrid Flow (Mixed Normal + Celebrity)"],"fullName":"Feed Workflow Integration Hybrid Flow (Mixed Normal + Celebrity) should deduplicate posts if they appear in both sources","status":"passed","title":"should deduplicate posts if they appear in both sources","duration":13.610333999999057,"failureMessages":[],"meta":{}},{"ancestorTitles":["Feed Workflow Integration","Feed Cleanup on Unfollow"],"fullName":"Feed Workflow Integration Feed Cleanup on Unfollow should remove posts from materialized feed when unfollowing","status":"passed","title":"should remove posts from materialized feed when unfollowing","duration":3040.903375,"failureMessages":[],"meta":{}},{"ancestorTitles":["Feed Workflow Integration","Feed Cleanup on Unfollow"],"fullName":"Feed Workflow Integration Feed Cleanup on Unfollow should not affect celebrity posts on unfollow (query-time)","status":"skipped","title":"should not affect celebrity posts on unfollow (query-time)","failureMessages":[],"meta":{}},{"ancestorTitles":["Feed Workflow Integration","Feed Cleanup on Post Deletion"],"fullName":"Feed Workflow Integration Feed Cleanup on Post Deletion should remove deleted posts from all followers feeds","status":"failed","title":"should remove deleted posts from all followers feeds","duration":4248.316792000001,"failureMessages":["HttpClientError: HTTP 500: Internal Server Error\n    at HttpClient.request (/Users/shaperosteve/social-media-app/packages/integration-tests/src/utils/http-client.ts:102:15)\n    at processTicksAndRejections (node:internal/process/task_queues:105:5)\n    at /Users/shaperosteve/social-media-app/packages/integration-tests/src/scenarios/feed-workflow.test.ts:587:30\n    at file:///Users/shaperosteve/social-media-app/node_modules/.pnpm/@vitest+runner@2.1.9/node_modules/@vitest/runner/dist/index.js:533:5\n    at runTest (file:///Users/shaperosteve/social-media-app/node_modules/.pnpm/@vitest+runner@2.1.9/node_modules/@vitest/runner/dist/index.js:1056:11)\n    at runSuite (file:///Users/shaperosteve/social-media-app/node_modules/.pnpm/@vitest+runner@2.1.9/node_modules/@vitest/runner/dist/index.js:1205:15)\n    at runSuite (file:///Users/shaperosteve/social-media-app/node_modules/.pnpm/@vitest+runner@2.1.9/node_modules/@vitest/runner/dist/index.js:1205:15)\n    at runSuite (file:///Users/shaperosteve/social-media-app/node_modules/.pnpm/@vitest+runner@2.1.9/node_modules/@vitest/runner/dist/index.js:1205:15)\n    at runFiles (file:///Users/shaperosteve/social-media-app/node_modules/.pnpm/@vitest+runner@2.1.9/node_modules/@vitest/runner/dist/index.js:1262:5)\n    at startTests (file:///Users/shaperosteve/social-media-app/node_modules/.pnpm/@vitest+runner@2.1.9/node_modules/@vitest/runner/dist/index.js:1271:3)"],"meta":{}},{"ancestorTitles":["Feed Workflow Integration","Feed Pagination"],"fullName":"Feed Workflow Integration Feed Pagination should support pagination with limit","status":"passed","title":"should support pagination with limit","duration":10643.792125,"failureMessages":[],"meta":{}},{"ancestorTitles":["Feed Workflow Integration","Feed Pagination"],"fullName":"Feed Workflow Integration Feed Pagination should handle pagination with no posts","status":"passed","title":"should handle pagination with no posts","duration":61.840415999999095,"failureMessages":[],"meta":{}},{"ancestorTitles":["Feed Workflow Integration","Feed TTL (7 days)"],"fullName":"Feed Workflow Integration Feed TTL (7 days) should set TTL on feed items to expire after 7 days","status":"passed","title":"should set TTL on feed items to expire after 7 days","duration":4184.3398750000015,"failureMessages":[],"meta":{}},{"ancestorTitles":["Feed Workflow Integration","Error Handling and Edge Cases"],"fullName":"Feed Workflow Integration Error Handling and Edge Cases should handle fetching feed without authentication","status":"passed","title":"should handle fetching feed without authentication","duration":1.6124999999992724,"failureMessages":[],"meta":{}},{"ancestorTitles":["Feed Workflow Integration","Error Handling and Edge Cases"],"fullName":"Feed Workflow Integration Error Handling and Edge Cases should handle invalid pagination parameters","status":"passed","title":"should handle invalid pagination parameters","duration":2.5445419999996375,"failureMessages":[],"meta":{}},{"ancestorTitles":["Feed Workflow Integration","Error Handling and Edge Cases"],"fullName":"Feed Workflow Integration Error Handling and Edge Cases should handle concurrent posts and follows gracefully","status":"failed","title":"should handle concurrent posts and follows gracefully","duration":66.3215420000015,"failureMessages":["HttpClientError: HTTP 400: Bad Request\n    at HttpClient.request (/Users/shaperosteve/social-media-app/packages/integration-tests/src/utils/http-client.ts:102:15)\n    at processTicksAndRejections (node:internal/process/task_queues:105:5)\n    at /Users/shaperosteve/social-media-app/packages/integration-tests/src/scenarios/feed-workflow.test.ts:908:42\n    at file:///Users/shaperosteve/social-media-app/node_modules/.pnpm/@vitest+runner@2.1.9/node_modules/@vitest/runner/dist/index.js:533:5\n    at runTest (file:///Users/shaperosteve/social-media-app/node_modules/.pnpm/@vitest+runner@2.1.9/node_modules/@vitest/runner/dist/index.js:1056:11)\n    at runSuite (file:///Users/shaperosteve/social-media-app/node_modules/.pnpm/@vitest+runner@2.1.9/node_modules/@vitest/runner/dist/index.js:1205:15)\n    at runSuite (file:///Users/shaperosteve/social-media-app/node_modules/.pnpm/@vitest+runner@2.1.9/node_modules/@vitest/runner/dist/index.js:1205:15)\n    at runSuite (file:///Users/shaperosteve/social-media-app/node_modules/.pnpm/@vitest+runner@2.1.9/node_modules/@vitest/runner/dist/index.js:1205:15)\n    at runFiles (file:///Users/shaperosteve/social-media-app/node_modules/.pnpm/@vitest+runner@2.1.9/node_modules/@vitest/runner/dist/index.js:1262:5)\n    at startTests (file:///Users/shaperosteve/social-media-app/node_modules/.pnpm/@vitest+runner@2.1.9/node_modules/@vitest/runner/dist/index.js:1271:3)"],"meta":{}}],"startTime":1760373273128,"endTime":1760373303665.3215,"status":"failed","message":"","name":"/Users/shaperosteve/social-media-app/packages/integration-tests/src/scenarios/feed-workflow.test.ts"},{"assertionResults":[{"ancestorTitles":["Follows Workflow Integration","Follow and Unfollow Operations"],"fullName":"Follows Workflow Integration Follow and Unfollow Operations should follow a user successfully","status":"passed","title":"should follow a user successfully","duration":144.90266699999984,"failureMessages":[],"meta":{}},{"ancestorTitles":["Follows Workflow Integration","Follow and Unfollow Operations"],"fullName":"Follows Workflow Integration Follow and Unfollow Operations should be idempotent when following the same user twice","status":"passed","title":"should be idempotent when following the same user twice","duration":104.31666599999994,"failureMessages":[],"meta":{}},{"ancestorTitles":["Follows Workflow Integration","Follow and Unfollow Operations"],"fullName":"Follows Workflow Integration Follow and Unfollow Operations should get follow status for a user","status":"passed","title":"should get follow status for a user","duration":52.86533399999985,"failureMessages":[],"meta":{}},{"ancestorTitles":["Follows Workflow Integration","Follow and Unfollow Operations"],"fullName":"Follows Workflow Integration Follow and Unfollow Operations should unfollow a user successfully","status":"passed","title":"should unfollow a user successfully","duration":70.84554200000002,"failureMessages":[],"meta":{}},{"ancestorTitles":["Follows Workflow Integration","Follow and Unfollow Operations"],"fullName":"Follows Workflow Integration Follow and Unfollow Operations should be idempotent when unfollowing a user not followed","status":"passed","title":"should be idempotent when unfollowing a user not followed","duration":23.27791699999989,"failureMessages":[],"meta":{}},{"ancestorTitles":["Follows Workflow Integration","Mutual Follow Relationships"],"fullName":"Follows Workflow Integration Mutual Follow Relationships should allow mutual follows","status":"passed","title":"should allow mutual follows","duration":263.47533299999986,"failureMessages":[],"meta":{}},{"ancestorTitles":["Follows Workflow Integration","Mutual Follow Relationships"],"fullName":"Follows Workflow Integration Mutual Follow Relationships should handle multiple followers for one user","status":"passed","title":"should handle multiple followers for one user","duration":137.23137499999984,"failureMessages":[],"meta":{}},{"ancestorTitles":["Follows Workflow Integration","Error Handling"],"fullName":"Follows Workflow Integration Error Handling should return 401 when following without authentication","status":"passed","title":"should return 401 when following without authentication","duration":1.1557920000000195,"failureMessages":[],"meta":{}},{"ancestorTitles":["Follows Workflow Integration","Error Handling"],"fullName":"Follows Workflow Integration Error Handling should return 400 when following with invalid userId","status":"passed","title":"should return 400 when following with invalid userId","duration":1.14779099999987,"failureMessages":[],"meta":{}},{"ancestorTitles":["Follows Workflow Integration","Error Handling"],"fullName":"Follows Workflow Integration Error Handling should return false when checking follow status for user not followed","status":"passed","title":"should return false when checking follow status for user not followed","duration":197.06016599999975,"failureMessages":[],"meta":{}}],"startTime":1760373272528,"endTime":1760373273524.06,"status":"passed","message":"","name":"/Users/shaperosteve/social-media-app/packages/integration-tests/src/scenarios/follows-workflow.test.ts"},{"assertionResults":[{"ancestorTitles":["LocalStack Image Upload Integration","Presigned URL Generation"],"fullName":"LocalStack Image Upload Integration Presigned URL Generation should generate LocalStack presigned URLs for post images","status":"passed","title":"should generate LocalStack presigned URLs for post images","duration":116.69924999999989,"failureMessages":[],"meta":{}},{"ancestorTitles":["LocalStack Image Upload Integration","Presigned URL Generation"],"fullName":"LocalStack Image Upload Integration Presigned URL Generation should generate LocalStack presigned URLs for profile pictures","status":"passed","title":"should generate LocalStack presigned URLs for profile pictures","duration":125.86287500000003,"failureMessages":[],"meta":{}},{"ancestorTitles":["LocalStack Image Upload Integration","Post Creation with LocalStack Images"],"fullName":"LocalStack Image Upload Integration Post Creation with LocalStack Images should create post with LocalStack image URLs","status":"passed","title":"should create post with LocalStack image URLs","duration":206.8296670000002,"failureMessages":[],"meta":{}},{"ancestorTitles":["LocalStack Image Upload Integration","Post Creation with LocalStack Images"],"fullName":"LocalStack Image Upload Integration Post Creation with LocalStack Images should maintain LocalStack URLs in post retrieval","status":"passed","title":"should maintain LocalStack URLs in post retrieval","duration":268.45399999999995,"failureMessages":[],"meta":{}},{"ancestorTitles":["LocalStack Image Upload Integration","Error Handling"],"fullName":"LocalStack Image Upload Integration Error Handling should handle invalid file types gracefully","status":"passed","title":"should handle invalid file types gracefully","duration":68.58441700000003,"failureMessages":[],"meta":{}},{"ancestorTitles":["LocalStack Image Upload Integration","Error Handling"],"fullName":"LocalStack Image Upload Integration Error Handling should handle unauthenticated requests","status":"passed","title":"should handle unauthenticated requests","duration":88.72904200000016,"failureMessages":[],"meta":{}}],"startTime":1760373272415,"endTime":1760373273290.729,"status":"passed","message":"","name":"/Users/shaperosteve/social-media-app/packages/integration-tests/src/scenarios/image-upload.test.ts"},{"assertionResults":[{"ancestorTitles":["Likes Workflow Integration","Like and Unlike Operations"],"fullName":"Likes Workflow Integration Like and Unlike Operations should like a post successfully","status":"passed","title":"should like a post successfully","duration":77.69575000000009,"failureMessages":[],"meta":{}},{"ancestorTitles":["Likes Workflow Integration","Like and Unlike Operations"],"fullName":"Likes Workflow Integration Like and Unlike Operations should be idempotent when liking the same post twice","status":"passed","title":"should be idempotent when liking the same post twice","duration":78.01625000000013,"failureMessages":[],"meta":{}},{"ancestorTitles":["Likes Workflow Integration","Like and Unlike Operations"],"fullName":"Likes Workflow Integration Like and Unlike Operations should get like status for a post","status":"passed","title":"should get like status for a post","duration":51.4409169999999,"failureMessages":[],"meta":{}},{"ancestorTitles":["Likes Workflow Integration","Like and Unlike Operations"],"fullName":"Likes Workflow Integration Like and Unlike Operations should unlike a post successfully","status":"passed","title":"should unlike a post successfully","duration":60.49866599999996,"failureMessages":[],"meta":{}},{"ancestorTitles":["Likes Workflow Integration","Like and Unlike Operations"],"fullName":"Likes Workflow Integration Like and Unlike Operations should be idempotent when unliking a post not liked","status":"passed","title":"should be idempotent when unliking a post not liked","duration":40.116250000000036,"failureMessages":[],"meta":{}},{"ancestorTitles":["Likes Workflow Integration","Multiple Users Liking"],"fullName":"Likes Workflow Integration Multiple Users Liking should allow multiple users to like the same post","status":"passed","title":"should allow multiple users to like the same post","duration":278.756167,"failureMessages":[],"meta":{}},{"ancestorTitles":["Likes Workflow Integration","Error Handling"],"fullName":"Likes Workflow Integration Error Handling should return 401 when liking without authentication","status":"passed","title":"should return 401 when liking without authentication","duration":31.45612499999993,"failureMessages":[],"meta":{}},{"ancestorTitles":["Likes Workflow Integration","Error Handling"],"fullName":"Likes Workflow Integration Error Handling should return 400 when liking with invalid postId","status":"passed","title":"should return 400 when liking with invalid postId","duration":1.9237499999999272,"failureMessages":[],"meta":{}}],"startTime":1760373272657,"endTime":1760373273276.9238,"status":"passed","message":"","name":"/Users/shaperosteve/social-media-app/packages/integration-tests/src/scenarios/likes-workflow.test.ts"},{"assertionResults":[{"ancestorTitles":["Notifications Workflow Integration","Create Notifications via Interactions"],"fullName":"Notifications Workflow Integration Create Notifications via Interactions should create notification when user likes a post","status":"passed","title":"should create notification when user likes a post","duration":1167.1561249999997,"failureMessages":[],"meta":{}},{"ancestorTitles":["Notifications Workflow Integration","Create Notifications via Interactions"],"fullName":"Notifications Workflow Integration Create Notifications via Interactions should create notification when user comments on a post","status":"passed","title":"should create notification when user comments on a post","duration":1162.7253330000003,"failureMessages":[],"meta":{}},{"ancestorTitles":["Notifications Workflow Integration","Create Notifications via Interactions"],"fullName":"Notifications Workflow Integration Create Notifications via Interactions should create notification when user follows another user","status":"passed","title":"should create notification when user follows another user","duration":1037.7381250000003,"failureMessages":[],"meta":{}},{"ancestorTitles":["Notifications Workflow Integration","Fetch Notifications List"],"fullName":"Notifications Workflow Integration Fetch Notifications List should retrieve all notifications for user","status":"passed","title":"should retrieve all notifications for user","duration":12.64929200000006,"failureMessages":[],"meta":{}},{"ancestorTitles":["Notifications Workflow Integration","Fetch Notifications List"],"fullName":"Notifications Workflow Integration Fetch Notifications List should respect pagination limit","status":"passed","title":"should respect pagination limit","duration":12.949665999999525,"failureMessages":[],"meta":{}},{"ancestorTitles":["Notifications Workflow Integration","Fetch Notifications List"],"fullName":"Notifications Workflow Integration Fetch Notifications List should support pagination with cursor","status":"passed","title":"should support pagination with cursor","duration":18.306667000000743,"failureMessages":[],"meta":{}},{"ancestorTitles":["Notifications Workflow Integration","Fetch Notifications List"],"fullName":"Notifications Workflow Integration Fetch Notifications List should filter notifications by status (unread)","status":"passed","title":"should filter notifications by status (unread)","duration":9.943665999999212,"failureMessages":[],"meta":{}},{"ancestorTitles":["Notifications Workflow Integration","Fetch Notifications List"],"fullName":"Notifications Workflow Integration Fetch Notifications List should return empty array for user with no notifications","status":"passed","title":"should return empty array for user with no notifications","duration":8.20075000000088,"failureMessages":[],"meta":{}},{"ancestorTitles":["Notifications Workflow Integration","Unread Count"],"fullName":"Notifications Workflow Integration Unread Count should get unread notification count","status":"passed","title":"should get unread notification count","duration":5.423624999999447,"failureMessages":[],"meta":{}},{"ancestorTitles":["Notifications Workflow Integration","Unread Count"],"fullName":"Notifications Workflow Integration Unread Count should return zero for user with no unread notifications","status":"passed","title":"should return zero for user with no unread notifications","duration":5.586667000000489,"failureMessages":[],"meta":{}},{"ancestorTitles":["Notifications Workflow Integration","Mark Notifications as Read"],"fullName":"Notifications Workflow Integration Mark Notifications as Read should mark single notification as read","status":"passed","title":"should mark single notification as read","duration":34.22358299999996,"failureMessages":[],"meta":{}},{"ancestorTitles":["Notifications Workflow Integration","Mark Notifications as Read"],"fullName":"Notifications Workflow Integration Mark Notifications as Read should be idempotent when marking already-read notification","status":"passed","title":"should be idempotent when marking already-read notification","duration":13.890915999999379,"failureMessages":[],"meta":{}},{"ancestorTitles":["Notifications Workflow Integration","Mark Notifications as Read"],"fullName":"Notifications Workflow Integration Mark Notifications as Read should update unread count after marking as read","status":"passed","title":"should update unread count after marking as read","duration":11.899000000000342,"failureMessages":[],"meta":{}},{"ancestorTitles":["Notifications Workflow Integration","Mark All Notifications as Read"],"fullName":"Notifications Workflow Integration Mark All Notifications as Read should mark all notifications as read","status":"passed","title":"should mark all notifications as read","duration":37.65779200000088,"failureMessages":[],"meta":{}},{"ancestorTitles":["Notifications Workflow Integration","Mark All Notifications as Read"],"fullName":"Notifications Workflow Integration Mark All Notifications as Read should be idempotent when no unread notifications exist","status":"passed","title":"should be idempotent when no unread notifications exist","duration":4.73883399999977,"failureMessages":[],"meta":{}},{"ancestorTitles":["Notifications Workflow Integration","Delete Notifications"],"fullName":"Notifications Workflow Integration Delete Notifications should delete notification successfully","status":"passed","title":"should delete notification successfully","duration":24.648041999999805,"failureMessages":[],"meta":{}},{"ancestorTitles":["Notifications Workflow Integration","Delete Notifications"],"fullName":"Notifications Workflow Integration Delete Notifications should be idempotent when deleting non-existent notification","status":"passed","title":"should be idempotent when deleting non-existent notification","duration":4.29175000000032,"failureMessages":[],"meta":{}},{"ancestorTitles":["Notifications Workflow Integration","Delete Notifications"],"fullName":"Notifications Workflow Integration Delete Notifications should return 403 when trying to delete another user's notification","status":"passed","title":"should return 403 when trying to delete another user's notification","duration":12.128332999999657,"failureMessages":[],"meta":{}},{"ancestorTitles":["Notifications Workflow Integration","Authorization"],"fullName":"Notifications Workflow Integration Authorization should require authentication for getting notifications","status":"passed","title":"should require authentication for getting notifications","duration":0.5941250000005311,"failureMessages":[],"meta":{}},{"ancestorTitles":["Notifications Workflow Integration","Authorization"],"fullName":"Notifications Workflow Integration Authorization should require authentication for getting unread count","status":"passed","title":"should require authentication for getting unread count","duration":0.4558339999994132,"failureMessages":[],"meta":{}},{"ancestorTitles":["Notifications Workflow Integration","Authorization"],"fullName":"Notifications Workflow Integration Authorization should require authentication for marking as read","status":"passed","title":"should require authentication for marking as read","duration":0.6074170000001686,"failureMessages":[],"meta":{}},{"ancestorTitles":["Notifications Workflow Integration","Authorization"],"fullName":"Notifications Workflow Integration Authorization should require authentication for marking all as read","status":"passed","title":"should require authentication for marking all as read","duration":0.5730830000002243,"failureMessages":[],"meta":{}},{"ancestorTitles":["Notifications Workflow Integration","Authorization"],"fullName":"Notifications Workflow Integration Authorization should require authentication for deleting notifications","status":"passed","title":"should require authentication for deleting notifications","duration":0.48283400000036636,"failureMessages":[],"meta":{}},{"ancestorTitles":["Notifications Workflow Integration","Authorization"],"fullName":"Notifications Workflow Integration Authorization should reject invalid Bearer token","status":"passed","title":"should reject invalid Bearer token","duration":0.5745409999999538,"failureMessages":[],"meta":{}},{"ancestorTitles":["Notifications Workflow Integration","Validation"],"fullName":"Notifications Workflow Integration Validation should reject invalid notificationId format","status":"passed","title":"should reject invalid notificationId format","duration":0.5865420000000086,"failureMessages":[],"meta":{}},{"ancestorTitles":["Notifications Workflow Integration","Validation"],"fullName":"Notifications Workflow Integration Validation should reject invalid limit parameter","status":"passed","title":"should reject invalid limit parameter","duration":0.6051660000002812,"failureMessages":[],"meta":{}},{"ancestorTitles":["Notifications Workflow Integration","Validation"],"fullName":"Notifications Workflow Integration Validation should reject limit exceeding maximum","status":"passed","title":"should reject limit exceeding maximum","duration":0.5027079999999842,"failureMessages":[],"meta":{}},{"ancestorTitles":["Notifications Workflow Integration","Validation"],"fullName":"Notifications Workflow Integration Validation should reject invalid filter parameter","status":"passed","title":"should reject invalid filter parameter","duration":0.5129170000000158,"failureMessages":[],"meta":{}}],"startTime":1760373272813,"endTime":1760373276403.513,"status":"passed","message":"","name":"/Users/shaperosteve/social-media-app/packages/integration-tests/src/scenarios/notifications-workflow.test.ts"},{"assertionResults":[{"ancestorTitles":["User Lifecycle Integration","User Registration and Profile Creation"],"fullName":"User Lifecycle Integration User Registration and Profile Creation should complete full user registration → profile creation workflow","status":"passed","title":"should complete full user registration → profile creation workflow","duration":860.7551659999999,"failureMessages":[],"meta":{}},{"ancestorTitles":["User Lifecycle Integration","Profile Handle Management"],"fullName":"User Lifecycle Integration Profile Handle Management should enforce handle uniqueness","status":"passed","title":"should enforce handle uniqueness","duration":428.48254199999997,"failureMessages":[],"meta":{}},{"ancestorTitles":["User Lifecycle Integration","Error Handling"],"fullName":"User Lifecycle Integration Error Handling should handle registration with duplicate email","status":"passed","title":"should handle registration with duplicate email","duration":157.669625,"failureMessages":[],"meta":{}},{"ancestorTitles":["User Lifecycle Integration","Error Handling"],"fullName":"User Lifecycle Integration Error Handling should handle registration with duplicate username","status":"passed","title":"should handle registration with duplicate username","duration":146.12341700000002,"failureMessages":[],"meta":{}},{"ancestorTitles":["User Lifecycle Integration","Error Handling"],"fullName":"User Lifecycle Integration Error Handling should handle weak passwords","status":"passed","title":"should handle weak passwords","duration":1.1558340000001408,"failureMessages":[],"meta":{}}],"startTime":1760373272004,"endTime":1760373273598.1558,"status":"passed","message":"","name":"/Users/shaperosteve/social-media-app/packages/integration-tests/src/scenarios/user-lifecycle.test.ts"},{"assertionResults":[{"ancestorTitles":["Test Factory Functions","createTestUser"],"fullName":"Test Factory Functions createTestUser should create a test user with default prefix","status":"passed","title":"should create a test user with default prefix","duration":615.4815839999999,"failureMessages":[],"meta":{}},{"ancestorTitles":["Test Factory Functions","createTestUser"],"fullName":"Test Factory Functions createTestUser should create a test user with custom prefix","status":"passed","title":"should create a test user with custom prefix","duration":211.05495799999994,"failureMessages":[],"meta":{}},{"ancestorTitles":["Test Factory Functions","createTestUser"],"fullName":"Test Factory Functions createTestUser should create a test user with custom email and username","status":"passed","title":"should create a test user with custom email and username","duration":212.7075829999999,"failureMessages":[],"meta":{}},{"ancestorTitles":["Test Factory Functions","createTestUser"],"fullName":"Test Factory Functions createTestUser should create multiple users with unique credentials","status":"passed","title":"should create multiple users with unique credentials","duration":338.5525,"failureMessages":[],"meta":{}},{"ancestorTitles":["Test Factory Functions","createTestPost"],"fullName":"Test Factory Functions createTestPost should create a test post with default options","status":"passed","title":"should create a test post with default options","duration":55.76800000000003,"failureMessages":[],"meta":{}},{"ancestorTitles":["Test Factory Functions","createTestPost"],"fullName":"Test Factory Functions createTestPost should create a test post with custom caption and tags","status":"passed","title":"should create a test post with custom caption and tags","duration":27.851250000000164,"failureMessages":[],"meta":{}},{"ancestorTitles":["Test Factory Functions","createTestPost"],"fullName":"Test Factory Functions createTestPost should create a private post","status":"passed","title":"should create a private post","duration":48.25420800000029,"failureMessages":[],"meta":{}},{"ancestorTitles":["Test Factory Functions","createTestPost"],"fullName":"Test Factory Functions createTestPost should have initial counts as 0","status":"passed","title":"should have initial counts as 0","duration":27.427042000000256,"failureMessages":[],"meta":{}},{"ancestorTitles":["Test Factory Functions","createTestPost"],"fullName":"Test Factory Functions createTestPost should create multiple posts with unique IDs","status":"passed","title":"should create multiple posts with unique IDs","duration":51.68600000000015,"failureMessages":[],"meta":{}},{"ancestorTitles":["Test Factory Functions","createTestUsers"],"fullName":"Test Factory Functions createTestUsers should create multiple users in parallel","status":"passed","title":"should create multiple users in parallel","duration":148.24016699999993,"failureMessages":[],"meta":{}},{"ancestorTitles":["Test Factory Functions","createTestUsers"],"fullName":"Test Factory Functions createTestUsers should create users with custom password","status":"passed","title":"should create users with custom password","duration":106.95870800000012,"failureMessages":[],"meta":{}},{"ancestorTitles":["Test Factory Functions","createTestUsers"],"fullName":"Test Factory Functions createTestUsers should create large batches efficiently","status":"passed","title":"should create large batches efficiently","duration":242.65266599999995,"failureMessages":[],"meta":{}},{"ancestorTitles":["Test Factory Functions","createTestPosts"],"fullName":"Test Factory Functions createTestPosts should create multiple posts in parallel","status":"passed","title":"should create multiple posts in parallel","duration":43.41854099999955,"failureMessages":[],"meta":{}},{"ancestorTitles":["Test Factory Functions","createTestPosts"],"fullName":"Test Factory Functions createTestPosts should create posts with custom options","status":"passed","title":"should create posts with custom options","duration":37.44187499999998,"failureMessages":[],"meta":{}},{"ancestorTitles":["Test Factory Functions","createTestPosts"],"fullName":"Test Factory Functions createTestPosts should create large batches efficiently","status":"passed","title":"should create large batches efficiently","duration":67.18425000000025,"failureMessages":[],"meta":{}},{"ancestorTitles":["Test Factory Functions","Integration - Combined Factories"],"fullName":"Test Factory Functions Integration - Combined Factories should create users and posts together","status":"passed","title":"should create users and posts together","duration":192.93820899999992,"failureMessages":[],"meta":{}}],"startTime":1760373272004,"endTime":1760373274660.9382,"status":"passed","message":"","name":"/Users/shaperosteve/social-media-app/packages/integration-tests/src/utils/test-factories.test.ts"}]}