{"numTotalTestSuites":37,"numPassedTestSuites":37,"numFailedTestSuites":0,"numPendingTestSuites":0,"numTotalTests":80,"numPassedTests":80,"numFailedTests":0,"numPendingTests":0,"numTodoTests":0,"snapshot":{"added":0,"failure":false,"filesAdded":0,"filesRemoved":0,"filesRemovedList":[],"filesUnmatched":0,"filesUpdated":0,"matched":0,"total":0,"unchecked":0,"uncheckedKeysByFile":[],"unmatched":0,"updated":0,"didUpdate":false},"startTime":1760302079822,"success":true,"testResults":[{"assertionResults":[{"ancestorTitles":["Comments Workflow Integration","Create and Retrieve Comments"],"fullName":"Comments Workflow Integration Create and Retrieve Comments should create a comment on a post successfully","status":"passed","title":"should create a comment on a post successfully","duration":77.54283399999997,"failureMessages":[],"meta":{}},{"ancestorTitles":["Comments Workflow Integration","Create and Retrieve Comments"],"fullName":"Comments Workflow Integration Create and Retrieve Comments should create a second comment by different user","status":"passed","title":"should create a second comment by different user","duration":60.178750000000036,"failureMessages":[],"meta":{}},{"ancestorTitles":["Comments Workflow Integration","Create and Retrieve Comments"],"fullName":"Comments Workflow Integration Create and Retrieve Comments should retrieve all comments for a post","status":"passed","title":"should retrieve all comments for a post","duration":47.87783300000001,"failureMessages":[],"meta":{}},{"ancestorTitles":["Comments Workflow Integration","Create and Retrieve Comments"],"fullName":"Comments Workflow Integration Create and Retrieve Comments should respect pagination limit","status":"passed","title":"should respect pagination limit","duration":17.385999999999967,"failureMessages":[],"meta":{}},{"ancestorTitles":["Comments Workflow Integration","Create and Retrieve Comments"],"fullName":"Comments Workflow Integration Create and Retrieve Comments should support pagination with cursor","status":"passed","title":"should support pagination with cursor","duration":115.15066699999988,"failureMessages":[],"meta":{}},{"ancestorTitles":["Comments Workflow Integration","Create and Retrieve Comments"],"fullName":"Comments Workflow Integration Create and Retrieve Comments should return empty array for post with no comments","status":"passed","title":"should return empty array for post with no comments","duration":159.759458,"failureMessages":[],"meta":{}},{"ancestorTitles":["Comments Workflow Integration","Comment Validation"],"fullName":"Comments Workflow Integration Comment Validation should reject empty comment content","status":"passed","title":"should reject empty comment content","duration":2.0060000000000855,"failureMessages":[],"meta":{}},{"ancestorTitles":["Comments Workflow Integration","Comment Validation"],"fullName":"Comments Workflow Integration Comment Validation should reject comment exceeding 500 characters","status":"passed","title":"should reject comment exceeding 500 characters","duration":1.1552500000000236,"failureMessages":[],"meta":{}},{"ancestorTitles":["Comments Workflow Integration","Comment Validation"],"fullName":"Comments Workflow Integration Comment Validation should trim whitespace from comment content","status":"passed","title":"should trim whitespace from comment content","duration":54.99954200000002,"failureMessages":[],"meta":{}},{"ancestorTitles":["Comments Workflow Integration","Comment Validation"],"fullName":"Comments Workflow Integration Comment Validation should reject comment with only whitespace","status":"passed","title":"should reject comment with only whitespace","duration":13.088666999999987,"failureMessages":[],"meta":{}},{"ancestorTitles":["Comments Workflow Integration","Comment Validation"],"fullName":"Comments Workflow Integration Comment Validation should reject comment with invalid postId","status":"passed","title":"should reject comment with invalid postId","duration":1.116708000000017,"failureMessages":[],"meta":{}},{"ancestorTitles":["Comments Workflow Integration","Delete Comments"],"fullName":"Comments Workflow Integration Delete Comments should delete own comment successfully","status":"passed","title":"should delete own comment successfully","duration":61.090374999999995,"failureMessages":[],"meta":{}},{"ancestorTitles":["Comments Workflow Integration","Delete Comments"],"fullName":"Comments Workflow Integration Delete Comments should return 403 when non-owner tries to delete","status":"passed","title":"should return 403 when non-owner tries to delete","duration":8.847374999999829,"failureMessages":[],"meta":{}},{"ancestorTitles":["Comments Workflow Integration","Delete Comments"],"fullName":"Comments Workflow Integration Delete Comments should be idempotent when deleting non-existent comment","status":"passed","title":"should be idempotent when deleting non-existent comment","duration":11.184207999999899,"failureMessages":[],"meta":{}},{"ancestorTitles":["Comments Workflow Integration","Delete Comments"],"fullName":"Comments Workflow Integration Delete Comments should verify comment is removed from list","status":"passed","title":"should verify comment is removed from list","duration":9.894832999999835,"failureMessages":[],"meta":{}},{"ancestorTitles":["Comments Workflow Integration","Delete Comments"],"fullName":"Comments Workflow Integration Delete Comments should return 400 when deleting with invalid commentId","status":"passed","title":"should return 400 when deleting with invalid commentId","duration":1.8276670000000195,"failureMessages":[],"meta":{}},{"ancestorTitles":["Comments Workflow Integration","Stream Processor Verification"],"fullName":"Comments Workflow Integration Stream Processor Verification should increment commentsCount after creating comment","status":"passed","title":"should increment commentsCount after creating comment","duration":3024.618125,"failureMessages":[],"meta":{}},{"ancestorTitles":["Comments Workflow Integration","Stream Processor Verification"],"fullName":"Comments Workflow Integration Stream Processor Verification should decrement commentsCount after deleting comment","status":"passed","title":"should decrement commentsCount after deleting comment","duration":3086.572915999999,"failureMessages":[],"meta":{}},{"ancestorTitles":["Comments Workflow Integration","Authorization"],"fullName":"Comments Workflow Integration Authorization should require authentication for creating comments","status":"passed","title":"should require authentication for creating comments","duration":1.8718330000001515,"failureMessages":[],"meta":{}},{"ancestorTitles":["Comments Workflow Integration","Authorization"],"fullName":"Comments Workflow Integration Authorization should require authentication for deleting comments","status":"passed","title":"should require authentication for deleting comments","duration":1.1305830000001151,"failureMessages":[],"meta":{}},{"ancestorTitles":["Comments Workflow Integration","Authorization"],"fullName":"Comments Workflow Integration Authorization should allow unauthenticated access to get comments","status":"passed","title":"should allow unauthenticated access to get comments","duration":11.173292000000401,"failureMessages":[],"meta":{}},{"ancestorTitles":["Comments Workflow Integration","Authorization"],"fullName":"Comments Workflow Integration Authorization should reject invalid Bearer token","status":"passed","title":"should reject invalid Bearer token","duration":1.631125000000793,"failureMessages":[],"meta":{}},{"ancestorTitles":["Comments Workflow Integration","Authorization"],"fullName":"Comments Workflow Integration Authorization should reject malformed Authorization header","status":"passed","title":"should reject malformed Authorization header","duration":0.7672920000004524,"failureMessages":[],"meta":{}}],"startTime":1760302080569,"endTime":1760302087340.7673,"status":"passed","message":"","name":"/Users/shaperosteve/social-media-app/packages/integration-tests/src/scenarios/comments-workflow.test.ts"},{"assertionResults":[{"ancestorTitles":["Follows Workflow Integration","Follow and Unfollow Operations"],"fullName":"Follows Workflow Integration Follow and Unfollow Operations should follow a user successfully","status":"passed","title":"should follow a user successfully","duration":48.23904100000016,"failureMessages":[],"meta":{}},{"ancestorTitles":["Follows Workflow Integration","Follow and Unfollow Operations"],"fullName":"Follows Workflow Integration Follow and Unfollow Operations should be idempotent when following the same user twice","status":"passed","title":"should be idempotent when following the same user twice","duration":60.21133299999997,"failureMessages":[],"meta":{}},{"ancestorTitles":["Follows Workflow Integration","Follow and Unfollow Operations"],"fullName":"Follows Workflow Integration Follow and Unfollow Operations should get follow status for a user","status":"passed","title":"should get follow status for a user","duration":39.731624999999894,"failureMessages":[],"meta":{}},{"ancestorTitles":["Follows Workflow Integration","Follow and Unfollow Operations"],"fullName":"Follows Workflow Integration Follow and Unfollow Operations should unfollow a user successfully","status":"passed","title":"should unfollow a user successfully","duration":31.294833000000153,"failureMessages":[],"meta":{}},{"ancestorTitles":["Follows Workflow Integration","Follow and Unfollow Operations"],"fullName":"Follows Workflow Integration Follow and Unfollow Operations should be idempotent when unfollowing a user not followed","status":"passed","title":"should be idempotent when unfollowing a user not followed","duration":44.61295800000016,"failureMessages":[],"meta":{}},{"ancestorTitles":["Follows Workflow Integration","Mutual Follow Relationships"],"fullName":"Follows Workflow Integration Mutual Follow Relationships should allow mutual follows","status":"passed","title":"should allow mutual follows","duration":173.96858300000008,"failureMessages":[],"meta":{}},{"ancestorTitles":["Follows Workflow Integration","Mutual Follow Relationships"],"fullName":"Follows Workflow Integration Mutual Follow Relationships should handle multiple followers for one user","status":"passed","title":"should handle multiple followers for one user","duration":62.569124999999985,"failureMessages":[],"meta":{}},{"ancestorTitles":["Follows Workflow Integration","Error Handling"],"fullName":"Follows Workflow Integration Error Handling should return 401 when following without authentication","status":"passed","title":"should return 401 when following without authentication","duration":1.0354999999999563,"failureMessages":[],"meta":{}},{"ancestorTitles":["Follows Workflow Integration","Error Handling"],"fullName":"Follows Workflow Integration Error Handling should return 400 when following with invalid userId","status":"passed","title":"should return 400 when following with invalid userId","duration":1.170082999999977,"failureMessages":[],"meta":{}},{"ancestorTitles":["Follows Workflow Integration","Error Handling"],"fullName":"Follows Workflow Integration Error Handling should return false when checking follow status for user not followed","status":"passed","title":"should return false when checking follow status for user not followed","duration":79.80758400000013,"failureMessages":[],"meta":{}}],"startTime":1760302080661,"endTime":1760302081203.8076,"status":"passed","message":"","name":"/Users/shaperosteve/social-media-app/packages/integration-tests/src/scenarios/follows-workflow.test.ts"},{"assertionResults":[{"ancestorTitles":["LocalStack Image Upload Integration","Presigned URL Generation"],"fullName":"LocalStack Image Upload Integration Presigned URL Generation should generate LocalStack presigned URLs for post images","status":"passed","title":"should generate LocalStack presigned URLs for post images","duration":85.721,"failureMessages":[],"meta":{}},{"ancestorTitles":["LocalStack Image Upload Integration","Presigned URL Generation"],"fullName":"LocalStack Image Upload Integration Presigned URL Generation should generate LocalStack presigned URLs for profile pictures","status":"passed","title":"should generate LocalStack presigned URLs for profile pictures","duration":108.95058299999994,"failureMessages":[],"meta":{}},{"ancestorTitles":["LocalStack Image Upload Integration","Post Creation with LocalStack Images"],"fullName":"LocalStack Image Upload Integration Post Creation with LocalStack Images should create post with LocalStack image URLs","status":"passed","title":"should create post with LocalStack image URLs","duration":173.23404200000004,"failureMessages":[],"meta":{}},{"ancestorTitles":["LocalStack Image Upload Integration","Post Creation with LocalStack Images"],"fullName":"LocalStack Image Upload Integration Post Creation with LocalStack Images should maintain LocalStack URLs in post retrieval","status":"passed","title":"should maintain LocalStack URLs in post retrieval","duration":160.37637500000005,"failureMessages":[],"meta":{}},{"ancestorTitles":["LocalStack Image Upload Integration","Error Handling"],"fullName":"LocalStack Image Upload Integration Error Handling should handle invalid file types gracefully","status":"passed","title":"should handle invalid file types gracefully","duration":54.07204200000001,"failureMessages":[],"meta":{}},{"ancestorTitles":["LocalStack Image Upload Integration","Error Handling"],"fullName":"LocalStack Image Upload Integration Error Handling should handle unauthenticated requests","status":"passed","title":"should handle unauthenticated requests","duration":104.95845899999995,"failureMessages":[],"meta":{}}],"startTime":1760302080236,"endTime":1760302080923.9585,"status":"passed","message":"","name":"/Users/shaperosteve/social-media-app/packages/integration-tests/src/scenarios/image-upload.test.ts"},{"assertionResults":[{"ancestorTitles":["Likes Workflow Integration","Like and Unlike Operations"],"fullName":"Likes Workflow Integration Like and Unlike Operations should like a post successfully","status":"passed","title":"should like a post successfully","duration":77.62337500000001,"failureMessages":[],"meta":{}},{"ancestorTitles":["Likes Workflow Integration","Like and Unlike Operations"],"fullName":"Likes Workflow Integration Like and Unlike Operations should be idempotent when liking the same post twice","status":"passed","title":"should be idempotent when liking the same post twice","duration":26.522917000000007,"failureMessages":[],"meta":{}},{"ancestorTitles":["Likes Workflow Integration","Like and Unlike Operations"],"fullName":"Likes Workflow Integration Like and Unlike Operations should get like status for a post","status":"passed","title":"should get like status for a post","duration":20.443083000000115,"failureMessages":[],"meta":{}},{"ancestorTitles":["Likes Workflow Integration","Like and Unlike Operations"],"fullName":"Likes Workflow Integration Like and Unlike Operations should unlike a post successfully","status":"passed","title":"should unlike a post successfully","duration":27.229249999999865,"failureMessages":[],"meta":{}},{"ancestorTitles":["Likes Workflow Integration","Like and Unlike Operations"],"fullName":"Likes Workflow Integration Like and Unlike Operations should be idempotent when unliking a post not liked","status":"passed","title":"should be idempotent when unliking a post not liked","duration":33.981708000000026,"failureMessages":[],"meta":{}},{"ancestorTitles":["Likes Workflow Integration","Multiple Users Liking"],"fullName":"Likes Workflow Integration Multiple Users Liking should allow multiple users to like the same post","status":"passed","title":"should allow multiple users to like the same post","duration":192.75066600000014,"failureMessages":[],"meta":{}},{"ancestorTitles":["Likes Workflow Integration","Error Handling"],"fullName":"Likes Workflow Integration Error Handling should return 401 when liking without authentication","status":"passed","title":"should return 401 when liking without authentication","duration":1.5082500000000891,"failureMessages":[],"meta":{}},{"ancestorTitles":["Likes Workflow Integration","Error Handling"],"fullName":"Likes Workflow Integration Error Handling should return 400 when liking with invalid postId","status":"passed","title":"should return 400 when liking with invalid postId","duration":1.1892499999999018,"failureMessages":[],"meta":{}}],"startTime":1760302080568,"endTime":1760302080950.1892,"status":"passed","message":"","name":"/Users/shaperosteve/social-media-app/packages/integration-tests/src/scenarios/likes-workflow.test.ts"},{"assertionResults":[{"ancestorTitles":["Notifications Workflow Integration","Create Notifications via Interactions"],"fullName":"Notifications Workflow Integration Create Notifications via Interactions should create notification when user likes a post","status":"passed","title":"should create notification when user likes a post","duration":1107.996625,"failureMessages":[],"meta":{}},{"ancestorTitles":["Notifications Workflow Integration","Create Notifications via Interactions"],"fullName":"Notifications Workflow Integration Create Notifications via Interactions should create notification when user comments on a post","status":"passed","title":"should create notification when user comments on a post","duration":1055.001416,"failureMessages":[],"meta":{}},{"ancestorTitles":["Notifications Workflow Integration","Create Notifications via Interactions"],"fullName":"Notifications Workflow Integration Create Notifications via Interactions should create notification when user follows another user","status":"passed","title":"should create notification when user follows another user","duration":1065.7188339999998,"failureMessages":[],"meta":{}},{"ancestorTitles":["Notifications Workflow Integration","Fetch Notifications List"],"fullName":"Notifications Workflow Integration Fetch Notifications List should retrieve all notifications for user","status":"passed","title":"should retrieve all notifications for user","duration":10.60758399999986,"failureMessages":[],"meta":{}},{"ancestorTitles":["Notifications Workflow Integration","Fetch Notifications List"],"fullName":"Notifications Workflow Integration Fetch Notifications List should respect pagination limit","status":"passed","title":"should respect pagination limit","duration":9.39474999999993,"failureMessages":[],"meta":{}},{"ancestorTitles":["Notifications Workflow Integration","Fetch Notifications List"],"fullName":"Notifications Workflow Integration Fetch Notifications List should support pagination with cursor","status":"passed","title":"should support pagination with cursor","duration":19.279291999999714,"failureMessages":[],"meta":{}},{"ancestorTitles":["Notifications Workflow Integration","Fetch Notifications List"],"fullName":"Notifications Workflow Integration Fetch Notifications List should filter notifications by status (unread)","status":"passed","title":"should filter notifications by status (unread)","duration":11.571332999999868,"failureMessages":[],"meta":{}},{"ancestorTitles":["Notifications Workflow Integration","Fetch Notifications List"],"fullName":"Notifications Workflow Integration Fetch Notifications List should return empty array for user with no notifications","status":"passed","title":"should return empty array for user with no notifications","duration":8.650290999999925,"failureMessages":[],"meta":{}},{"ancestorTitles":["Notifications Workflow Integration","Unread Count"],"fullName":"Notifications Workflow Integration Unread Count should get unread notification count","status":"passed","title":"should get unread notification count","duration":6.176167000000532,"failureMessages":[],"meta":{}},{"ancestorTitles":["Notifications Workflow Integration","Unread Count"],"fullName":"Notifications Workflow Integration Unread Count should return zero for user with no unread notifications","status":"passed","title":"should return zero for user with no unread notifications","duration":5.427708000000166,"failureMessages":[],"meta":{}},{"ancestorTitles":["Notifications Workflow Integration","Mark Notifications as Read"],"fullName":"Notifications Workflow Integration Mark Notifications as Read should mark single notification as read","status":"passed","title":"should mark single notification as read","duration":38.529459000000315,"failureMessages":[],"meta":{}},{"ancestorTitles":["Notifications Workflow Integration","Mark Notifications as Read"],"fullName":"Notifications Workflow Integration Mark Notifications as Read should be idempotent when marking already-read notification","status":"passed","title":"should be idempotent when marking already-read notification","duration":15.966707999999926,"failureMessages":[],"meta":{}},{"ancestorTitles":["Notifications Workflow Integration","Mark Notifications as Read"],"fullName":"Notifications Workflow Integration Mark Notifications as Read should update unread count after marking as read","status":"passed","title":"should update unread count after marking as read","duration":15.318125000000691,"failureMessages":[],"meta":{}},{"ancestorTitles":["Notifications Workflow Integration","Mark All Notifications as Read"],"fullName":"Notifications Workflow Integration Mark All Notifications as Read should mark all notifications as read","status":"passed","title":"should mark all notifications as read","duration":53.543666999999914,"failureMessages":[],"meta":{}},{"ancestorTitles":["Notifications Workflow Integration","Mark All Notifications as Read"],"fullName":"Notifications Workflow Integration Mark All Notifications as Read should be idempotent when no unread notifications exist","status":"passed","title":"should be idempotent when no unread notifications exist","duration":6.156750000000102,"failureMessages":[],"meta":{}},{"ancestorTitles":["Notifications Workflow Integration","Delete Notifications"],"fullName":"Notifications Workflow Integration Delete Notifications should delete notification successfully","status":"passed","title":"should delete notification successfully","duration":33.74241599999914,"failureMessages":[],"meta":{}},{"ancestorTitles":["Notifications Workflow Integration","Delete Notifications"],"fullName":"Notifications Workflow Integration Delete Notifications should be idempotent when deleting non-existent notification","status":"passed","title":"should be idempotent when deleting non-existent notification","duration":5.183708999999908,"failureMessages":[],"meta":{}},{"ancestorTitles":["Notifications Workflow Integration","Delete Notifications"],"fullName":"Notifications Workflow Integration Delete Notifications should return 403 when trying to delete another user's notification","status":"passed","title":"should return 403 when trying to delete another user's notification","duration":13.745417000000089,"failureMessages":[],"meta":{}},{"ancestorTitles":["Notifications Workflow Integration","Authorization"],"fullName":"Notifications Workflow Integration Authorization should require authentication for getting notifications","status":"passed","title":"should require authentication for getting notifications","duration":0.7783330000002024,"failureMessages":[],"meta":{}},{"ancestorTitles":["Notifications Workflow Integration","Authorization"],"fullName":"Notifications Workflow Integration Authorization should require authentication for getting unread count","status":"passed","title":"should require authentication for getting unread count","duration":0.6765420000001541,"failureMessages":[],"meta":{}},{"ancestorTitles":["Notifications Workflow Integration","Authorization"],"fullName":"Notifications Workflow Integration Authorization should require authentication for marking as read","status":"passed","title":"should require authentication for marking as read","duration":1.3410839999996824,"failureMessages":[],"meta":{}},{"ancestorTitles":["Notifications Workflow Integration","Authorization"],"fullName":"Notifications Workflow Integration Authorization should require authentication for marking all as read","status":"passed","title":"should require authentication for marking all as read","duration":0.8711670000002414,"failureMessages":[],"meta":{}},{"ancestorTitles":["Notifications Workflow Integration","Authorization"],"fullName":"Notifications Workflow Integration Authorization should require authentication for deleting notifications","status":"passed","title":"should require authentication for deleting notifications","duration":0.6401660000001357,"failureMessages":[],"meta":{}},{"ancestorTitles":["Notifications Workflow Integration","Authorization"],"fullName":"Notifications Workflow Integration Authorization should reject invalid Bearer token","status":"passed","title":"should reject invalid Bearer token","duration":0.5870000000004438,"failureMessages":[],"meta":{}},{"ancestorTitles":["Notifications Workflow Integration","Validation"],"fullName":"Notifications Workflow Integration Validation should reject invalid notificationId format","status":"passed","title":"should reject invalid notificationId format","duration":0.8224169999994047,"failureMessages":[],"meta":{}},{"ancestorTitles":["Notifications Workflow Integration","Validation"],"fullName":"Notifications Workflow Integration Validation should reject invalid limit parameter","status":"passed","title":"should reject invalid limit parameter","duration":0.6590839999998934,"failureMessages":[],"meta":{}},{"ancestorTitles":["Notifications Workflow Integration","Validation"],"fullName":"Notifications Workflow Integration Validation should reject limit exceeding maximum","status":"passed","title":"should reject limit exceeding maximum","duration":0.7567500000004657,"failureMessages":[],"meta":{}},{"ancestorTitles":["Notifications Workflow Integration","Validation"],"fullName":"Notifications Workflow Integration Validation should reject invalid filter parameter","status":"passed","title":"should reject invalid filter parameter","duration":0.6307919999999285,"failureMessages":[],"meta":{}}],"startTime":1760302080481,"endTime":1760302083971.6309,"status":"passed","message":"","name":"/Users/shaperosteve/social-media-app/packages/integration-tests/src/scenarios/notifications-workflow.test.ts"},{"assertionResults":[{"ancestorTitles":["User Lifecycle Integration","User Registration and Profile Creation"],"fullName":"User Lifecycle Integration User Registration and Profile Creation should complete full user registration → profile creation workflow","status":"passed","title":"should complete full user registration → profile creation workflow","duration":514.0554589999999,"failureMessages":[],"meta":{}},{"ancestorTitles":["User Lifecycle Integration","Profile Handle Management"],"fullName":"User Lifecycle Integration Profile Handle Management should enforce handle uniqueness","status":"passed","title":"should enforce handle uniqueness","duration":307.9977499999999,"failureMessages":[],"meta":{}},{"ancestorTitles":["User Lifecycle Integration","Error Handling"],"fullName":"User Lifecycle Integration Error Handling should handle registration with duplicate email","status":"passed","title":"should handle registration with duplicate email","duration":134.9795419999998,"failureMessages":[],"meta":{}},{"ancestorTitles":["User Lifecycle Integration","Error Handling"],"fullName":"User Lifecycle Integration Error Handling should handle registration with duplicate username","status":"passed","title":"should handle registration with duplicate username","duration":98.559125,"failureMessages":[],"meta":{}},{"ancestorTitles":["User Lifecycle Integration","Error Handling"],"fullName":"User Lifecycle Integration Error Handling should handle weak passwords","status":"passed","title":"should handle weak passwords","duration":1.0004579999999805,"failureMessages":[],"meta":{}}],"startTime":1760302080060,"endTime":1760302081117.0005,"status":"passed","message":"","name":"/Users/shaperosteve/social-media-app/packages/integration-tests/src/scenarios/user-lifecycle.test.ts"}]}