{"numTotalTestSuites":4,"numPassedTestSuites":1,"numFailedTestSuites":3,"numPendingTestSuites":0,"numTotalTests":8,"numPassedTests":7,"numFailedTests":1,"numPendingTests":0,"numTodoTests":0,"snapshot":{"added":0,"failure":false,"filesAdded":0,"filesRemoved":0,"filesRemovedList":[],"filesUnmatched":0,"filesUpdated":0,"matched":0,"total":0,"unchecked":0,"uncheckedKeysByFile":[],"unmatched":0,"updated":0,"didUpdate":false},"startTime":1760392010159,"success":false,"testResults":[{"assertionResults":[{"ancestorTitles":["Redis Feed Cache Integration","Cache-Aside Pattern"],"fullName":"Redis Feed Cache Integration Cache-Aside Pattern should cache posts when retrieved from DynamoDB","status":"passed","title":"should cache posts when retrieved from DynamoDB","duration":4.312249999999949,"failureMessages":[],"meta":{}},{"ancestorTitles":["Redis Feed Cache Integration","Cache-Aside Pattern"],"fullName":"Redis Feed Cache Integration Cache-Aside Pattern should return empty result for cache miss","status":"passed","title":"should return empty result for cache miss","duration":1.6447499999999309,"failureMessages":[],"meta":{}},{"ancestorTitles":["Redis Feed Cache Integration","Cache-Aside Pattern"],"fullName":"Redis Feed Cache Integration Cache-Aside Pattern should handle cache failures gracefully","status":"failed","title":"should handle cache failures gracefully","duration":20.060083000000077,"failureMessages":["AssertionError: expected Error: Failed to get feed items: Cannot d… to be undefined\n    at /Users/shaperosteve/social-media-app/packages/integration-tests/src/scenarios/redis-feed-cache.test.ts:188:23\n    at processTicksAndRejections (node:internal/process/task_queues:105:5)\n    at file:///Users/shaperosteve/social-media-app/node_modules/.pnpm/@vitest+runner@2.1.9/node_modules/@vitest/runner/dist/index.js:533:5\n    at runTest (file:///Users/shaperosteve/social-media-app/node_modules/.pnpm/@vitest+runner@2.1.9/node_modules/@vitest/runner/dist/index.js:1056:11)\n    at runSuite (file:///Users/shaperosteve/social-media-app/node_modules/.pnpm/@vitest+runner@2.1.9/node_modules/@vitest/runner/dist/index.js:1205:15)\n    at runSuite (file:///Users/shaperosteve/social-media-app/node_modules/.pnpm/@vitest+runner@2.1.9/node_modules/@vitest/runner/dist/index.js:1205:15)\n    at runSuite (file:///Users/shaperosteve/social-media-app/node_modules/.pnpm/@vitest+runner@2.1.9/node_modules/@vitest/runner/dist/index.js:1205:15)\n    at runFiles (file:///Users/shaperosteve/social-media-app/node_modules/.pnpm/@vitest+runner@2.1.9/node_modules/@vitest/runner/dist/index.js:1262:5)\n    at startTests (file:///Users/shaperosteve/social-media-app/node_modules/.pnpm/@vitest+runner@2.1.9/node_modules/@vitest/runner/dist/index.js:1271:3)\n    at file:///Users/shaperosteve/social-media-app/node_modules/.pnpm/vitest@2.1.9_@types+node@22.18.6_@vitest+ui@1.6.1_vitest@1.6.1__jsdom@27.0.0_postcss@8._b43aeb7d804b8bbd75d8ae1cb26cbf7a/node_modules/vitest/dist/chunks/runBaseTests.3qpJUEJM.js:126:11"],"meta":{}},{"ancestorTitles":["Redis Feed Cache Integration","Cache-Aside Pattern"],"fullName":"Redis Feed Cache Integration Cache-Aside Pattern should cache and retrieve feed with pagination","status":"passed","title":"should cache and retrieve feed with pagination","duration":3.715334000000098,"failureMessages":[],"meta":{}},{"ancestorTitles":["Redis Feed Cache Integration","Cache-Aside Pattern"],"fullName":"Redis Feed Cache Integration Cache-Aside Pattern should mark posts as read","status":"passed","title":"should mark posts as read","duration":3.225416999999993,"failureMessages":[],"meta":{}},{"ancestorTitles":["Redis Feed Cache Integration","Cache-Aside Pattern"],"fullName":"Redis Feed Cache Integration Cache-Aside Pattern should handle batch caching efficiently","status":"passed","title":"should handle batch caching efficiently","duration":3.6898749999999154,"failureMessages":[],"meta":{}},{"ancestorTitles":["Redis Feed Cache Integration","Cache-Aside Pattern"],"fullName":"Redis Feed Cache Integration Cache-Aside Pattern should expire cached posts after TTL","status":"passed","title":"should expire cached posts after TTL","duration":1.380790999999931,"failureMessages":[],"meta":{}},{"ancestorTitles":["Redis Feed Cache Integration","Performance Characteristics"],"fullName":"Redis Feed Cache Integration Performance Characteristics should demonstrate cache hit vs miss latency","status":"passed","title":"should demonstrate cache hit vs miss latency","duration":1.336832999999956,"failureMessages":[],"meta":{}}],"startTime":1760392010613,"endTime":1760392010652.337,"status":"failed","message":"","name":"/Users/shaperosteve/social-media-app/packages/integration-tests/src/scenarios/redis-feed-cache.test.ts"}]}