{"numTotalTestSuites":10,"numPassedTestSuites":10,"numFailedTestSuites":0,"numPendingTestSuites":0,"numTotalTests":11,"numPassedTests":11,"numFailedTests":0,"numPendingTests":0,"numTodoTests":0,"snapshot":{"added":0,"failure":false,"filesAdded":0,"filesRemoved":0,"filesRemovedList":[],"filesUnmatched":0,"filesUpdated":0,"matched":0,"total":0,"unchecked":0,"uncheckedKeysByFile":[],"unmatched":0,"updated":0,"didUpdate":false},"startTime":1759788362038,"success":true,"testResults":[{"assertionResults":[{"ancestorTitles":["LocalStack Image Upload Integration","Presigned URL Generation"],"fullName":"LocalStack Image Upload Integration Presigned URL Generation should generate LocalStack presigned URLs for post images","status":"passed","title":"should generate LocalStack presigned URLs for post images","duration":89.487708,"failureMessages":[],"meta":{}},{"ancestorTitles":["LocalStack Image Upload Integration","Presigned URL Generation"],"fullName":"LocalStack Image Upload Integration Presigned URL Generation should generate LocalStack presigned URLs for profile pictures","status":"passed","title":"should generate LocalStack presigned URLs for profile pictures","duration":46.60525000000007,"failureMessages":[],"meta":{}},{"ancestorTitles":["LocalStack Image Upload Integration","Post Creation with LocalStack Images"],"fullName":"LocalStack Image Upload Integration Post Creation with LocalStack Images should create post with LocalStack image URLs","status":"passed","title":"should create post with LocalStack image URLs","duration":117.95175000000006,"failureMessages":[],"meta":{}},{"ancestorTitles":["LocalStack Image Upload Integration","Post Creation with LocalStack Images"],"fullName":"LocalStack Image Upload Integration Post Creation with LocalStack Images should maintain LocalStack URLs in post retrieval","status":"passed","title":"should maintain LocalStack URLs in post retrieval","duration":98.686375,"failureMessages":[],"meta":{}},{"ancestorTitles":["LocalStack Image Upload Integration","Error Handling"],"fullName":"LocalStack Image Upload Integration Error Handling should handle invalid file types gracefully","status":"passed","title":"should handle invalid file types gracefully","duration":41.11395900000002,"failureMessages":[],"meta":{}},{"ancestorTitles":["LocalStack Image Upload Integration","Error Handling"],"fullName":"LocalStack Image Upload Integration Error Handling should handle unauthenticated requests","status":"passed","title":"should handle unauthenticated requests","duration":44.00608299999999,"failureMessages":[],"meta":{}}],"startTime":1759788362257,"endTime":1759788362695.006,"status":"passed","message":"","name":"/Users/shaperosteve/social-media-app/packages/integration-tests/src/scenarios/image-upload.test.ts"},{"assertionResults":[{"ancestorTitles":["User Lifecycle Integration","User Registration and Profile Creation"],"fullName":"User Lifecycle Integration User Registration and Profile Creation should complete full user registration → profile creation workflow","status":"passed","title":"should complete full user registration → profile creation workflow","duration":223.77245799999992,"failureMessages":[],"meta":{}},{"ancestorTitles":["User Lifecycle Integration","Profile Handle Management"],"fullName":"User Lifecycle Integration Profile Handle Management should enforce handle uniqueness","status":"passed","title":"should enforce handle uniqueness","duration":214.26966700000003,"failureMessages":[],"meta":{}},{"ancestorTitles":["User Lifecycle Integration","Error Handling"],"fullName":"User Lifecycle Integration Error Handling should handle registration with duplicate email","status":"passed","title":"should handle registration with duplicate email","duration":89.54012499999988,"failureMessages":[],"meta":{}},{"ancestorTitles":["User Lifecycle Integration","Error Handling"],"fullName":"User Lifecycle Integration Error Handling should handle registration with duplicate username","status":"passed","title":"should handle registration with duplicate username","duration":87.60170799999992,"failureMessages":[],"meta":{}},{"ancestorTitles":["User Lifecycle Integration","Error Handling"],"fullName":"User Lifecycle Integration Error Handling should handle weak passwords","status":"passed","title":"should handle weak passwords","duration":1.0241249999999127,"failureMessages":[],"meta":{}}],"startTime":1759788362257,"endTime":1759788362873.0242,"status":"passed","message":"","name":"/Users/shaperosteve/social-media-app/packages/integration-tests/src/scenarios/user-lifecycle.test.ts"}]}