{"numTotalTestSuites":5,"numPassedTestSuites":5,"numFailedTestSuites":0,"numPendingTestSuites":0,"numTotalTests":3,"numPassedTests":3,"numFailedTests":0,"numPendingTests":0,"numTodoTests":0,"snapshot":{"added":0,"failure":false,"filesAdded":0,"filesRemoved":0,"filesRemovedList":[],"filesUnmatched":0,"filesUpdated":0,"matched":0,"total":0,"unchecked":0,"uncheckedKeysByFile":[],"unmatched":0,"updated":0,"didUpdate":false},"startTime":1760570192379,"success":true,"testResults":[{"assertionResults":[{"ancestorTitles":["Auction Workflow Integration","Complete Auction Lifecycle"],"fullName":"Auction Workflow Integration Complete Auction Lifecycle should complete full auction workflow from creation to bidding","status":"passed","title":"should complete full auction workflow from creation to bidding","duration":57.630416999999966,"failureMessages":[],"meta":{}},{"ancestorTitles":["Auction Workflow Integration","Auction Listing and Filtering"],"fullName":"Auction Workflow Integration Auction Listing and Filtering should list and filter auctions correctly","status":"passed","title":"should list and filter auctions correctly","duration":7.540707999999995,"failureMessages":[],"meta":{}},{"ancestorTitles":["Auction Workflow Integration","Error Handling"],"fullName":"Auction Workflow Integration Error Handling should handle invalid requests correctly","status":"passed","title":"should handle invalid requests correctly","duration":5.397415999999907,"failureMessages":[],"meta":{}}],"startTime":1760570192835,"endTime":1760570192905.3975,"status":"passed","message":"","name":"/Users/shaperosteve/social-media-app/packages/integration-tests/src/scenarios/auction-workflow.test.ts"}]}