{"numTotalTestSuites":71,"numPassedTestSuites":48,"numFailedTestSuites":23,"numPendingTestSuites":0,"numTotalTests":147,"numPassedTests":120,"numFailedTests":23,"numPendingTests":4,"numTodoTests":0,"snapshot":{"added":0,"failure":false,"filesAdded":0,"filesRemoved":0,"filesRemovedList":[],"filesUnmatched":0,"filesUpdated":0,"matched":0,"total":0,"unchecked":0,"uncheckedKeysByFile":[],"unmatched":0,"updated":0,"didUpdate":false},"startTime":1760434828991,"success":false,"testResults":[{"assertionResults":[{"ancestorTitles":["Comments Workflow Integration","Create and Retrieve Comments"],"fullName":"Comments Workflow Integration Create and Retrieve Comments should create a comment on a post successfully","status":"passed","title":"should create a comment on a post successfully","duration":162.6540419999999,"failureMessages":[],"meta":{}},{"ancestorTitles":["Comments Workflow Integration","Create and Retrieve Comments"],"fullName":"Comments Workflow Integration Create and Retrieve Comments should create a second comment by different user","status":"passed","title":"should create a second comment by different user","duration":134.90658299999996,"failureMessages":[],"meta":{}},{"ancestorTitles":["Comments Workflow Integration","Create and Retrieve Comments"],"fullName":"Comments Workflow Integration Create and Retrieve Comments should retrieve all comments for a post","status":"passed","title":"should retrieve all comments for a post","duration":63.18516700000009,"failureMessages":[],"meta":{}},{"ancestorTitles":["Comments Workflow Integration","Create and Retrieve Comments"],"fullName":"Comments Workflow Integration Create and Retrieve Comments should respect pagination limit","status":"passed","title":"should respect pagination limit","duration":54.596042000000125,"failureMessages":[],"meta":{}},{"ancestorTitles":["Comments Workflow Integration","Create and Retrieve Comments"],"fullName":"Comments Workflow Integration Create and Retrieve Comments should support pagination with cursor","status":"passed","title":"should support pagination with cursor","duration":128.0608749999999,"failureMessages":[],"meta":{}},{"ancestorTitles":["Comments Workflow Integration","Create and Retrieve Comments"],"fullName":"Comments Workflow Integration Create and Retrieve Comments should return empty array for post with no comments","status":"passed","title":"should return empty array for post with no comments","duration":245.30770799999982,"failureMessages":[],"meta":{}},{"ancestorTitles":["Comments Workflow Integration","Comment Validation"],"fullName":"Comments Workflow Integration Comment Validation should reject empty comment content","status":"passed","title":"should reject empty comment content","duration":30.094833000000108,"failureMessages":[],"meta":{}},{"ancestorTitles":["Comments Workflow Integration","Comment Validation"],"fullName":"Comments Workflow Integration Comment Validation should reject comment exceeding 500 characters","status":"passed","title":"should reject comment exceeding 500 characters","duration":3.506249999999909,"failureMessages":[],"meta":{}},{"ancestorTitles":["Comments Workflow Integration","Comment Validation"],"fullName":"Comments Workflow Integration Comment Validation should trim whitespace from comment content","status":"passed","title":"should trim whitespace from comment content","duration":57.360083999999915,"failureMessages":[],"meta":{}},{"ancestorTitles":["Comments Workflow Integration","Comment Validation"],"fullName":"Comments Workflow Integration Comment Validation should reject comment with only whitespace","status":"passed","title":"should reject comment with only whitespace","duration":44.3086659999999,"failureMessages":[],"meta":{}},{"ancestorTitles":["Comments Workflow Integration","Comment Validation"],"fullName":"Comments Workflow Integration Comment Validation should reject comment with invalid postId","status":"passed","title":"should reject comment with invalid postId","duration":1.796875,"failureMessages":[],"meta":{}},{"ancestorTitles":["Comments Workflow Integration","Delete Comments"],"fullName":"Comments Workflow Integration Delete Comments should delete own comment successfully","status":"passed","title":"should delete own comment successfully","duration":19.577166999999918,"failureMessages":[],"meta":{}},{"ancestorTitles":["Comments Workflow Integration","Delete Comments"],"fullName":"Comments Workflow Integration Delete Comments should return 403 when non-owner tries to delete","status":"passed","title":"should return 403 when non-owner tries to delete","duration":13.732124999999996,"failureMessages":[],"meta":{}},{"ancestorTitles":["Comments Workflow Integration","Delete Comments"],"fullName":"Comments Workflow Integration Delete Comments should be idempotent when deleting non-existent comment","status":"passed","title":"should be idempotent when deleting non-existent comment","duration":11.233624999999847,"failureMessages":[],"meta":{}},{"ancestorTitles":["Comments Workflow Integration","Delete Comments"],"fullName":"Comments Workflow Integration Delete Comments should verify comment is removed from list","status":"passed","title":"should verify comment is removed from list","duration":12.153499999999894,"failureMessages":[],"meta":{}},{"ancestorTitles":["Comments Workflow Integration","Delete Comments"],"fullName":"Comments Workflow Integration Delete Comments should return 400 when deleting with invalid commentId","status":"passed","title":"should return 400 when deleting with invalid commentId","duration":1.9152909999997974,"failureMessages":[],"meta":{}},{"ancestorTitles":["Comments Workflow Integration","Stream Processor Verification"],"fullName":"Comments Workflow Integration Stream Processor Verification should increment commentsCount after creating comment","status":"failed","title":"should increment commentsCount after creating comment","duration":3070.201167,"failureMessages":["AssertionError: expected 0 to be greater than or equal to 2\n    at /Users/shaperosteve/social-media-app/packages/integration-tests/src/scenarios/comments-workflow.test.ts:386:43\n    at processTicksAndRejections (node:internal/process/task_queues:105:5)\n    at file:///Users/shaperosteve/social-media-app/node_modules/.pnpm/@vitest+runner@2.1.9/node_modules/@vitest/runner/dist/index.js:533:5\n    at runTest (file:///Users/shaperosteve/social-media-app/node_modules/.pnpm/@vitest+runner@2.1.9/node_modules/@vitest/runner/dist/index.js:1056:11)\n    at runSuite (file:///Users/shaperosteve/social-media-app/node_modules/.pnpm/@vitest+runner@2.1.9/node_modules/@vitest/runner/dist/index.js:1205:15)\n    at runSuite (file:///Users/shaperosteve/social-media-app/node_modules/.pnpm/@vitest+runner@2.1.9/node_modules/@vitest/runner/dist/index.js:1205:15)\n    at runSuite (file:///Users/shaperosteve/social-media-app/node_modules/.pnpm/@vitest+runner@2.1.9/node_modules/@vitest/runner/dist/index.js:1205:15)\n    at runFiles (file:///Users/shaperosteve/social-media-app/node_modules/.pnpm/@vitest+runner@2.1.9/node_modules/@vitest/runner/dist/index.js:1262:5)\n    at startTests (file:///Users/shaperosteve/social-media-app/node_modules/.pnpm/@vitest+runner@2.1.9/node_modules/@vitest/runner/dist/index.js:1271:3)\n    at file:///Users/shaperosteve/social-media-app/node_modules/.pnpm/vitest@2.1.9_@types+node@22.18.6_@vitest+ui@1.6.1_vitest@1.6.1__jsdom@27.0.0_postcss@8._b43aeb7d804b8bbd75d8ae1cb26cbf7a/node_modules/vitest/dist/chunks/runBaseTests.3qpJUEJM.js:126:11"],"meta":{}},{"ancestorTitles":["Comments Workflow Integration","Stream Processor Verification"],"fullName":"Comments Workflow Integration Stream Processor Verification should decrement commentsCount after deleting comment","status":"failed","title":"should decrement commentsCount after deleting comment","duration":3067.750750000001,"failureMessages":["AssertionError: expected 0 to be less than 0\n    at /Users/shaperosteve/social-media-app/packages/integration-tests/src/scenarios/comments-workflow.test.ts:420:53\n    at processTicksAndRejections (node:internal/process/task_queues:105:5)\n    at file:///Users/shaperosteve/social-media-app/node_modules/.pnpm/@vitest+runner@2.1.9/node_modules/@vitest/runner/dist/index.js:533:5\n    at runTest (file:///Users/shaperosteve/social-media-app/node_modules/.pnpm/@vitest+runner@2.1.9/node_modules/@vitest/runner/dist/index.js:1056:11)\n    at runSuite (file:///Users/shaperosteve/social-media-app/node_modules/.pnpm/@vitest+runner@2.1.9/node_modules/@vitest/runner/dist/index.js:1205:15)\n    at runSuite (file:///Users/shaperosteve/social-media-app/node_modules/.pnpm/@vitest+runner@2.1.9/node_modules/@vitest/runner/dist/index.js:1205:15)\n    at runSuite (file:///Users/shaperosteve/social-media-app/node_modules/.pnpm/@vitest+runner@2.1.9/node_modules/@vitest/runner/dist/index.js:1205:15)\n    at runFiles (file:///Users/shaperosteve/social-media-app/node_modules/.pnpm/@vitest+runner@2.1.9/node_modules/@vitest/runner/dist/index.js:1262:5)\n    at startTests (file:///Users/shaperosteve/social-media-app/node_modules/.pnpm/@vitest+runner@2.1.9/node_modules/@vitest/runner/dist/index.js:1271:3)\n    at file:///Users/shaperosteve/social-media-app/node_modules/.pnpm/vitest@2.1.9_@types+node@22.18.6_@vitest+ui@1.6.1_vitest@1.6.1__jsdom@27.0.0_postcss@8._b43aeb7d804b8bbd75d8ae1cb26cbf7a/node_modules/vitest/dist/chunks/runBaseTests.3qpJUEJM.js:126:11"],"meta":{}},{"ancestorTitles":["Comments Workflow Integration","Authorization"],"fullName":"Comments Workflow Integration Authorization should require authentication for creating comments","status":"passed","title":"should require authentication for creating comments","duration":20.98541699999987,"failureMessages":[],"meta":{}},{"ancestorTitles":["Comments Workflow Integration","Authorization"],"fullName":"Comments Workflow Integration Authorization should require authentication for deleting comments","status":"passed","title":"should require authentication for deleting comments","duration":5.112959000000046,"failureMessages":[],"meta":{}},{"ancestorTitles":["Comments Workflow Integration","Authorization"],"fullName":"Comments Workflow Integration Authorization should allow unauthenticated access to get comments","status":"passed","title":"should allow unauthenticated access to get comments","duration":43.74224999999933,"failureMessages":[],"meta":{}},{"ancestorTitles":["Comments Workflow Integration","Authorization"],"fullName":"Comments Workflow Integration Authorization should reject invalid Bearer token","status":"passed","title":"should reject invalid Bearer token","duration":2.0600419999991573,"failureMessages":[],"meta":{}},{"ancestorTitles":["Comments Workflow Integration","Authorization"],"fullName":"Comments Workflow Integration Authorization should reject malformed Authorization header","status":"passed","title":"should reject malformed Authorization header","duration":0.9675420000003214,"failureMessages":[],"meta":{}}],"startTime":1760434830073,"endTime":1760434837268.9675,"status":"failed","message":"","name":"/Users/shaperosteve/social-media-app/packages/integration-tests/src/scenarios/comments-workflow.test.ts"},{"assertionResults":[{"ancestorTitles":["Instagram-Like Read State","Core Instagram-Like Behavior"],"fullName":"Instagram-Like Read State Core Instagram-Like Behavior should never show posts marked as read again","status":"failed","title":"should never show posts marked as read again","duration":5420.083125,"failureMessages":["AssertionError: expected 0 to be greater than or equal to 3\n    at /Users/shaperosteve/social-media-app/packages/integration-tests/src/scenarios/feed-read-state.test.ts:184:44\n    at processTicksAndRejections (node:internal/process/task_queues:105:5)\n    at file:///Users/shaperosteve/social-media-app/node_modules/.pnpm/@vitest+runner@2.1.9/node_modules/@vitest/runner/dist/index.js:533:5\n    at runTest (file:///Users/shaperosteve/social-media-app/node_modules/.pnpm/@vitest+runner@2.1.9/node_modules/@vitest/runner/dist/index.js:1056:11)\n    at runSuite (file:///Users/shaperosteve/social-media-app/node_modules/.pnpm/@vitest+runner@2.1.9/node_modules/@vitest/runner/dist/index.js:1205:15)\n    at runSuite (file:///Users/shaperosteve/social-media-app/node_modules/.pnpm/@vitest+runner@2.1.9/node_modules/@vitest/runner/dist/index.js:1205:15)\n    at runSuite (file:///Users/shaperosteve/social-media-app/node_modules/.pnpm/@vitest+runner@2.1.9/node_modules/@vitest/runner/dist/index.js:1205:15)\n    at runFiles (file:///Users/shaperosteve/social-media-app/node_modules/.pnpm/@vitest+runner@2.1.9/node_modules/@vitest/runner/dist/index.js:1262:5)\n    at startTests (file:///Users/shaperosteve/social-media-app/node_modules/.pnpm/@vitest+runner@2.1.9/node_modules/@vitest/runner/dist/index.js:1271:3)\n    at file:///Users/shaperosteve/social-media-app/node_modules/.pnpm/vitest@2.1.9_@types+node@22.18.6_@vitest+ui@1.6.1_vitest@1.6.1__jsdom@27.0.0_postcss@8._b43aeb7d804b8bbd75d8ae1cb26cbf7a/node_modules/vitest/dist/chunks/runBaseTests.3qpJUEJM.js:126:11"],"meta":{}},{"ancestorTitles":["Instagram-Like Read State","Core Instagram-Like Behavior"],"fullName":"Instagram-Like Read State Core Instagram-Like Behavior should handle marking non-existent posts gracefully","status":"passed","title":"should handle marking non-existent posts gracefully","duration":18.60387499999979,"failureMessages":[],"meta":{}},{"ancestorTitles":["Instagram-Like Read State","Core Instagram-Like Behavior"],"fullName":"Instagram-Like Read State Core Instagram-Like Behavior should handle empty postIds array","status":"passed","title":"should handle empty postIds array","duration":1.5615829999997004,"failureMessages":[],"meta":{}},{"ancestorTitles":["Instagram-Like Read State","Core Instagram-Like Behavior"],"fullName":"Instagram-Like Read State Core Instagram-Like Behavior should reject marking more than 50 posts at once","status":"passed","title":"should reject marking more than 50 posts at once","duration":1.6417080000001079,"failureMessages":[],"meta":{}},{"ancestorTitles":["Instagram-Like Read State","Core Instagram-Like Behavior"],"fullName":"Instagram-Like Read State Core Instagram-Like Behavior should require authentication for marking posts as read","status":"passed","title":"should require authentication for marking posts as read","duration":0.8969170000000304,"failureMessages":[],"meta":{}},{"ancestorTitles":["Instagram-Like Read State","Feed Repopulation Scenarios"],"fullName":"Instagram-Like Read State Feed Repopulation Scenarios should preserve read state after simulated cache loss","status":"failed","title":"should preserve read state after simulated cache loss","duration":6106.885542,"failureMessages":["AssertionError: expected undefined to be defined\n    at /Users/shaperosteve/social-media-app/packages/integration-tests/src/scenarios/feed-read-state.test.ts:382:29\n    at processTicksAndRejections (node:internal/process/task_queues:105:5)\n    at file:///Users/shaperosteve/social-media-app/node_modules/.pnpm/@vitest+runner@2.1.9/node_modules/@vitest/runner/dist/index.js:533:5\n    at runTest (file:///Users/shaperosteve/social-media-app/node_modules/.pnpm/@vitest+runner@2.1.9/node_modules/@vitest/runner/dist/index.js:1056:11)\n    at runSuite (file:///Users/shaperosteve/social-media-app/node_modules/.pnpm/@vitest+runner@2.1.9/node_modules/@vitest/runner/dist/index.js:1205:15)\n    at runSuite (file:///Users/shaperosteve/social-media-app/node_modules/.pnpm/@vitest+runner@2.1.9/node_modules/@vitest/runner/dist/index.js:1205:15)\n    at runSuite (file:///Users/shaperosteve/social-media-app/node_modules/.pnpm/@vitest+runner@2.1.9/node_modules/@vitest/runner/dist/index.js:1205:15)\n    at runFiles (file:///Users/shaperosteve/social-media-app/node_modules/.pnpm/@vitest+runner@2.1.9/node_modules/@vitest/runner/dist/index.js:1262:5)\n    at startTests (file:///Users/shaperosteve/social-media-app/node_modules/.pnpm/@vitest+runner@2.1.9/node_modules/@vitest/runner/dist/index.js:1271:3)\n    at file:///Users/shaperosteve/social-media-app/node_modules/.pnpm/vitest@2.1.9_@types+node@22.18.6_@vitest+ui@1.6.1_vitest@1.6.1__jsdom@27.0.0_postcss@8._b43aeb7d804b8bbd75d8ae1cb26cbf7a/node_modules/vitest/dist/chunks/runBaseTests.3qpJUEJM.js:126:11"],"meta":{}},{"ancestorTitles":["Instagram-Like Read State","Feed Repopulation Scenarios"],"fullName":"Instagram-Like Read State Feed Repopulation Scenarios should mark posts as unread by default when created","status":"failed","title":"should mark posts as unread by default when created","duration":3046.8396660000017,"failureMessages":["AssertionError: expected undefined to be defined\n    at /Users/shaperosteve/social-media-app/packages/integration-tests/src/scenarios/feed-read-state.test.ts:414:28\n    at processTicksAndRejections (node:internal/process/task_queues:105:5)\n    at file:///Users/shaperosteve/social-media-app/node_modules/.pnpm/@vitest+runner@2.1.9/node_modules/@vitest/runner/dist/index.js:533:5\n    at runTest (file:///Users/shaperosteve/social-media-app/node_modules/.pnpm/@vitest+runner@2.1.9/node_modules/@vitest/runner/dist/index.js:1056:11)\n    at runSuite (file:///Users/shaperosteve/social-media-app/node_modules/.pnpm/@vitest+runner@2.1.9/node_modules/@vitest/runner/dist/index.js:1205:15)\n    at runSuite (file:///Users/shaperosteve/social-media-app/node_modules/.pnpm/@vitest+runner@2.1.9/node_modules/@vitest/runner/dist/index.js:1205:15)\n    at runSuite (file:///Users/shaperosteve/social-media-app/node_modules/.pnpm/@vitest+runner@2.1.9/node_modules/@vitest/runner/dist/index.js:1205:15)\n    at runFiles (file:///Users/shaperosteve/social-media-app/node_modules/.pnpm/@vitest+runner@2.1.9/node_modules/@vitest/runner/dist/index.js:1262:5)\n    at startTests (file:///Users/shaperosteve/social-media-app/node_modules/.pnpm/@vitest+runner@2.1.9/node_modules/@vitest/runner/dist/index.js:1271:3)\n    at file:///Users/shaperosteve/social-media-app/node_modules/.pnpm/vitest@2.1.9_@types+node@22.18.6_@vitest+ui@1.6.1_vitest@1.6.1__jsdom@27.0.0_postcss@8._b43aeb7d804b8bbd75d8ae1cb26cbf7a/node_modules/vitest/dist/chunks/runBaseTests.3qpJUEJM.js:126:11"],"meta":{}},{"ancestorTitles":["Instagram-Like Read State","Read State Metadata"],"fullName":"Instagram-Like Read State Read State Metadata should track readAt timestamp when marking posts as read","status":"passed","title":"should track readAt timestamp when marking posts as read","duration":13.658041999999114,"failureMessages":[],"meta":{}}],"startTime":1760434829930,"endTime":1760434844540.658,"status":"failed","message":"","name":"/Users/shaperosteve/social-media-app/packages/integration-tests/src/scenarios/feed-read-state.test.ts"},{"assertionResults":[{"ancestorTitles":["Feed Workflow Integration","Normal User Flow (Materialized Feed)"],"fullName":"Feed Workflow Integration Normal User Flow (Materialized Feed) should fan out posts from normal users to followers materialized feeds","status":"failed","title":"should fan out posts from normal users to followers materialized feeds","duration":4379.004625,"failureMessages":["AssertionError: expected 0 to be greater than 0\n    at /Users/shaperosteve/social-media-app/packages/integration-tests/src/scenarios/feed-workflow.test.ts:216:37\n    at processTicksAndRejections (node:internal/process/task_queues:105:5)\n    at file:///Users/shaperosteve/social-media-app/node_modules/.pnpm/@vitest+runner@2.1.9/node_modules/@vitest/runner/dist/index.js:533:5\n    at runTest (file:///Users/shaperosteve/social-media-app/node_modules/.pnpm/@vitest+runner@2.1.9/node_modules/@vitest/runner/dist/index.js:1056:11)\n    at runSuite (file:///Users/shaperosteve/social-media-app/node_modules/.pnpm/@vitest+runner@2.1.9/node_modules/@vitest/runner/dist/index.js:1205:15)\n    at runSuite (file:///Users/shaperosteve/social-media-app/node_modules/.pnpm/@vitest+runner@2.1.9/node_modules/@vitest/runner/dist/index.js:1205:15)\n    at runSuite (file:///Users/shaperosteve/social-media-app/node_modules/.pnpm/@vitest+runner@2.1.9/node_modules/@vitest/runner/dist/index.js:1205:15)\n    at runFiles (file:///Users/shaperosteve/social-media-app/node_modules/.pnpm/@vitest+runner@2.1.9/node_modules/@vitest/runner/dist/index.js:1262:5)\n    at startTests (file:///Users/shaperosteve/social-media-app/node_modules/.pnpm/@vitest+runner@2.1.9/node_modules/@vitest/runner/dist/index.js:1271:3)\n    at file:///Users/shaperosteve/social-media-app/node_modules/.pnpm/vitest@2.1.9_@types+node@22.18.6_@vitest+ui@1.6.1_vitest@1.6.1__jsdom@27.0.0_postcss@8._b43aeb7d804b8bbd75d8ae1cb26cbf7a/node_modules/vitest/dist/chunks/runBaseTests.3qpJUEJM.js:126:11"],"meta":{}},{"ancestorTitles":["Feed Workflow Integration","Normal User Flow (Materialized Feed)"],"fullName":"Feed Workflow Integration Normal User Flow (Materialized Feed) should handle multiple normal users posting to materialized feeds","status":"failed","title":"should handle multiple normal users posting to materialized feeds","duration":4094.763500000001,"failureMessages":["AssertionError: expected undefined to be defined\n    at /Users/shaperosteve/social-media-app/packages/integration-tests/src/scenarios/feed-workflow.test.ts:273:21\n    at processTicksAndRejections (node:internal/process/task_queues:105:5)\n    at file:///Users/shaperosteve/social-media-app/node_modules/.pnpm/@vitest+runner@2.1.9/node_modules/@vitest/runner/dist/index.js:533:5\n    at runTest (file:///Users/shaperosteve/social-media-app/node_modules/.pnpm/@vitest+runner@2.1.9/node_modules/@vitest/runner/dist/index.js:1056:11)\n    at runSuite (file:///Users/shaperosteve/social-media-app/node_modules/.pnpm/@vitest+runner@2.1.9/node_modules/@vitest/runner/dist/index.js:1205:15)\n    at runSuite (file:///Users/shaperosteve/social-media-app/node_modules/.pnpm/@vitest+runner@2.1.9/node_modules/@vitest/runner/dist/index.js:1205:15)\n    at runSuite (file:///Users/shaperosteve/social-media-app/node_modules/.pnpm/@vitest+runner@2.1.9/node_modules/@vitest/runner/dist/index.js:1205:15)\n    at runFiles (file:///Users/shaperosteve/social-media-app/node_modules/.pnpm/@vitest+runner@2.1.9/node_modules/@vitest/runner/dist/index.js:1262:5)\n    at startTests (file:///Users/shaperosteve/social-media-app/node_modules/.pnpm/@vitest+runner@2.1.9/node_modules/@vitest/runner/dist/index.js:1271:3)\n    at file:///Users/shaperosteve/social-media-app/node_modules/.pnpm/vitest@2.1.9_@types+node@22.18.6_@vitest+ui@1.6.1_vitest@1.6.1__jsdom@27.0.0_postcss@8._b43aeb7d804b8bbd75d8ae1cb26cbf7a/node_modules/vitest/dist/chunks/runBaseTests.3qpJUEJM.js:126:11"],"meta":{}},{"ancestorTitles":["Feed Workflow Integration","Celebrity Flow (Query-Time Feed)"],"fullName":"Feed Workflow Integration Celebrity Flow (Query-Time Feed) should skip fan-out for celebrity posts and fetch at query time","status":"skipped","title":"should skip fan-out for celebrity posts and fetch at query time","failureMessages":[],"meta":{}},{"ancestorTitles":["Feed Workflow Integration","Celebrity Flow (Query-Time Feed)"],"fullName":"Feed Workflow Integration Celebrity Flow (Query-Time Feed) should handle multiple celebrity posts efficiently","status":"skipped","title":"should handle multiple celebrity posts efficiently","failureMessages":[],"meta":{}},{"ancestorTitles":["Feed Workflow Integration","Hybrid Flow (Mixed Normal + Celebrity)"],"fullName":"Feed Workflow Integration Hybrid Flow (Mixed Normal + Celebrity) should merge materialized and query-time feeds correctly","status":"skipped","title":"should merge materialized and query-time feeds correctly","failureMessages":[],"meta":{}},{"ancestorTitles":["Feed Workflow Integration","Hybrid Flow (Mixed Normal + Celebrity)"],"fullName":"Feed Workflow Integration Hybrid Flow (Mixed Normal + Celebrity) should deduplicate posts if they appear in both sources","status":"passed","title":"should deduplicate posts if they appear in both sources","duration":17.65887500000099,"failureMessages":[],"meta":{}},{"ancestorTitles":["Feed Workflow Integration","Feed Cleanup on Unfollow"],"fullName":"Feed Workflow Integration Feed Cleanup on Unfollow should remove posts from materialized feed when unfollowing","status":"failed","title":"should remove posts from materialized feed when unfollowing","duration":15.8159169999999,"failureMessages":["AssertionError: expected undefined to be defined\n    at /Users/shaperosteve/social-media-app/packages/integration-tests/src/scenarios/feed-workflow.test.ts:463:34\n    at processTicksAndRejections (node:internal/process/task_queues:105:5)\n    at file:///Users/shaperosteve/social-media-app/node_modules/.pnpm/@vitest+runner@2.1.9/node_modules/@vitest/runner/dist/index.js:533:5\n    at runTest (file:///Users/shaperosteve/social-media-app/node_modules/.pnpm/@vitest+runner@2.1.9/node_modules/@vitest/runner/dist/index.js:1056:11)\n    at runSuite (file:///Users/shaperosteve/social-media-app/node_modules/.pnpm/@vitest+runner@2.1.9/node_modules/@vitest/runner/dist/index.js:1205:15)\n    at runSuite (file:///Users/shaperosteve/social-media-app/node_modules/.pnpm/@vitest+runner@2.1.9/node_modules/@vitest/runner/dist/index.js:1205:15)\n    at runSuite (file:///Users/shaperosteve/social-media-app/node_modules/.pnpm/@vitest+runner@2.1.9/node_modules/@vitest/runner/dist/index.js:1205:15)\n    at runFiles (file:///Users/shaperosteve/social-media-app/node_modules/.pnpm/@vitest+runner@2.1.9/node_modules/@vitest/runner/dist/index.js:1262:5)\n    at startTests (file:///Users/shaperosteve/social-media-app/node_modules/.pnpm/@vitest+runner@2.1.9/node_modules/@vitest/runner/dist/index.js:1271:3)\n    at file:///Users/shaperosteve/social-media-app/node_modules/.pnpm/vitest@2.1.9_@types+node@22.18.6_@vitest+ui@1.6.1_vitest@1.6.1__jsdom@27.0.0_postcss@8._b43aeb7d804b8bbd75d8ae1cb26cbf7a/node_modules/vitest/dist/chunks/runBaseTests.3qpJUEJM.js:126:11"],"meta":{}},{"ancestorTitles":["Feed Workflow Integration","Feed Cleanup on Unfollow"],"fullName":"Feed Workflow Integration Feed Cleanup on Unfollow should not affect celebrity posts on unfollow (query-time)","status":"skipped","title":"should not affect celebrity posts on unfollow (query-time)","failureMessages":[],"meta":{}},{"ancestorTitles":["Feed Workflow Integration","Feed Cleanup on Post Deletion"],"fullName":"Feed Workflow Integration Feed Cleanup on Post Deletion should remove deleted posts from all followers feeds","status":"failed","title":"should remove deleted posts from all followers feeds","duration":4160.352083,"failureMessages":["AssertionError: expected undefined to be defined\n    at /Users/shaperosteve/social-media-app/packages/integration-tests/src/scenarios/feed-workflow.test.ts:581:32\n    at processTicksAndRejections (node:internal/process/task_queues:105:5)\n    at file:///Users/shaperosteve/social-media-app/node_modules/.pnpm/@vitest+runner@2.1.9/node_modules/@vitest/runner/dist/index.js:533:5\n    at runTest (file:///Users/shaperosteve/social-media-app/node_modules/.pnpm/@vitest+runner@2.1.9/node_modules/@vitest/runner/dist/index.js:1056:11)\n    at runSuite (file:///Users/shaperosteve/social-media-app/node_modules/.pnpm/@vitest+runner@2.1.9/node_modules/@vitest/runner/dist/index.js:1205:15)\n    at runSuite (file:///Users/shaperosteve/social-media-app/node_modules/.pnpm/@vitest+runner@2.1.9/node_modules/@vitest/runner/dist/index.js:1205:15)\n    at runSuite (file:///Users/shaperosteve/social-media-app/node_modules/.pnpm/@vitest+runner@2.1.9/node_modules/@vitest/runner/dist/index.js:1205:15)\n    at runFiles (file:///Users/shaperosteve/social-media-app/node_modules/.pnpm/@vitest+runner@2.1.9/node_modules/@vitest/runner/dist/index.js:1262:5)\n    at startTests (file:///Users/shaperosteve/social-media-app/node_modules/.pnpm/@vitest+runner@2.1.9/node_modules/@vitest/runner/dist/index.js:1271:3)\n    at file:///Users/shaperosteve/social-media-app/node_modules/.pnpm/vitest@2.1.9_@types+node@22.18.6_@vitest+ui@1.6.1_vitest@1.6.1__jsdom@27.0.0_postcss@8._b43aeb7d804b8bbd75d8ae1cb26cbf7a/node_modules/vitest/dist/chunks/runBaseTests.3qpJUEJM.js:126:11"],"meta":{}},{"ancestorTitles":["Feed Workflow Integration","Feed Pagination"],"fullName":"Feed Workflow Integration Feed Pagination should support pagination with limit","status":"failed","title":"should support pagination with limit","duration":10939.761165999998,"failureMessages":["AssertionError: expected +0 to be 10 // Object.is equality\n    at /Users/shaperosteve/social-media-app/packages/integration-tests/src/scenarios/feed-workflow.test.ts:683:42\n    at processTicksAndRejections (node:internal/process/task_queues:105:5)\n    at file:///Users/shaperosteve/social-media-app/node_modules/.pnpm/@vitest+runner@2.1.9/node_modules/@vitest/runner/dist/index.js:533:5\n    at runTest (file:///Users/shaperosteve/social-media-app/node_modules/.pnpm/@vitest+runner@2.1.9/node_modules/@vitest/runner/dist/index.js:1056:11)\n    at runSuite (file:///Users/shaperosteve/social-media-app/node_modules/.pnpm/@vitest+runner@2.1.9/node_modules/@vitest/runner/dist/index.js:1205:15)\n    at runSuite (file:///Users/shaperosteve/social-media-app/node_modules/.pnpm/@vitest+runner@2.1.9/node_modules/@vitest/runner/dist/index.js:1205:15)\n    at runSuite (file:///Users/shaperosteve/social-media-app/node_modules/.pnpm/@vitest+runner@2.1.9/node_modules/@vitest/runner/dist/index.js:1205:15)\n    at runFiles (file:///Users/shaperosteve/social-media-app/node_modules/.pnpm/@vitest+runner@2.1.9/node_modules/@vitest/runner/dist/index.js:1262:5)\n    at startTests (file:///Users/shaperosteve/social-media-app/node_modules/.pnpm/@vitest+runner@2.1.9/node_modules/@vitest/runner/dist/index.js:1271:3)\n    at file:///Users/shaperosteve/social-media-app/node_modules/.pnpm/vitest@2.1.9_@types+node@22.18.6_@vitest+ui@1.6.1_vitest@1.6.1__jsdom@27.0.0_postcss@8._b43aeb7d804b8bbd75d8ae1cb26cbf7a/node_modules/vitest/dist/chunks/runBaseTests.3qpJUEJM.js:126:11"],"meta":{}},{"ancestorTitles":["Feed Workflow Integration","Feed Pagination"],"fullName":"Feed Workflow Integration Feed Pagination should handle pagination with no posts","status":"passed","title":"should handle pagination with no posts","duration":85.55695899999773,"failureMessages":[],"meta":{}},{"ancestorTitles":["Feed Workflow Integration","Feed TTL (7 days)"],"fullName":"Feed Workflow Integration Feed TTL (7 days) should set TTL on feed items to expire after 7 days","status":"failed","title":"should set TTL on feed items to expire after 7 days","duration":4189.195500000002,"failureMessages":["AssertionError: expected undefined to be defined\n    at /Users/shaperosteve/social-media-app/packages/integration-tests/src/scenarios/feed-workflow.test.ts:816:23\n    at processTicksAndRejections (node:internal/process/task_queues:105:5)\n    at file:///Users/shaperosteve/social-media-app/node_modules/.pnpm/@vitest+runner@2.1.9/node_modules/@vitest/runner/dist/index.js:533:5\n    at runTest (file:///Users/shaperosteve/social-media-app/node_modules/.pnpm/@vitest+runner@2.1.9/node_modules/@vitest/runner/dist/index.js:1056:11)\n    at runSuite (file:///Users/shaperosteve/social-media-app/node_modules/.pnpm/@vitest+runner@2.1.9/node_modules/@vitest/runner/dist/index.js:1205:15)\n    at runSuite (file:///Users/shaperosteve/social-media-app/node_modules/.pnpm/@vitest+runner@2.1.9/node_modules/@vitest/runner/dist/index.js:1205:15)\n    at runSuite (file:///Users/shaperosteve/social-media-app/node_modules/.pnpm/@vitest+runner@2.1.9/node_modules/@vitest/runner/dist/index.js:1205:15)\n    at runFiles (file:///Users/shaperosteve/social-media-app/node_modules/.pnpm/@vitest+runner@2.1.9/node_modules/@vitest/runner/dist/index.js:1262:5)\n    at startTests (file:///Users/shaperosteve/social-media-app/node_modules/.pnpm/@vitest+runner@2.1.9/node_modules/@vitest/runner/dist/index.js:1271:3)\n    at file:///Users/shaperosteve/social-media-app/node_modules/.pnpm/vitest@2.1.9_@types+node@22.18.6_@vitest+ui@1.6.1_vitest@1.6.1__jsdom@27.0.0_postcss@8._b43aeb7d804b8bbd75d8ae1cb26cbf7a/node_modules/vitest/dist/chunks/runBaseTests.3qpJUEJM.js:126:11"],"meta":{}},{"ancestorTitles":["Feed Workflow Integration","Error Handling and Edge Cases"],"fullName":"Feed Workflow Integration Error Handling and Edge Cases should handle fetching feed without authentication","status":"passed","title":"should handle fetching feed without authentication","duration":1.8112919999985024,"failureMessages":[],"meta":{}},{"ancestorTitles":["Feed Workflow Integration","Error Handling and Edge Cases"],"fullName":"Feed Workflow Integration Error Handling and Edge Cases should handle invalid pagination parameters","status":"passed","title":"should handle invalid pagination parameters","duration":3.258624999998574,"failureMessages":[],"meta":{}},{"ancestorTitles":["Feed Workflow Integration","Error Handling and Edge Cases"],"fullName":"Feed Workflow Integration Error Handling and Edge Cases should handle concurrent posts and follows gracefully","status":"failed","title":"should handle concurrent posts and follows gracefully","duration":68.41395799999736,"failureMessages":["HttpClientError: HTTP 400: Bad Request\n    at HttpClient.request (/Users/shaperosteve/social-media-app/packages/integration-tests/src/utils/http-client.ts:102:15)\n    at processTicksAndRejections (node:internal/process/task_queues:105:5)\n    at /Users/shaperosteve/social-media-app/packages/integration-tests/src/scenarios/feed-workflow.test.ts:905:42\n    at file:///Users/shaperosteve/social-media-app/node_modules/.pnpm/@vitest+runner@2.1.9/node_modules/@vitest/runner/dist/index.js:533:5\n    at runTest (file:///Users/shaperosteve/social-media-app/node_modules/.pnpm/@vitest+runner@2.1.9/node_modules/@vitest/runner/dist/index.js:1056:11)\n    at runSuite (file:///Users/shaperosteve/social-media-app/node_modules/.pnpm/@vitest+runner@2.1.9/node_modules/@vitest/runner/dist/index.js:1205:15)\n    at runSuite (file:///Users/shaperosteve/social-media-app/node_modules/.pnpm/@vitest+runner@2.1.9/node_modules/@vitest/runner/dist/index.js:1205:15)\n    at runSuite (file:///Users/shaperosteve/social-media-app/node_modules/.pnpm/@vitest+runner@2.1.9/node_modules/@vitest/runner/dist/index.js:1205:15)\n    at runFiles (file:///Users/shaperosteve/social-media-app/node_modules/.pnpm/@vitest+runner@2.1.9/node_modules/@vitest/runner/dist/index.js:1262:5)\n    at startTests (file:///Users/shaperosteve/social-media-app/node_modules/.pnpm/@vitest+runner@2.1.9/node_modules/@vitest/runner/dist/index.js:1271:3)"],"meta":{}}],"startTime":1760434830417,"endTime":1760434858373.414,"status":"failed","message":"","name":"/Users/shaperosteve/social-media-app/packages/integration-tests/src/scenarios/feed-workflow.test.ts"},{"assertionResults":[{"ancestorTitles":["Follows Workflow Integration","Follow and Unfollow Operations"],"fullName":"Follows Workflow Integration Follow and Unfollow Operations should follow a user successfully","status":"passed","title":"should follow a user successfully","duration":173.8660420000001,"failureMessages":[],"meta":{}},{"ancestorTitles":["Follows Workflow Integration","Follow and Unfollow Operations"],"fullName":"Follows Workflow Integration Follow and Unfollow Operations should be idempotent when following the same user twice","status":"passed","title":"should be idempotent when following the same user twice","duration":151.060833,"failureMessages":[],"meta":{}},{"ancestorTitles":["Follows Workflow Integration","Follow and Unfollow Operations"],"fullName":"Follows Workflow Integration Follow and Unfollow Operations should get follow status for a user","status":"passed","title":"should get follow status for a user","duration":19.259457999999995,"failureMessages":[],"meta":{}},{"ancestorTitles":["Follows Workflow Integration","Follow and Unfollow Operations"],"fullName":"Follows Workflow Integration Follow and Unfollow Operations should unfollow a user successfully","status":"passed","title":"should unfollow a user successfully","duration":81.90270799999985,"failureMessages":[],"meta":{}},{"ancestorTitles":["Follows Workflow Integration","Follow and Unfollow Operations"],"fullName":"Follows Workflow Integration Follow and Unfollow Operations should be idempotent when unfollowing a user not followed","status":"passed","title":"should be idempotent when unfollowing a user not followed","duration":37.137707999999975,"failureMessages":[],"meta":{}},{"ancestorTitles":["Follows Workflow Integration","Mutual Follow Relationships"],"fullName":"Follows Workflow Integration Mutual Follow Relationships should allow mutual follows","status":"passed","title":"should allow mutual follows","duration":374.08387500000003,"failureMessages":[],"meta":{}},{"ancestorTitles":["Follows Workflow Integration","Mutual Follow Relationships"],"fullName":"Follows Workflow Integration Mutual Follow Relationships should handle multiple followers for one user","status":"passed","title":"should handle multiple followers for one user","duration":124.56995800000004,"failureMessages":[],"meta":{}},{"ancestorTitles":["Follows Workflow Integration","Error Handling"],"fullName":"Follows Workflow Integration Error Handling should return 401 when following without authentication","status":"passed","title":"should return 401 when following without authentication","duration":1.1566659999998592,"failureMessages":[],"meta":{}},{"ancestorTitles":["Follows Workflow Integration","Error Handling"],"fullName":"Follows Workflow Integration Error Handling should return 400 when following with invalid userId","status":"passed","title":"should return 400 when following with invalid userId","duration":1.3577919999997903,"failureMessages":[],"meta":{}},{"ancestorTitles":["Follows Workflow Integration","Error Handling"],"fullName":"Follows Workflow Integration Error Handling should return false when checking follow status for user not followed","status":"passed","title":"should return false when checking follow status for user not followed","duration":147.85016700000006,"failureMessages":[],"meta":{}}],"startTime":1760434829895,"endTime":1760434831007.85,"status":"passed","message":"","name":"/Users/shaperosteve/social-media-app/packages/integration-tests/src/scenarios/follows-workflow.test.ts"},{"assertionResults":[{"ancestorTitles":["LocalStack Image Upload Integration","Presigned URL Generation"],"fullName":"LocalStack Image Upload Integration Presigned URL Generation should generate LocalStack presigned URLs for post images","status":"passed","title":"should generate LocalStack presigned URLs for post images","duration":69.62850000000003,"failureMessages":[],"meta":{}},{"ancestorTitles":["LocalStack Image Upload Integration","Presigned URL Generation"],"fullName":"LocalStack Image Upload Integration Presigned URL Generation should generate LocalStack presigned URLs for profile pictures","status":"passed","title":"should generate LocalStack presigned URLs for profile pictures","duration":110.96737499999995,"failureMessages":[],"meta":{}},{"ancestorTitles":["LocalStack Image Upload Integration","Post Creation with LocalStack Images"],"fullName":"LocalStack Image Upload Integration Post Creation with LocalStack Images should create post with LocalStack image URLs","status":"passed","title":"should create post with LocalStack image URLs","duration":223.31258300000013,"failureMessages":[],"meta":{}},{"ancestorTitles":["LocalStack Image Upload Integration","Post Creation with LocalStack Images"],"fullName":"LocalStack Image Upload Integration Post Creation with LocalStack Images should maintain LocalStack URLs in post retrieval","status":"passed","title":"should maintain LocalStack URLs in post retrieval","duration":353.089375,"failureMessages":[],"meta":{}},{"ancestorTitles":["LocalStack Image Upload Integration","Error Handling"],"fullName":"LocalStack Image Upload Integration Error Handling should handle invalid file types gracefully","status":"passed","title":"should handle invalid file types gracefully","duration":119.55504099999985,"failureMessages":[],"meta":{}},{"ancestorTitles":["LocalStack Image Upload Integration","Error Handling"],"fullName":"LocalStack Image Upload Integration Error Handling should handle unauthenticated requests","status":"passed","title":"should handle unauthenticated requests","duration":97.1267499999999,"failureMessages":[],"meta":{}}],"startTime":1760434829869,"endTime":1760434830843.1267,"status":"passed","message":"","name":"/Users/shaperosteve/social-media-app/packages/integration-tests/src/scenarios/image-upload.test.ts"},{"assertionResults":[{"ancestorTitles":["Kinesis Event Publishing Integration","Stream Connectivity"],"fullName":"Kinesis Event Publishing Integration Stream Connectivity can connect to LocalStack Kinesis stream","status":"failed","title":"can connect to LocalStack Kinesis stream","duration":27.06833299999994,"failureMessages":["ResourceNotFoundException: Stream arn arn:aws:kinesis:us-east-1:000000000000:stream/feed-events-local not found\n    at de_ResourceNotFoundExceptionRes (/Users/shaperosteve/social-media-app/node_modules/.pnpm/@aws-sdk+client-kinesis@3.908.0/node_modules/@aws-sdk/client-kinesis/dist-cjs/index.js:1225:23)\n    at de_CommandError (/Users/shaperosteve/social-media-app/node_modules/.pnpm/@aws-sdk+client-kinesis@3.908.0/node_modules/@aws-sdk/client-kinesis/dist-cjs/index.js:1053:25)\n    at processTicksAndRejections (node:internal/process/task_queues:105:5)\n    at /Users/shaperosteve/social-media-app/node_modules/.pnpm/@smithy+middleware-serde@4.2.0/node_modules/@smithy/middleware-serde/dist-cjs/index.js:8:24\n    at /Users/shaperosteve/social-media-app/node_modules/.pnpm/@smithy+core@3.15.0/node_modules/@smithy/core/dist-cjs/index.js:121:20\n    at /Users/shaperosteve/social-media-app/node_modules/.pnpm/@smithy+middleware-retry@4.4.1/node_modules/@smithy/middleware-retry/dist-cjs/index.js:254:46\n    at /Users/shaperosteve/social-media-app/node_modules/.pnpm/@aws-sdk+middleware-logger@3.901.0/node_modules/@aws-sdk/middleware-logger/dist-cjs/index.js:33:22\n    at /Users/shaperosteve/social-media-app/packages/integration-tests/src/scenarios/kinesis-events.test.ts:77:24\n    at file:///Users/shaperosteve/social-media-app/node_modules/.pnpm/@vitest+runner@2.1.9/node_modules/@vitest/runner/dist/index.js:533:5\n    at runTest (file:///Users/shaperosteve/social-media-app/node_modules/.pnpm/@vitest+runner@2.1.9/node_modules/@vitest/runner/dist/index.js:1056:11)"],"meta":{}},{"ancestorTitles":["Kinesis Event Publishing Integration","Stream Connectivity"],"fullName":"Kinesis Event Publishing Integration Stream Connectivity stream has correct shard configuration","status":"failed","title":"stream has correct shard configuration","duration":31.26329199999998,"failureMessages":["ResourceNotFoundException: Stream arn arn:aws:kinesis:us-east-1:000000000000:stream/feed-events-local not found\n    at de_ResourceNotFoundExceptionRes (/Users/shaperosteve/social-media-app/node_modules/.pnpm/@aws-sdk+client-kinesis@3.908.0/node_modules/@aws-sdk/client-kinesis/dist-cjs/index.js:1225:23)\n    at de_CommandError (/Users/shaperosteve/social-media-app/node_modules/.pnpm/@aws-sdk+client-kinesis@3.908.0/node_modules/@aws-sdk/client-kinesis/dist-cjs/index.js:1053:25)\n    at processTicksAndRejections (node:internal/process/task_queues:105:5)\n    at /Users/shaperosteve/social-media-app/node_modules/.pnpm/@smithy+middleware-serde@4.2.0/node_modules/@smithy/middleware-serde/dist-cjs/index.js:8:24\n    at /Users/shaperosteve/social-media-app/node_modules/.pnpm/@smithy+core@3.15.0/node_modules/@smithy/core/dist-cjs/index.js:121:20\n    at /Users/shaperosteve/social-media-app/node_modules/.pnpm/@smithy+middleware-retry@4.4.1/node_modules/@smithy/middleware-retry/dist-cjs/index.js:254:46\n    at /Users/shaperosteve/social-media-app/node_modules/.pnpm/@aws-sdk+middleware-logger@3.901.0/node_modules/@aws-sdk/middleware-logger/dist-cjs/index.js:33:22\n    at /Users/shaperosteve/social-media-app/packages/integration-tests/src/scenarios/kinesis-events.test.ts:87:24\n    at file:///Users/shaperosteve/social-media-app/node_modules/.pnpm/@vitest+runner@2.1.9/node_modules/@vitest/runner/dist/index.js:533:5\n    at runTest (file:///Users/shaperosteve/social-media-app/node_modules/.pnpm/@vitest+runner@2.1.9/node_modules/@vitest/runner/dist/index.js:1056:11)"],"meta":{}},{"ancestorTitles":["Kinesis Event Publishing Integration","Event Publishing via KinesisEventPublisher"],"fullName":"Kinesis Event Publishing Integration Event Publishing via KinesisEventPublisher publishes POST_CREATED event successfully","status":"failed","title":"publishes POST_CREATED event successfully","duration":29.995041000000015,"failureMessages":["Error: promise rejected \"Error: Failed to publish event: Stream ar…\" instead of resolving\n    at _Assertion.__VITEST_RESOLVES__ (file:///Users/shaperosteve/social-media-app/node_modules/.pnpm/@vitest+expect@2.1.9/node_modules/@vitest/expect/dist/index.js:1746:21)\n    at _Assertion.propertyGetter (file:///Users/shaperosteve/social-media-app/node_modules/.pnpm/chai@5.3.3/node_modules/chai/index.js:1557:27)\n    at Reflect.get (<anonymous>)\n    at Object.proxyGetter [as get] (file:///Users/shaperosteve/social-media-app/node_modules/.pnpm/chai@5.3.3/node_modules/chai/index.js:1645:22)\n    at /Users/shaperosteve/social-media-app/packages/integration-tests/src/scenarios/kinesis-events.test.ts:125:56\n    at file:///Users/shaperosteve/social-media-app/node_modules/.pnpm/@vitest+runner@2.1.9/node_modules/@vitest/runner/dist/index.js:146:14\n    at file:///Users/shaperosteve/social-media-app/node_modules/.pnpm/@vitest+runner@2.1.9/node_modules/@vitest/runner/dist/index.js:533:11\n    at runWithTimeout (file:///Users/shaperosteve/social-media-app/node_modules/.pnpm/@vitest+runner@2.1.9/node_modules/@vitest/runner/dist/index.js:39:7)\n    at runTest (file:///Users/shaperosteve/social-media-app/node_modules/.pnpm/@vitest+runner@2.1.9/node_modules/@vitest/runner/dist/index.js:1056:17)\n    at processTicksAndRejections (node:internal/process/task_queues:105:5)"],"meta":{}},{"ancestorTitles":["Kinesis Event Publishing Integration","Event Publishing via KinesisEventPublisher"],"fullName":"Kinesis Event Publishing Integration Event Publishing via KinesisEventPublisher publishes POST_READ event successfully","status":"failed","title":"publishes POST_READ event successfully","duration":11.424624999999992,"failureMessages":["Error: promise rejected \"Error: Failed to publish event: Stream ar…\" instead of resolving\n    at _Assertion.__VITEST_RESOLVES__ (file:///Users/shaperosteve/social-media-app/node_modules/.pnpm/@vitest+expect@2.1.9/node_modules/@vitest/expect/dist/index.js:1746:21)\n    at _Assertion.propertyGetter (file:///Users/shaperosteve/social-media-app/node_modules/.pnpm/chai@5.3.3/node_modules/chai/index.js:1557:27)\n    at Reflect.get (<anonymous>)\n    at Object.proxyGetter [as get] (file:///Users/shaperosteve/social-media-app/node_modules/.pnpm/chai@5.3.3/node_modules/chai/index.js:1645:22)\n    at /Users/shaperosteve/social-media-app/packages/integration-tests/src/scenarios/kinesis-events.test.ts:167:56\n    at file:///Users/shaperosteve/social-media-app/node_modules/.pnpm/@vitest+runner@2.1.9/node_modules/@vitest/runner/dist/index.js:146:14\n    at file:///Users/shaperosteve/social-media-app/node_modules/.pnpm/@vitest+runner@2.1.9/node_modules/@vitest/runner/dist/index.js:533:11\n    at runWithTimeout (file:///Users/shaperosteve/social-media-app/node_modules/.pnpm/@vitest+runner@2.1.9/node_modules/@vitest/runner/dist/index.js:39:7)\n    at runTest (file:///Users/shaperosteve/social-media-app/node_modules/.pnpm/@vitest+runner@2.1.9/node_modules/@vitest/runner/dist/index.js:1056:17)\n    at processTicksAndRejections (node:internal/process/task_queues:105:5)"],"meta":{}},{"ancestorTitles":["Kinesis Event Publishing Integration","Event Publishing via KinesisEventPublisher"],"fullName":"Kinesis Event Publishing Integration Event Publishing via KinesisEventPublisher publishes POST_LIKED event successfully","status":"failed","title":"publishes POST_LIKED event successfully","duration":16.354791999999975,"failureMessages":["Error: promise rejected \"Error: Failed to publish event: Stream ar…\" instead of resolving\n    at _Assertion.__VITEST_RESOLVES__ (file:///Users/shaperosteve/social-media-app/node_modules/.pnpm/@vitest+expect@2.1.9/node_modules/@vitest/expect/dist/index.js:1746:21)\n    at _Assertion.propertyGetter (file:///Users/shaperosteve/social-media-app/node_modules/.pnpm/chai@5.3.3/node_modules/chai/index.js:1557:27)\n    at Reflect.get (<anonymous>)\n    at Object.proxyGetter [as get] (file:///Users/shaperosteve/social-media-app/node_modules/.pnpm/chai@5.3.3/node_modules/chai/index.js:1645:22)\n    at /Users/shaperosteve/social-media-app/packages/integration-tests/src/scenarios/kinesis-events.test.ts:215:56\n    at file:///Users/shaperosteve/social-media-app/node_modules/.pnpm/@vitest+runner@2.1.9/node_modules/@vitest/runner/dist/index.js:146:14\n    at file:///Users/shaperosteve/social-media-app/node_modules/.pnpm/@vitest+runner@2.1.9/node_modules/@vitest/runner/dist/index.js:533:11\n    at runWithTimeout (file:///Users/shaperosteve/social-media-app/node_modules/.pnpm/@vitest+runner@2.1.9/node_modules/@vitest/runner/dist/index.js:39:7)\n    at runTest (file:///Users/shaperosteve/social-media-app/node_modules/.pnpm/@vitest+runner@2.1.9/node_modules/@vitest/runner/dist/index.js:1056:17)\n    at processTicksAndRejections (node:internal/process/task_queues:105:5)"],"meta":{}},{"ancestorTitles":["Kinesis Event Publishing Integration","Event Publishing via KinesisEventPublisher"],"fullName":"Kinesis Event Publishing Integration Event Publishing via KinesisEventPublisher publishes multiple events in batch","status":"failed","title":"publishes multiple events in batch","duration":14.67533400000002,"failureMessages":["AssertionError: expected +0 to be 5 // Object.is equality\n    at /Users/shaperosteve/social-media-app/packages/integration-tests/src/scenarios/kinesis-events.test.ts:262:35\n    at processTicksAndRejections (node:internal/process/task_queues:105:5)\n    at file:///Users/shaperosteve/social-media-app/node_modules/.pnpm/@vitest+runner@2.1.9/node_modules/@vitest/runner/dist/index.js:533:5\n    at runTest (file:///Users/shaperosteve/social-media-app/node_modules/.pnpm/@vitest+runner@2.1.9/node_modules/@vitest/runner/dist/index.js:1056:11)\n    at runSuite (file:///Users/shaperosteve/social-media-app/node_modules/.pnpm/@vitest+runner@2.1.9/node_modules/@vitest/runner/dist/index.js:1205:15)\n    at runSuite (file:///Users/shaperosteve/social-media-app/node_modules/.pnpm/@vitest+runner@2.1.9/node_modules/@vitest/runner/dist/index.js:1205:15)\n    at runSuite (file:///Users/shaperosteve/social-media-app/node_modules/.pnpm/@vitest+runner@2.1.9/node_modules/@vitest/runner/dist/index.js:1205:15)\n    at runFiles (file:///Users/shaperosteve/social-media-app/node_modules/.pnpm/@vitest+runner@2.1.9/node_modules/@vitest/runner/dist/index.js:1262:5)\n    at startTests (file:///Users/shaperosteve/social-media-app/node_modules/.pnpm/@vitest+runner@2.1.9/node_modules/@vitest/runner/dist/index.js:1271:3)\n    at file:///Users/shaperosteve/social-media-app/node_modules/.pnpm/vitest@2.1.9_@types+node@22.18.6_@vitest+ui@1.6.1_vitest@1.6.1__jsdom@27.0.0_postcss@8._b43aeb7d804b8bbd75d8ae1cb26cbf7a/node_modules/vitest/dist/chunks/runBaseTests.3qpJUEJM.js:126:11"],"meta":{}},{"ancestorTitles":["Kinesis Event Publishing Integration","Event Publishing via KinesisEventPublisher"],"fullName":"Kinesis Event Publishing Integration Event Publishing via KinesisEventPublisher handles empty batch gracefully","status":"passed","title":"handles empty batch gracefully","duration":0.1866250000000491,"failureMessages":[],"meta":{}},{"ancestorTitles":["Kinesis Event Publishing Integration","Event Publishing via KinesisEventPublisher"],"fullName":"Kinesis Event Publishing Integration Event Publishing via KinesisEventPublisher validates event schema before publishing","status":"passed","title":"validates event schema before publishing","duration":0.7250420000000304,"failureMessages":[],"meta":{}},{"ancestorTitles":["Kinesis Event Publishing Integration","End-to-End Event Flow"],"fullName":"Kinesis Event Publishing Integration End-to-End Event Flow POST_CREATED event published when post is created","status":"failed","title":"POST_CREATED event published when post is created","duration":569.4510000000001,"failureMessages":["ResourceNotFoundException: Stream arn arn:aws:kinesis:us-east-1:000000000000:stream/feed-events-local not found\n    at de_ResourceNotFoundExceptionRes (/Users/shaperosteve/social-media-app/node_modules/.pnpm/@aws-sdk+client-kinesis@3.908.0/node_modules/@aws-sdk/client-kinesis/dist-cjs/index.js:1225:23)\n    at de_CommandError (/Users/shaperosteve/social-media-app/node_modules/.pnpm/@aws-sdk+client-kinesis@3.908.0/node_modules/@aws-sdk/client-kinesis/dist-cjs/index.js:1053:25)\n    at processTicksAndRejections (node:internal/process/task_queues:105:5)\n    at /Users/shaperosteve/social-media-app/node_modules/.pnpm/@smithy+middleware-serde@4.2.0/node_modules/@smithy/middleware-serde/dist-cjs/index.js:8:24\n    at /Users/shaperosteve/social-media-app/node_modules/.pnpm/@smithy+core@3.15.0/node_modules/@smithy/core/dist-cjs/index.js:121:20\n    at /Users/shaperosteve/social-media-app/node_modules/.pnpm/@smithy+middleware-retry@4.4.1/node_modules/@smithy/middleware-retry/dist-cjs/index.js:254:46\n    at /Users/shaperosteve/social-media-app/node_modules/.pnpm/@aws-sdk+middleware-logger@3.901.0/node_modules/@aws-sdk/middleware-logger/dist-cjs/index.js:33:22\n    at getAllEventsFromStream (/Users/shaperosteve/social-media-app/packages/integration-tests/src/scenarios/kinesis-events.test.ts:638:26)\n    at __vite_ssr_import_8__.waitForCondition.timeout (/Users/shaperosteve/social-media-app/packages/integration-tests/src/scenarios/kinesis-events.test.ts:308:26)\n    at Module.waitForCondition (/Users/shaperosteve/social-media-app/packages/integration-tests/src/utils/test-helpers.ts:72:9)"],"meta":{}},{"ancestorTitles":["Kinesis Event Publishing Integration","End-to-End Event Flow"],"fullName":"Kinesis Event Publishing Integration End-to-End Event Flow POST_READ event published when post is marked as read","status":"failed","title":"POST_READ event published when post is marked as read","duration":586.911542,"failureMessages":["ResourceNotFoundException: Stream arn arn:aws:kinesis:us-east-1:000000000000:stream/feed-events-local not found\n    at de_ResourceNotFoundExceptionRes (/Users/shaperosteve/social-media-app/node_modules/.pnpm/@aws-sdk+client-kinesis@3.908.0/node_modules/@aws-sdk/client-kinesis/dist-cjs/index.js:1225:23)\n    at de_CommandError (/Users/shaperosteve/social-media-app/node_modules/.pnpm/@aws-sdk+client-kinesis@3.908.0/node_modules/@aws-sdk/client-kinesis/dist-cjs/index.js:1053:25)\n    at processTicksAndRejections (node:internal/process/task_queues:105:5)\n    at /Users/shaperosteve/social-media-app/node_modules/.pnpm/@smithy+middleware-serde@4.2.0/node_modules/@smithy/middleware-serde/dist-cjs/index.js:8:24\n    at /Users/shaperosteve/social-media-app/node_modules/.pnpm/@smithy+core@3.15.0/node_modules/@smithy/core/dist-cjs/index.js:121:20\n    at /Users/shaperosteve/social-media-app/node_modules/.pnpm/@smithy+middleware-retry@4.4.1/node_modules/@smithy/middleware-retry/dist-cjs/index.js:254:46\n    at /Users/shaperosteve/social-media-app/node_modules/.pnpm/@aws-sdk+middleware-logger@3.901.0/node_modules/@aws-sdk/middleware-logger/dist-cjs/index.js:33:22\n    at getAllEventsFromStream (/Users/shaperosteve/social-media-app/packages/integration-tests/src/scenarios/kinesis-events.test.ts:638:26)\n    at __vite_ssr_import_8__.waitForCondition.timeout (/Users/shaperosteve/social-media-app/packages/integration-tests/src/scenarios/kinesis-events.test.ts:360:26)\n    at Module.waitForCondition (/Users/shaperosteve/social-media-app/packages/integration-tests/src/utils/test-helpers.ts:72:9)"],"meta":{}},{"ancestorTitles":["Kinesis Event Publishing Integration","End-to-End Event Flow"],"fullName":"Kinesis Event Publishing Integration End-to-End Event Flow POST_LIKED event published when post is liked","status":"failed","title":"POST_LIKED event published when post is liked","duration":418.545666,"failureMessages":["ResourceNotFoundException: Stream arn arn:aws:kinesis:us-east-1:000000000000:stream/feed-events-local not found\n    at de_ResourceNotFoundExceptionRes (/Users/shaperosteve/social-media-app/node_modules/.pnpm/@aws-sdk+client-kinesis@3.908.0/node_modules/@aws-sdk/client-kinesis/dist-cjs/index.js:1225:23)\n    at de_CommandError (/Users/shaperosteve/social-media-app/node_modules/.pnpm/@aws-sdk+client-kinesis@3.908.0/node_modules/@aws-sdk/client-kinesis/dist-cjs/index.js:1053:25)\n    at processTicksAndRejections (node:internal/process/task_queues:105:5)\n    at /Users/shaperosteve/social-media-app/node_modules/.pnpm/@smithy+middleware-serde@4.2.0/node_modules/@smithy/middleware-serde/dist-cjs/index.js:8:24\n    at /Users/shaperosteve/social-media-app/node_modules/.pnpm/@smithy+core@3.15.0/node_modules/@smithy/core/dist-cjs/index.js:121:20\n    at /Users/shaperosteve/social-media-app/node_modules/.pnpm/@smithy+middleware-retry@4.4.1/node_modules/@smithy/middleware-retry/dist-cjs/index.js:254:46\n    at /Users/shaperosteve/social-media-app/node_modules/.pnpm/@aws-sdk+middleware-logger@3.901.0/node_modules/@aws-sdk/middleware-logger/dist-cjs/index.js:33:22\n    at getAllEventsFromStream (/Users/shaperosteve/social-media-app/packages/integration-tests/src/scenarios/kinesis-events.test.ts:638:26)\n    at __vite_ssr_import_8__.waitForCondition.timeout (/Users/shaperosteve/social-media-app/packages/integration-tests/src/scenarios/kinesis-events.test.ts:413:26)\n    at Module.waitForCondition (/Users/shaperosteve/social-media-app/packages/integration-tests/src/utils/test-helpers.ts:72:9)"],"meta":{}},{"ancestorTitles":["Kinesis Event Publishing Integration","End-to-End Event Flow"],"fullName":"Kinesis Event Publishing Integration End-to-End Event Flow batch POST_READ events published for multiple posts","status":"failed","title":"batch POST_READ events published for multiple posts","duration":442.900083,"failureMessages":["ResourceNotFoundException: Stream arn arn:aws:kinesis:us-east-1:000000000000:stream/feed-events-local not found\n    at de_ResourceNotFoundExceptionRes (/Users/shaperosteve/social-media-app/node_modules/.pnpm/@aws-sdk+client-kinesis@3.908.0/node_modules/@aws-sdk/client-kinesis/dist-cjs/index.js:1225:23)\n    at de_CommandError (/Users/shaperosteve/social-media-app/node_modules/.pnpm/@aws-sdk+client-kinesis@3.908.0/node_modules/@aws-sdk/client-kinesis/dist-cjs/index.js:1053:25)\n    at processTicksAndRejections (node:internal/process/task_queues:105:5)\n    at /Users/shaperosteve/social-media-app/node_modules/.pnpm/@smithy+middleware-serde@4.2.0/node_modules/@smithy/middleware-serde/dist-cjs/index.js:8:24\n    at /Users/shaperosteve/social-media-app/node_modules/.pnpm/@smithy+core@3.15.0/node_modules/@smithy/core/dist-cjs/index.js:121:20\n    at /Users/shaperosteve/social-media-app/node_modules/.pnpm/@smithy+middleware-retry@4.4.1/node_modules/@smithy/middleware-retry/dist-cjs/index.js:254:46\n    at /Users/shaperosteve/social-media-app/node_modules/.pnpm/@aws-sdk+middleware-logger@3.901.0/node_modules/@aws-sdk/middleware-logger/dist-cjs/index.js:33:22\n    at getAllEventsFromStream (/Users/shaperosteve/social-media-app/packages/integration-tests/src/scenarios/kinesis-events.test.ts:638:26)\n    at __vite_ssr_import_8__.waitForCondition.timeout (/Users/shaperosteve/social-media-app/packages/integration-tests/src/scenarios/kinesis-events.test.ts:468:26)\n    at Module.waitForCondition (/Users/shaperosteve/social-media-app/packages/integration-tests/src/utils/test-helpers.ts:72:9)"],"meta":{}},{"ancestorTitles":["Kinesis Event Publishing Integration","Error Handling"],"fullName":"Kinesis Event Publishing Integration Error Handling API operations succeed even if Kinesis publishing fails","status":"passed","title":"API operations succeed even if Kinesis publishing fails","duration":330.80279199999995,"failureMessages":[],"meta":{}}],"startTime":1760434829461,"endTime":1760434831941.8027,"status":"failed","message":"","name":"/Users/shaperosteve/social-media-app/packages/integration-tests/src/scenarios/kinesis-events.test.ts"},{"assertionResults":[{"ancestorTitles":["Likes Workflow Integration","Like and Unlike Operations"],"fullName":"Likes Workflow Integration Like and Unlike Operations should like a post successfully","status":"passed","title":"should like a post successfully","duration":137.9454169999999,"failureMessages":[],"meta":{}},{"ancestorTitles":["Likes Workflow Integration","Like and Unlike Operations"],"fullName":"Likes Workflow Integration Like and Unlike Operations should be idempotent when liking the same post twice","status":"passed","title":"should be idempotent when liking the same post twice","duration":98.1339579999999,"failureMessages":[],"meta":{}},{"ancestorTitles":["Likes Workflow Integration","Like and Unlike Operations"],"fullName":"Likes Workflow Integration Like and Unlike Operations should get like status for a post","status":"passed","title":"should get like status for a post","duration":41.66929200000004,"failureMessages":[],"meta":{}},{"ancestorTitles":["Likes Workflow Integration","Like and Unlike Operations"],"fullName":"Likes Workflow Integration Like and Unlike Operations should unlike a post successfully","status":"passed","title":"should unlike a post successfully","duration":147.24995799999988,"failureMessages":[],"meta":{}},{"ancestorTitles":["Likes Workflow Integration","Like and Unlike Operations"],"fullName":"Likes Workflow Integration Like and Unlike Operations should be idempotent when unliking a post not liked","status":"passed","title":"should be idempotent when unliking a post not liked","duration":141.5117499999999,"failureMessages":[],"meta":{}},{"ancestorTitles":["Likes Workflow Integration","Multiple Users Liking"],"fullName":"Likes Workflow Integration Multiple Users Liking should allow multiple users to like the same post","status":"passed","title":"should allow multiple users to like the same post","duration":328.143417,"failureMessages":[],"meta":{}},{"ancestorTitles":["Likes Workflow Integration","Error Handling"],"fullName":"Likes Workflow Integration Error Handling should return 401 when liking without authentication","status":"passed","title":"should return 401 when liking without authentication","duration":1.0755410000001575,"failureMessages":[],"meta":{}},{"ancestorTitles":["Likes Workflow Integration","Error Handling"],"fullName":"Likes Workflow Integration Error Handling should return 400 when liking with invalid postId","status":"passed","title":"should return 400 when liking with invalid postId","duration":0.9236249999999018,"failureMessages":[],"meta":{}}],"startTime":1760434830137,"endTime":1760434831033.9236,"status":"passed","message":"","name":"/Users/shaperosteve/social-media-app/packages/integration-tests/src/scenarios/likes-workflow.test.ts"},{"assertionResults":[{"ancestorTitles":["Notifications Workflow Integration","Create Notifications via Interactions"],"fullName":"Notifications Workflow Integration Create Notifications via Interactions should create notification when user likes a post","status":"passed","title":"should create notification when user likes a post","duration":1303.476333,"failureMessages":[],"meta":{}},{"ancestorTitles":["Notifications Workflow Integration","Create Notifications via Interactions"],"fullName":"Notifications Workflow Integration Create Notifications via Interactions should create notification when user comments on a post","status":"passed","title":"should create notification when user comments on a post","duration":1102.261916,"failureMessages":[],"meta":{}},{"ancestorTitles":["Notifications Workflow Integration","Create Notifications via Interactions"],"fullName":"Notifications Workflow Integration Create Notifications via Interactions should create notification when user follows another user","status":"passed","title":"should create notification when user follows another user","duration":1068.1863750000002,"failureMessages":[],"meta":{}},{"ancestorTitles":["Notifications Workflow Integration","Fetch Notifications List"],"fullName":"Notifications Workflow Integration Fetch Notifications List should retrieve all notifications for user","status":"passed","title":"should retrieve all notifications for user","duration":14.177999999999884,"failureMessages":[],"meta":{}},{"ancestorTitles":["Notifications Workflow Integration","Fetch Notifications List"],"fullName":"Notifications Workflow Integration Fetch Notifications List should respect pagination limit","status":"passed","title":"should respect pagination limit","duration":12.542707999999948,"failureMessages":[],"meta":{}},{"ancestorTitles":["Notifications Workflow Integration","Fetch Notifications List"],"fullName":"Notifications Workflow Integration Fetch Notifications List should support pagination with cursor","status":"passed","title":"should support pagination with cursor","duration":20.966583000000355,"failureMessages":[],"meta":{}},{"ancestorTitles":["Notifications Workflow Integration","Fetch Notifications List"],"fullName":"Notifications Workflow Integration Fetch Notifications List should filter notifications by status (unread)","status":"passed","title":"should filter notifications by status (unread)","duration":11.186957999999322,"failureMessages":[],"meta":{}},{"ancestorTitles":["Notifications Workflow Integration","Fetch Notifications List"],"fullName":"Notifications Workflow Integration Fetch Notifications List should return empty array for user with no notifications","status":"passed","title":"should return empty array for user with no notifications","duration":8.732374999999593,"failureMessages":[],"meta":{}},{"ancestorTitles":["Notifications Workflow Integration","Unread Count"],"fullName":"Notifications Workflow Integration Unread Count should get unread notification count","status":"passed","title":"should get unread notification count","duration":5.833834000000024,"failureMessages":[],"meta":{}},{"ancestorTitles":["Notifications Workflow Integration","Unread Count"],"fullName":"Notifications Workflow Integration Unread Count should return zero for user with no unread notifications","status":"passed","title":"should return zero for user with no unread notifications","duration":6.8463330000004134,"failureMessages":[],"meta":{}},{"ancestorTitles":["Notifications Workflow Integration","Mark Notifications as Read"],"fullName":"Notifications Workflow Integration Mark Notifications as Read should mark single notification as read","status":"passed","title":"should mark single notification as read","duration":31.872333000000253,"failureMessages":[],"meta":{}},{"ancestorTitles":["Notifications Workflow Integration","Mark Notifications as Read"],"fullName":"Notifications Workflow Integration Mark Notifications as Read should be idempotent when marking already-read notification","status":"passed","title":"should be idempotent when marking already-read notification","duration":15.164458000000195,"failureMessages":[],"meta":{}},{"ancestorTitles":["Notifications Workflow Integration","Mark Notifications as Read"],"fullName":"Notifications Workflow Integration Mark Notifications as Read should update unread count after marking as read","status":"passed","title":"should update unread count after marking as read","duration":13.691791000000194,"failureMessages":[],"meta":{}},{"ancestorTitles":["Notifications Workflow Integration","Mark All Notifications as Read"],"fullName":"Notifications Workflow Integration Mark All Notifications as Read should mark all notifications as read","status":"passed","title":"should mark all notifications as read","duration":35.58870900000056,"failureMessages":[],"meta":{}},{"ancestorTitles":["Notifications Workflow Integration","Mark All Notifications as Read"],"fullName":"Notifications Workflow Integration Mark All Notifications as Read should be idempotent when no unread notifications exist","status":"passed","title":"should be idempotent when no unread notifications exist","duration":5.630834000000505,"failureMessages":[],"meta":{}},{"ancestorTitles":["Notifications Workflow Integration","Delete Notifications"],"fullName":"Notifications Workflow Integration Delete Notifications should delete notification successfully","status":"passed","title":"should delete notification successfully","duration":32.07916600000044,"failureMessages":[],"meta":{}},{"ancestorTitles":["Notifications Workflow Integration","Delete Notifications"],"fullName":"Notifications Workflow Integration Delete Notifications should be idempotent when deleting non-existent notification","status":"passed","title":"should be idempotent when deleting non-existent notification","duration":5.483749999999418,"failureMessages":[],"meta":{}},{"ancestorTitles":["Notifications Workflow Integration","Delete Notifications"],"fullName":"Notifications Workflow Integration Delete Notifications should return 403 when trying to delete another user's notification","status":"passed","title":"should return 403 when trying to delete another user's notification","duration":13.704125000000204,"failureMessages":[],"meta":{}},{"ancestorTitles":["Notifications Workflow Integration","Authorization"],"fullName":"Notifications Workflow Integration Authorization should require authentication for getting notifications","status":"passed","title":"should require authentication for getting notifications","duration":0.664082999999664,"failureMessages":[],"meta":{}},{"ancestorTitles":["Notifications Workflow Integration","Authorization"],"fullName":"Notifications Workflow Integration Authorization should require authentication for getting unread count","status":"passed","title":"should require authentication for getting unread count","duration":0.47941699999955745,"failureMessages":[],"meta":{}},{"ancestorTitles":["Notifications Workflow Integration","Authorization"],"fullName":"Notifications Workflow Integration Authorization should require authentication for marking as read","status":"passed","title":"should require authentication for marking as read","duration":0.7257919999992737,"failureMessages":[],"meta":{}},{"ancestorTitles":["Notifications Workflow Integration","Authorization"],"fullName":"Notifications Workflow Integration Authorization should require authentication for marking all as read","status":"passed","title":"should require authentication for marking all as read","duration":0.5881660000004558,"failureMessages":[],"meta":{}},{"ancestorTitles":["Notifications Workflow Integration","Authorization"],"fullName":"Notifications Workflow Integration Authorization should require authentication for deleting notifications","status":"passed","title":"should require authentication for deleting notifications","duration":0.6143749999991996,"failureMessages":[],"meta":{}},{"ancestorTitles":["Notifications Workflow Integration","Authorization"],"fullName":"Notifications Workflow Integration Authorization should reject invalid Bearer token","status":"passed","title":"should reject invalid Bearer token","duration":0.7742079999998168,"failureMessages":[],"meta":{}},{"ancestorTitles":["Notifications Workflow Integration","Validation"],"fullName":"Notifications Workflow Integration Validation should reject invalid notificationId format","status":"passed","title":"should reject invalid notificationId format","duration":0.8248750000002474,"failureMessages":[],"meta":{}},{"ancestorTitles":["Notifications Workflow Integration","Validation"],"fullName":"Notifications Workflow Integration Validation should reject invalid limit parameter","status":"passed","title":"should reject invalid limit parameter","duration":0.6418340000000171,"failureMessages":[],"meta":{}},{"ancestorTitles":["Notifications Workflow Integration","Validation"],"fullName":"Notifications Workflow Integration Validation should reject limit exceeding maximum","status":"passed","title":"should reject limit exceeding maximum","duration":0.6921250000004875,"failureMessages":[],"meta":{}},{"ancestorTitles":["Notifications Workflow Integration","Validation"],"fullName":"Notifications Workflow Integration Validation should reject invalid filter parameter","status":"passed","title":"should reject invalid filter parameter","duration":0.6827920000005179,"failureMessages":[],"meta":{}}],"startTime":1760434830077,"endTime":1760434833791.6921,"status":"passed","message":"","name":"/Users/shaperosteve/social-media-app/packages/integration-tests/src/scenarios/notifications-workflow.test.ts"},{"assertionResults":[{"ancestorTitles":["Redis Connectivity"],"fullName":"Redis Connectivity can connect to LocalStack Redis","status":"passed","title":"can connect to LocalStack Redis","duration":7.9319169999999986,"failureMessages":[],"meta":{}},{"ancestorTitles":["Redis Connectivity"],"fullName":"Redis Connectivity can set and get values","status":"passed","title":"can set and get values","duration":5.635874999999999,"failureMessages":[],"meta":{}},{"ancestorTitles":["Redis Connectivity"],"fullName":"Redis Connectivity supports sorted sets for feed caching","status":"passed","title":"supports sorted sets for feed caching","duration":8.301375000000007,"failureMessages":[],"meta":{}},{"ancestorTitles":["Redis Connectivity"],"fullName":"Redis Connectivity supports hash operations for post metadata","status":"passed","title":"supports hash operations for post metadata","duration":5.223584000000017,"failureMessages":[],"meta":{}},{"ancestorTitles":["Redis Connectivity"],"fullName":"Redis Connectivity supports expiration for cache invalidation","status":"passed","title":"supports expiration for cache invalidation","duration":1104.9375830000001,"failureMessages":[],"meta":{}},{"ancestorTitles":["Redis Connectivity"],"fullName":"Redis Connectivity supports pipeline operations for batch updates","status":"passed","title":"supports pipeline operations for batch updates","duration":3.391125000000102,"failureMessages":[],"meta":{}},{"ancestorTitles":["Redis Connectivity"],"fullName":"Redis Connectivity handles connection errors gracefully","status":"passed","title":"handles connection errors gracefully","duration":0.633750000000191,"failureMessages":[],"meta":{}}],"startTime":1760434829218,"endTime":1760434830354.6338,"status":"passed","message":"","name":"/Users/shaperosteve/social-media-app/packages/integration-tests/src/scenarios/redis-connectivity.test.ts"},{"assertionResults":[{"ancestorTitles":["Redis Feed Cache Integration","Cache-Aside Pattern"],"fullName":"Redis Feed Cache Integration Cache-Aside Pattern should cache posts when retrieved from DynamoDB","status":"passed","title":"should cache posts when retrieved from DynamoDB","duration":3.9062920000000076,"failureMessages":[],"meta":{}},{"ancestorTitles":["Redis Feed Cache Integration","Cache-Aside Pattern"],"fullName":"Redis Feed Cache Integration Cache-Aside Pattern should return empty result for cache miss","status":"passed","title":"should return empty result for cache miss","duration":1.1514999999999418,"failureMessages":[],"meta":{}},{"ancestorTitles":["Redis Feed Cache Integration","Cache-Aside Pattern"],"fullName":"Redis Feed Cache Integration Cache-Aside Pattern should handle cache failures gracefully","status":"failed","title":"should handle cache failures gracefully","duration":23.538459000000103,"failureMessages":["AssertionError: expected Error: Failed to get feed items: Cannot d… to be undefined\n    at /Users/shaperosteve/social-media-app/packages/integration-tests/src/scenarios/redis-feed-cache.test.ts:187:23\n    at processTicksAndRejections (node:internal/process/task_queues:105:5)\n    at file:///Users/shaperosteve/social-media-app/node_modules/.pnpm/@vitest+runner@2.1.9/node_modules/@vitest/runner/dist/index.js:533:5\n    at runTest (file:///Users/shaperosteve/social-media-app/node_modules/.pnpm/@vitest+runner@2.1.9/node_modules/@vitest/runner/dist/index.js:1056:11)\n    at runSuite (file:///Users/shaperosteve/social-media-app/node_modules/.pnpm/@vitest+runner@2.1.9/node_modules/@vitest/runner/dist/index.js:1205:15)\n    at runSuite (file:///Users/shaperosteve/social-media-app/node_modules/.pnpm/@vitest+runner@2.1.9/node_modules/@vitest/runner/dist/index.js:1205:15)\n    at runSuite (file:///Users/shaperosteve/social-media-app/node_modules/.pnpm/@vitest+runner@2.1.9/node_modules/@vitest/runner/dist/index.js:1205:15)\n    at runFiles (file:///Users/shaperosteve/social-media-app/node_modules/.pnpm/@vitest+runner@2.1.9/node_modules/@vitest/runner/dist/index.js:1262:5)\n    at startTests (file:///Users/shaperosteve/social-media-app/node_modules/.pnpm/@vitest+runner@2.1.9/node_modules/@vitest/runner/dist/index.js:1271:3)\n    at file:///Users/shaperosteve/social-media-app/node_modules/.pnpm/vitest@2.1.9_@types+node@22.18.6_@vitest+ui@1.6.1_vitest@1.6.1__jsdom@27.0.0_postcss@8._b43aeb7d804b8bbd75d8ae1cb26cbf7a/node_modules/vitest/dist/chunks/runBaseTests.3qpJUEJM.js:126:11"],"meta":{}},{"ancestorTitles":["Redis Feed Cache Integration","Cache-Aside Pattern"],"fullName":"Redis Feed Cache Integration Cache-Aside Pattern should cache and retrieve feed with pagination","status":"passed","title":"should cache and retrieve feed with pagination","duration":5.3972499999999854,"failureMessages":[],"meta":{}},{"ancestorTitles":["Redis Feed Cache Integration","Cache-Aside Pattern"],"fullName":"Redis Feed Cache Integration Cache-Aside Pattern should mark posts as read","status":"passed","title":"should mark posts as read","duration":3.5550839999999653,"failureMessages":[],"meta":{}},{"ancestorTitles":["Redis Feed Cache Integration","Cache-Aside Pattern"],"fullName":"Redis Feed Cache Integration Cache-Aside Pattern should handle batch caching efficiently","status":"passed","title":"should handle batch caching efficiently","duration":3.432957999999985,"failureMessages":[],"meta":{}},{"ancestorTitles":["Redis Feed Cache Integration","Cache-Aside Pattern"],"fullName":"Redis Feed Cache Integration Cache-Aside Pattern should expire cached posts after TTL","status":"passed","title":"should expire cached posts after TTL","duration":1.4996249999999236,"failureMessages":[],"meta":{}},{"ancestorTitles":["Redis Feed Cache Integration","Performance Characteristics"],"fullName":"Redis Feed Cache Integration Performance Characteristics should demonstrate cache hit vs miss latency","status":"passed","title":"should demonstrate cache hit vs miss latency","duration":1.7495000000000118,"failureMessages":[],"meta":{}}],"startTime":1760434829535,"endTime":1760434829579.7495,"status":"failed","message":"","name":"/Users/shaperosteve/social-media-app/packages/integration-tests/src/scenarios/redis-feed-cache.test.ts"},{"assertionResults":[{"ancestorTitles":["User Lifecycle Integration","User Registration and Profile Creation"],"fullName":"User Lifecycle Integration User Registration and Profile Creation should complete full user registration → profile creation workflow","status":"passed","title":"should complete full user registration → profile creation workflow","duration":878.0572500000001,"failureMessages":[],"meta":{}},{"ancestorTitles":["User Lifecycle Integration","Profile Handle Management"],"fullName":"User Lifecycle Integration Profile Handle Management should enforce handle uniqueness","status":"passed","title":"should enforce handle uniqueness","duration":363.61912500000017,"failureMessages":[],"meta":{}},{"ancestorTitles":["User Lifecycle Integration","Error Handling"],"fullName":"User Lifecycle Integration Error Handling should handle registration with duplicate email","status":"passed","title":"should handle registration with duplicate email","duration":256.4782090000001,"failureMessages":[],"meta":{}},{"ancestorTitles":["User Lifecycle Integration","Error Handling"],"fullName":"User Lifecycle Integration Error Handling should handle registration with duplicate username","status":"passed","title":"should handle registration with duplicate username","duration":215.80895800000008,"failureMessages":[],"meta":{}},{"ancestorTitles":["User Lifecycle Integration","Error Handling"],"fullName":"User Lifecycle Integration Error Handling should handle weak passwords","status":"passed","title":"should handle weak passwords","duration":1.6660829999996167,"failureMessages":[],"meta":{}}],"startTime":1760434829282,"endTime":1760434830997.666,"status":"passed","message":"","name":"/Users/shaperosteve/social-media-app/packages/integration-tests/src/scenarios/user-lifecycle.test.ts"},{"assertionResults":[{"ancestorTitles":["Test Factory Functions","createTestUser"],"fullName":"Test Factory Functions createTestUser should create a test user with default prefix","status":"passed","title":"should create a test user with default prefix","duration":551.5331249999999,"failureMessages":[],"meta":{}},{"ancestorTitles":["Test Factory Functions","createTestUser"],"fullName":"Test Factory Functions createTestUser should create a test user with custom prefix","status":"passed","title":"should create a test user with custom prefix","duration":175.848209,"failureMessages":[],"meta":{}},{"ancestorTitles":["Test Factory Functions","createTestUser"],"fullName":"Test Factory Functions createTestUser should create a test user with custom email and username","status":"passed","title":"should create a test user with custom email and username","duration":231.04025000000001,"failureMessages":[],"meta":{}},{"ancestorTitles":["Test Factory Functions","createTestUser"],"fullName":"Test Factory Functions createTestUser should create multiple users with unique credentials","status":"passed","title":"should create multiple users with unique credentials","duration":385.476666,"failureMessages":[],"meta":{}},{"ancestorTitles":["Test Factory Functions","createTestPost"],"fullName":"Test Factory Functions createTestPost should create a test post with default options","status":"passed","title":"should create a test post with default options","duration":142.792375,"failureMessages":[],"meta":{}},{"ancestorTitles":["Test Factory Functions","createTestPost"],"fullName":"Test Factory Functions createTestPost should create a test post with custom caption and tags","status":"passed","title":"should create a test post with custom caption and tags","duration":53.592375000000175,"failureMessages":[],"meta":{}},{"ancestorTitles":["Test Factory Functions","createTestPost"],"fullName":"Test Factory Functions createTestPost should create a private post","status":"passed","title":"should create a private post","duration":62.08854199999996,"failureMessages":[],"meta":{}},{"ancestorTitles":["Test Factory Functions","createTestPost"],"fullName":"Test Factory Functions createTestPost should have initial counts as 0","status":"passed","title":"should have initial counts as 0","duration":33.936541000000034,"failureMessages":[],"meta":{}},{"ancestorTitles":["Test Factory Functions","createTestPost"],"fullName":"Test Factory Functions createTestPost should create multiple posts with unique IDs","status":"passed","title":"should create multiple posts with unique IDs","duration":97.03829099999984,"failureMessages":[],"meta":{}},{"ancestorTitles":["Test Factory Functions","createTestUsers"],"fullName":"Test Factory Functions createTestUsers should create multiple users in parallel","status":"passed","title":"should create multiple users in parallel","duration":146.68520800000033,"failureMessages":[],"meta":{}},{"ancestorTitles":["Test Factory Functions","createTestUsers"],"fullName":"Test Factory Functions createTestUsers should create users with custom password","status":"passed","title":"should create users with custom password","duration":118.47912499999984,"failureMessages":[],"meta":{}},{"ancestorTitles":["Test Factory Functions","createTestUsers"],"fullName":"Test Factory Functions createTestUsers should create large batches efficiently","status":"passed","title":"should create large batches efficiently","duration":296.60608299999967,"failureMessages":[],"meta":{}},{"ancestorTitles":["Test Factory Functions","createTestPosts"],"fullName":"Test Factory Functions createTestPosts should create multiple posts in parallel","status":"passed","title":"should create multiple posts in parallel","duration":67.08154100000002,"failureMessages":[],"meta":{}},{"ancestorTitles":["Test Factory Functions","createTestPosts"],"fullName":"Test Factory Functions createTestPosts should create posts with custom options","status":"passed","title":"should create posts with custom options","duration":44.69291700000031,"failureMessages":[],"meta":{}},{"ancestorTitles":["Test Factory Functions","createTestPosts"],"fullName":"Test Factory Functions createTestPosts should create large batches efficiently","status":"passed","title":"should create large batches efficiently","duration":97.34437500000013,"failureMessages":[],"meta":{}},{"ancestorTitles":["Test Factory Functions","Integration - Combined Factories"],"fullName":"Test Factory Functions Integration - Combined Factories should create users and posts together","status":"passed","title":"should create users and posts together","duration":168.501166,"failureMessages":[],"meta":{}}],"startTime":1760434829282,"endTime":1760434832246.5012,"status":"passed","message":"","name":"/Users/shaperosteve/social-media-app/packages/integration-tests/src/utils/test-factories.test.ts"}]}