{"numTotalTestSuites":2,"numPassedTestSuites":2,"numFailedTestSuites":0,"numPendingTestSuites":0,"numTotalTests":7,"numPassedTests":7,"numFailedTests":0,"numPendingTests":0,"numTodoTests":0,"snapshot":{"added":0,"failure":false,"filesAdded":0,"filesRemoved":0,"filesRemovedList":[],"filesUnmatched":0,"filesUpdated":0,"matched":0,"total":0,"unchecked":0,"uncheckedKeysByFile":[],"unmatched":0,"updated":0,"didUpdate":false},"startTime":1760383499151,"success":true,"testResults":[{"assertionResults":[{"ancestorTitles":["Redis Connectivity"],"fullName":"Redis Connectivity can connect to LocalStack Redis","status":"passed","title":"can connect to LocalStack Redis","duration":9.018834000000027,"failureMessages":[],"meta":{}},{"ancestorTitles":["Redis Connectivity"],"fullName":"Redis Connectivity can set and get values","status":"passed","title":"can set and get values","duration":4.297792000000015,"failureMessages":[],"meta":{}},{"ancestorTitles":["Redis Connectivity"],"fullName":"Redis Connectivity supports sorted sets for feed caching","status":"passed","title":"supports sorted sets for feed caching","duration":13.846249999999998,"failureMessages":[],"meta":{}},{"ancestorTitles":["Redis Connectivity"],"fullName":"Redis Connectivity supports hash operations for post metadata","status":"passed","title":"supports hash operations for post metadata","duration":3.683917000000008,"failureMessages":[],"meta":{}},{"ancestorTitles":["Redis Connectivity"],"fullName":"Redis Connectivity supports expiration for cache invalidation","status":"passed","title":"supports expiration for cache invalidation","duration":1106.631541,"failureMessages":[],"meta":{}},{"ancestorTitles":["Redis Connectivity"],"fullName":"Redis Connectivity supports pipeline operations for batch updates","status":"passed","title":"supports pipeline operations for batch updates","duration":8.005750000000035,"failureMessages":[],"meta":{}},{"ancestorTitles":["Redis Connectivity"],"fullName":"Redis Connectivity handles connection errors gracefully","status":"passed","title":"handles connection errors gracefully","duration":0.6932920000001559,"failureMessages":[],"meta":{}}],"startTime":1760383499311,"endTime":1760383500457.6934,"status":"passed","message":"","name":"/Users/shaperosteve/social-media-app/packages/integration-tests/src/scenarios/redis-connectivity.test.ts"}]}