{"numTotalTestSuites":20,"numPassedTestSuites":12,"numFailedTestSuites":8,"numPendingTestSuites":0,"numTotalTests":29,"numPassedTests":22,"numFailedTests":7,"numPendingTests":0,"numTodoTests":0,"snapshot":{"added":0,"failure":false,"filesAdded":0,"filesRemoved":0,"filesRemovedList":[],"filesUnmatched":0,"filesUpdated":0,"matched":0,"total":0,"unchecked":0,"uncheckedKeysByFile":[],"unmatched":0,"updated":0,"didUpdate":false},"startTime":1760094764042,"success":false,"testResults":[{"assertionResults":[{"ancestorTitles":["Follows Workflow Integration","Follow and Unfollow Operations"],"fullName":"Follows Workflow Integration Follow and Unfollow Operations should follow a user successfully","status":"passed","title":"should follow a user successfully","duration":28.304457999999954,"failureMessages":[],"meta":{}},{"ancestorTitles":["Follows Workflow Integration","Follow and Unfollow Operations"],"fullName":"Follows Workflow Integration Follow and Unfollow Operations should be idempotent when following the same user twice","status":"passed","title":"should be idempotent when following the same user twice","duration":33.52075000000002,"failureMessages":[],"meta":{}},{"ancestorTitles":["Follows Workflow Integration","Follow and Unfollow Operations"],"fullName":"Follows Workflow Integration Follow and Unfollow Operations should get follow status for a user","status":"passed","title":"should get follow status for a user","duration":9.622082999999975,"failureMessages":[],"meta":{}},{"ancestorTitles":["Follows Workflow Integration","Follow and Unfollow Operations"],"fullName":"Follows Workflow Integration Follow and Unfollow Operations should unfollow a user successfully","status":"passed","title":"should unfollow a user successfully","duration":11.21545900000001,"failureMessages":[],"meta":{}},{"ancestorTitles":["Follows Workflow Integration","Follow and Unfollow Operations"],"fullName":"Follows Workflow Integration Follow and Unfollow Operations should be idempotent when unfollowing a user not followed","status":"passed","title":"should be idempotent when unfollowing a user not followed","duration":33.92808400000001,"failureMessages":[],"meta":{}},{"ancestorTitles":["Follows Workflow Integration","Mutual Follow Relationships"],"fullName":"Follows Workflow Integration Mutual Follow Relationships should allow mutual follows","status":"passed","title":"should allow mutual follows","duration":60.550500000000056,"failureMessages":[],"meta":{}},{"ancestorTitles":["Follows Workflow Integration","Mutual Follow Relationships"],"fullName":"Follows Workflow Integration Mutual Follow Relationships should handle multiple followers for one user","status":"passed","title":"should handle multiple followers for one user","duration":51.449125000000095,"failureMessages":[],"meta":{}},{"ancestorTitles":["Follows Workflow Integration","Error Handling"],"fullName":"Follows Workflow Integration Error Handling should return 401 when following without authentication","status":"passed","title":"should return 401 when following without authentication","duration":0.9458749999998872,"failureMessages":[],"meta":{}},{"ancestorTitles":["Follows Workflow Integration","Error Handling"],"fullName":"Follows Workflow Integration Error Handling should return 400 when following with invalid userId","status":"passed","title":"should return 400 when following with invalid userId","duration":1.0472500000000764,"failureMessages":[],"meta":{}},{"ancestorTitles":["Follows Workflow Integration","Error Handling"],"fullName":"Follows Workflow Integration Error Handling should return false when checking follow status for user not followed","status":"passed","title":"should return false when checking follow status for user not followed","duration":65.16204199999993,"failureMessages":[],"meta":{}}],"startTime":1760094764714,"endTime":1760094765010.162,"status":"passed","message":"","name":"/Users/shaperosteve/social-media-app/packages/integration-tests/src/scenarios/follows-workflow.test.ts"},{"assertionResults":[{"ancestorTitles":["LocalStack Image Upload Integration","Presigned URL Generation"],"fullName":"LocalStack Image Upload Integration Presigned URL Generation should generate LocalStack presigned URLs for post images","status":"failed","title":"should generate LocalStack presigned URLs for post images","duration":123.16045799999995,"failureMessages":["HttpClientError: HTTP 401: Unauthorized\n    at HttpClient.request (/Users/shaperosteve/social-media-app/packages/integration-tests/src/utils/http-client.ts:102:15)\n    at processTicksAndRejections (node:internal/process/task_queues:105:5)\n    at /Users/shaperosteve/social-media-app/packages/integration-tests/src/scenarios/image-upload.test.ts:77:27\n    at callSuiteHook (file:///Users/shaperosteve/social-media-app/node_modules/.pnpm/@vitest+runner@2.1.9/node_modules/@vitest/runner/dist/index.js:964:22)\n    at callSuiteHook (file:///Users/shaperosteve/social-media-app/node_modules/.pnpm/@vitest+runner@2.1.9/node_modules/@vitest/runner/dist/index.js:953:10)\n    at runTest (file:///Users/shaperosteve/social-media-app/node_modules/.pnpm/@vitest+runner@2.1.9/node_modules/@vitest/runner/dist/index.js:1040:30)\n    at runSuite (file:///Users/shaperosteve/social-media-app/node_modules/.pnpm/@vitest+runner@2.1.9/node_modules/@vitest/runner/dist/index.js:1205:15)\n    at runSuite (file:///Users/shaperosteve/social-media-app/node_modules/.pnpm/@vitest+runner@2.1.9/node_modules/@vitest/runner/dist/index.js:1205:15)\n    at runSuite (file:///Users/shaperosteve/social-media-app/node_modules/.pnpm/@vitest+runner@2.1.9/node_modules/@vitest/runner/dist/index.js:1205:15)\n    at runFiles (file:///Users/shaperosteve/social-media-app/node_modules/.pnpm/@vitest+runner@2.1.9/node_modules/@vitest/runner/dist/index.js:1262:5)"],"meta":{}},{"ancestorTitles":["LocalStack Image Upload Integration","Presigned URL Generation"],"fullName":"LocalStack Image Upload Integration Presigned URL Generation should generate LocalStack presigned URLs for profile pictures","status":"failed","title":"should generate LocalStack presigned URLs for profile pictures","duration":24.008624999999938,"failureMessages":["HttpClientError: HTTP 401: Unauthorized\n    at HttpClient.request (/Users/shaperosteve/social-media-app/packages/integration-tests/src/utils/http-client.ts:102:15)\n    at processTicksAndRejections (node:internal/process/task_queues:105:5)\n    at /Users/shaperosteve/social-media-app/packages/integration-tests/src/scenarios/image-upload.test.ts:77:27\n    at callSuiteHook (file:///Users/shaperosteve/social-media-app/node_modules/.pnpm/@vitest+runner@2.1.9/node_modules/@vitest/runner/dist/index.js:964:22)\n    at callSuiteHook (file:///Users/shaperosteve/social-media-app/node_modules/.pnpm/@vitest+runner@2.1.9/node_modules/@vitest/runner/dist/index.js:953:10)\n    at runTest (file:///Users/shaperosteve/social-media-app/node_modules/.pnpm/@vitest+runner@2.1.9/node_modules/@vitest/runner/dist/index.js:1040:30)\n    at runSuite (file:///Users/shaperosteve/social-media-app/node_modules/.pnpm/@vitest+runner@2.1.9/node_modules/@vitest/runner/dist/index.js:1205:15)\n    at runSuite (file:///Users/shaperosteve/social-media-app/node_modules/.pnpm/@vitest+runner@2.1.9/node_modules/@vitest/runner/dist/index.js:1205:15)\n    at runSuite (file:///Users/shaperosteve/social-media-app/node_modules/.pnpm/@vitest+runner@2.1.9/node_modules/@vitest/runner/dist/index.js:1205:15)\n    at runFiles (file:///Users/shaperosteve/social-media-app/node_modules/.pnpm/@vitest+runner@2.1.9/node_modules/@vitest/runner/dist/index.js:1262:5)"],"meta":{}},{"ancestorTitles":["LocalStack Image Upload Integration","Post Creation with LocalStack Images"],"fullName":"LocalStack Image Upload Integration Post Creation with LocalStack Images should create post with LocalStack image URLs","status":"failed","title":"should create post with LocalStack image URLs","duration":40.49166600000001,"failureMessages":["HttpClientError: HTTP 401: Unauthorized\n    at HttpClient.request (/Users/shaperosteve/social-media-app/packages/integration-tests/src/utils/http-client.ts:102:15)\n    at processTicksAndRejections (node:internal/process/task_queues:105:5)\n    at /Users/shaperosteve/social-media-app/packages/integration-tests/src/scenarios/image-upload.test.ts:77:27\n    at callSuiteHook (file:///Users/shaperosteve/social-media-app/node_modules/.pnpm/@vitest+runner@2.1.9/node_modules/@vitest/runner/dist/index.js:964:22)\n    at callSuiteHook (file:///Users/shaperosteve/social-media-app/node_modules/.pnpm/@vitest+runner@2.1.9/node_modules/@vitest/runner/dist/index.js:953:10)\n    at runTest (file:///Users/shaperosteve/social-media-app/node_modules/.pnpm/@vitest+runner@2.1.9/node_modules/@vitest/runner/dist/index.js:1040:30)\n    at runSuite (file:///Users/shaperosteve/social-media-app/node_modules/.pnpm/@vitest+runner@2.1.9/node_modules/@vitest/runner/dist/index.js:1205:15)\n    at runSuite (file:///Users/shaperosteve/social-media-app/node_modules/.pnpm/@vitest+runner@2.1.9/node_modules/@vitest/runner/dist/index.js:1205:15)\n    at runSuite (file:///Users/shaperosteve/social-media-app/node_modules/.pnpm/@vitest+runner@2.1.9/node_modules/@vitest/runner/dist/index.js:1205:15)\n    at runFiles (file:///Users/shaperosteve/social-media-app/node_modules/.pnpm/@vitest+runner@2.1.9/node_modules/@vitest/runner/dist/index.js:1262:5)"],"meta":{}},{"ancestorTitles":["LocalStack Image Upload Integration","Post Creation with LocalStack Images"],"fullName":"LocalStack Image Upload Integration Post Creation with LocalStack Images should maintain LocalStack URLs in post retrieval","status":"failed","title":"should maintain LocalStack URLs in post retrieval","duration":38.24141600000007,"failureMessages":["HttpClientError: HTTP 401: Unauthorized\n    at HttpClient.request (/Users/shaperosteve/social-media-app/packages/integration-tests/src/utils/http-client.ts:102:15)\n    at processTicksAndRejections (node:internal/process/task_queues:105:5)\n    at /Users/shaperosteve/social-media-app/packages/integration-tests/src/scenarios/image-upload.test.ts:77:27\n    at callSuiteHook (file:///Users/shaperosteve/social-media-app/node_modules/.pnpm/@vitest+runner@2.1.9/node_modules/@vitest/runner/dist/index.js:964:22)\n    at callSuiteHook (file:///Users/shaperosteve/social-media-app/node_modules/.pnpm/@vitest+runner@2.1.9/node_modules/@vitest/runner/dist/index.js:953:10)\n    at runTest (file:///Users/shaperosteve/social-media-app/node_modules/.pnpm/@vitest+runner@2.1.9/node_modules/@vitest/runner/dist/index.js:1040:30)\n    at runSuite (file:///Users/shaperosteve/social-media-app/node_modules/.pnpm/@vitest+runner@2.1.9/node_modules/@vitest/runner/dist/index.js:1205:15)\n    at runSuite (file:///Users/shaperosteve/social-media-app/node_modules/.pnpm/@vitest+runner@2.1.9/node_modules/@vitest/runner/dist/index.js:1205:15)\n    at runSuite (file:///Users/shaperosteve/social-media-app/node_modules/.pnpm/@vitest+runner@2.1.9/node_modules/@vitest/runner/dist/index.js:1205:15)\n    at runFiles (file:///Users/shaperosteve/social-media-app/node_modules/.pnpm/@vitest+runner@2.1.9/node_modules/@vitest/runner/dist/index.js:1262:5)"],"meta":{}},{"ancestorTitles":["LocalStack Image Upload Integration","Error Handling"],"fullName":"LocalStack Image Upload Integration Error Handling should handle invalid file types gracefully","status":"failed","title":"should handle invalid file types gracefully","duration":10.025458999999955,"failureMessages":["HttpClientError: HTTP 401: Unauthorized\n    at HttpClient.request (/Users/shaperosteve/social-media-app/packages/integration-tests/src/utils/http-client.ts:102:15)\n    at processTicksAndRejections (node:internal/process/task_queues:105:5)\n    at /Users/shaperosteve/social-media-app/packages/integration-tests/src/scenarios/image-upload.test.ts:77:27\n    at callSuiteHook (file:///Users/shaperosteve/social-media-app/node_modules/.pnpm/@vitest+runner@2.1.9/node_modules/@vitest/runner/dist/index.js:964:22)\n    at callSuiteHook (file:///Users/shaperosteve/social-media-app/node_modules/.pnpm/@vitest+runner@2.1.9/node_modules/@vitest/runner/dist/index.js:953:10)\n    at runTest (file:///Users/shaperosteve/social-media-app/node_modules/.pnpm/@vitest+runner@2.1.9/node_modules/@vitest/runner/dist/index.js:1040:30)\n    at runSuite (file:///Users/shaperosteve/social-media-app/node_modules/.pnpm/@vitest+runner@2.1.9/node_modules/@vitest/runner/dist/index.js:1205:15)\n    at runSuite (file:///Users/shaperosteve/social-media-app/node_modules/.pnpm/@vitest+runner@2.1.9/node_modules/@vitest/runner/dist/index.js:1205:15)\n    at runSuite (file:///Users/shaperosteve/social-media-app/node_modules/.pnpm/@vitest+runner@2.1.9/node_modules/@vitest/runner/dist/index.js:1205:15)\n    at runFiles (file:///Users/shaperosteve/social-media-app/node_modules/.pnpm/@vitest+runner@2.1.9/node_modules/@vitest/runner/dist/index.js:1262:5)"],"meta":{}},{"ancestorTitles":["LocalStack Image Upload Integration","Error Handling"],"fullName":"LocalStack Image Upload Integration Error Handling should handle unauthenticated requests","status":"failed","title":"should handle unauthenticated requests","duration":41.30416600000001,"failureMessages":["HttpClientError: HTTP 401: Unauthorized\n    at HttpClient.request (/Users/shaperosteve/social-media-app/packages/integration-tests/src/utils/http-client.ts:102:15)\n    at processTicksAndRejections (node:internal/process/task_queues:105:5)\n    at /Users/shaperosteve/social-media-app/packages/integration-tests/src/scenarios/image-upload.test.ts:77:27\n    at callSuiteHook (file:///Users/shaperosteve/social-media-app/node_modules/.pnpm/@vitest+runner@2.1.9/node_modules/@vitest/runner/dist/index.js:964:22)\n    at callSuiteHook (file:///Users/shaperosteve/social-media-app/node_modules/.pnpm/@vitest+runner@2.1.9/node_modules/@vitest/runner/dist/index.js:953:10)\n    at runTest (file:///Users/shaperosteve/social-media-app/node_modules/.pnpm/@vitest+runner@2.1.9/node_modules/@vitest/runner/dist/index.js:1040:30)\n    at runSuite (file:///Users/shaperosteve/social-media-app/node_modules/.pnpm/@vitest+runner@2.1.9/node_modules/@vitest/runner/dist/index.js:1205:15)\n    at runSuite (file:///Users/shaperosteve/social-media-app/node_modules/.pnpm/@vitest+runner@2.1.9/node_modules/@vitest/runner/dist/index.js:1205:15)\n    at runSuite (file:///Users/shaperosteve/social-media-app/node_modules/.pnpm/@vitest+runner@2.1.9/node_modules/@vitest/runner/dist/index.js:1205:15)\n    at runFiles (file:///Users/shaperosteve/social-media-app/node_modules/.pnpm/@vitest+runner@2.1.9/node_modules/@vitest/runner/dist/index.js:1262:5)"],"meta":{}}],"startTime":1760094764251,"endTime":1760094764528.3042,"status":"failed","message":"","name":"/Users/shaperosteve/social-media-app/packages/integration-tests/src/scenarios/image-upload.test.ts"},{"assertionResults":[{"ancestorTitles":["Likes Workflow Integration","Like and Unlike Operations"],"fullName":"Likes Workflow Integration Like and Unlike Operations should like a post successfully","status":"passed","title":"should like a post successfully","duration":50.833124999999995,"failureMessages":[],"meta":{}},{"ancestorTitles":["Likes Workflow Integration","Like and Unlike Operations"],"fullName":"Likes Workflow Integration Like and Unlike Operations should be idempotent when liking the same post twice","status":"passed","title":"should be idempotent when liking the same post twice","duration":20.871916000000056,"failureMessages":[],"meta":{}},{"ancestorTitles":["Likes Workflow Integration","Like and Unlike Operations"],"fullName":"Likes Workflow Integration Like and Unlike Operations should get like status for a post","status":"passed","title":"should get like status for a post","duration":8.937625000000025,"failureMessages":[],"meta":{}},{"ancestorTitles":["Likes Workflow Integration","Like and Unlike Operations"],"fullName":"Likes Workflow Integration Like and Unlike Operations should unlike a post successfully","status":"passed","title":"should unlike a post successfully","duration":61.57387499999993,"failureMessages":[],"meta":{}},{"ancestorTitles":["Likes Workflow Integration","Like and Unlike Operations"],"fullName":"Likes Workflow Integration Like and Unlike Operations should be idempotent when unliking a post not liked","status":"passed","title":"should be idempotent when unliking a post not liked","duration":11.556958000000009,"failureMessages":[],"meta":{}},{"ancestorTitles":["Likes Workflow Integration","Multiple Users Liking"],"fullName":"Likes Workflow Integration Multiple Users Liking should allow multiple users to like the same post","status":"passed","title":"should allow multiple users to like the same post","duration":82.98466699999994,"failureMessages":[],"meta":{}},{"ancestorTitles":["Likes Workflow Integration","Error Handling"],"fullName":"Likes Workflow Integration Error Handling should return 401 when liking without authentication","status":"passed","title":"should return 401 when liking without authentication","duration":1.1012920000000577,"failureMessages":[],"meta":{}},{"ancestorTitles":["Likes Workflow Integration","Error Handling"],"fullName":"Likes Workflow Integration Error Handling should return 400 when liking with invalid postId","status":"passed","title":"should return 400 when liking with invalid postId","duration":1.0792920000001232,"failureMessages":[],"meta":{}}],"startTime":1760094764634,"endTime":1760094764874.0793,"status":"passed","message":"","name":"/Users/shaperosteve/social-media-app/packages/integration-tests/src/scenarios/likes-workflow.test.ts"},{"assertionResults":[{"ancestorTitles":["User Lifecycle Integration","User Registration and Profile Creation"],"fullName":"User Lifecycle Integration User Registration and Profile Creation should complete full user registration → profile creation workflow","status":"passed","title":"should complete full user registration → profile creation workflow","duration":339.288292,"failureMessages":[],"meta":{}},{"ancestorTitles":["User Lifecycle Integration","Profile Handle Management"],"fullName":"User Lifecycle Integration Profile Handle Management should enforce handle uniqueness","status":"failed","title":"should enforce handle uniqueness","duration":154.66766600000005,"failureMessages":["HttpClientError: HTTP 500: Internal Server Error\n    at HttpClient.request (/Users/shaperosteve/social-media-app/packages/integration-tests/src/utils/http-client.ts:102:15)\n    at processTicksAndRejections (node:internal/process/task_queues:105:5)\n    at /Users/shaperosteve/social-media-app/packages/integration-tests/src/scenarios/user-lifecycle.test.ts:268:7\n    at file:///Users/shaperosteve/social-media-app/node_modules/.pnpm/@vitest+runner@2.1.9/node_modules/@vitest/runner/dist/index.js:533:5\n    at runTest (file:///Users/shaperosteve/social-media-app/node_modules/.pnpm/@vitest+runner@2.1.9/node_modules/@vitest/runner/dist/index.js:1056:11)\n    at runSuite (file:///Users/shaperosteve/social-media-app/node_modules/.pnpm/@vitest+runner@2.1.9/node_modules/@vitest/runner/dist/index.js:1205:15)\n    at runSuite (file:///Users/shaperosteve/social-media-app/node_modules/.pnpm/@vitest+runner@2.1.9/node_modules/@vitest/runner/dist/index.js:1205:15)\n    at runSuite (file:///Users/shaperosteve/social-media-app/node_modules/.pnpm/@vitest+runner@2.1.9/node_modules/@vitest/runner/dist/index.js:1205:15)\n    at runFiles (file:///Users/shaperosteve/social-media-app/node_modules/.pnpm/@vitest+runner@2.1.9/node_modules/@vitest/runner/dist/index.js:1262:5)\n    at startTests (file:///Users/shaperosteve/social-media-app/node_modules/.pnpm/@vitest+runner@2.1.9/node_modules/@vitest/runner/dist/index.js:1271:3)"],"meta":{}},{"ancestorTitles":["User Lifecycle Integration","Error Handling"],"fullName":"User Lifecycle Integration Error Handling should handle registration with duplicate email","status":"passed","title":"should handle registration with duplicate email","duration":92.16595899999993,"failureMessages":[],"meta":{}},{"ancestorTitles":["User Lifecycle Integration","Error Handling"],"fullName":"User Lifecycle Integration Error Handling should handle registration with duplicate username","status":"passed","title":"should handle registration with duplicate username","duration":100.16745900000001,"failureMessages":[],"meta":{}},{"ancestorTitles":["User Lifecycle Integration","Error Handling"],"fullName":"User Lifecycle Integration Error Handling should handle weak passwords","status":"passed","title":"should handle weak passwords","duration":1.3459579999998823,"failureMessages":[],"meta":{}}],"startTime":1760094764251,"endTime":1760094764938.346,"status":"failed","message":"","name":"/Users/shaperosteve/social-media-app/packages/integration-tests/src/scenarios/user-lifecycle.test.ts"}]}