{"numTotalTestSuites":10,"numPassedTestSuites":10,"numFailedTestSuites":0,"numPendingTestSuites":0,"numTotalTests":11,"numPassedTests":11,"numFailedTests":0,"numPendingTests":0,"numTodoTests":0,"snapshot":{"added":0,"failure":false,"filesAdded":0,"filesRemoved":0,"filesRemovedList":[],"filesUnmatched":0,"filesUpdated":0,"matched":0,"total":0,"unchecked":0,"uncheckedKeysByFile":[],"unmatched":0,"updated":0,"didUpdate":false},"startTime":1759755163191,"success":true,"testResults":[{"assertionResults":[{"ancestorTitles":["LocalStack Image Upload Integration","Presigned URL Generation"],"fullName":"LocalStack Image Upload Integration Presigned URL Generation should generate LocalStack presigned URLs for post images","status":"passed","title":"should generate LocalStack presigned URLs for post images","duration":90.427709,"failureMessages":[],"meta":{}},{"ancestorTitles":["LocalStack Image Upload Integration","Presigned URL Generation"],"fullName":"LocalStack Image Upload Integration Presigned URL Generation should generate LocalStack presigned URLs for profile pictures","status":"passed","title":"should generate LocalStack presigned URLs for profile pictures","duration":54.64779100000004,"failureMessages":[],"meta":{}},{"ancestorTitles":["LocalStack Image Upload Integration","Post Creation with LocalStack Images"],"fullName":"LocalStack Image Upload Integration Post Creation with LocalStack Images should create post with LocalStack image URLs","status":"passed","title":"should create post with LocalStack image URLs","duration":105.01583299999993,"failureMessages":[],"meta":{}},{"ancestorTitles":["LocalStack Image Upload Integration","Post Creation with LocalStack Images"],"fullName":"LocalStack Image Upload Integration Post Creation with LocalStack Images should maintain LocalStack URLs in post retrieval","status":"passed","title":"should maintain LocalStack URLs in post retrieval","duration":130.3259579999999,"failureMessages":[],"meta":{}},{"ancestorTitles":["LocalStack Image Upload Integration","Error Handling"],"fullName":"LocalStack Image Upload Integration Error Handling should handle invalid file types gracefully","status":"passed","title":"should handle invalid file types gracefully","duration":52.12795900000003,"failureMessages":[],"meta":{}},{"ancestorTitles":["LocalStack Image Upload Integration","Error Handling"],"fullName":"LocalStack Image Upload Integration Error Handling should handle unauthenticated requests","status":"passed","title":"should handle unauthenticated requests","duration":81.54812500000003,"failureMessages":[],"meta":{}}],"startTime":1759755163402,"endTime":1759755163915.548,"status":"passed","message":"","name":"/Users/shaperosteve/social-media-app/packages/integration-tests/src/scenarios/image-upload.test.ts"},{"assertionResults":[{"ancestorTitles":["User Lifecycle Integration","User Registration and Profile Creation"],"fullName":"User Lifecycle Integration User Registration and Profile Creation should complete full user registration → profile creation workflow","status":"passed","title":"should complete full user registration → profile creation workflow","duration":251.27500000000003,"failureMessages":[],"meta":{}},{"ancestorTitles":["User Lifecycle Integration","Profile Handle Management"],"fullName":"User Lifecycle Integration Profile Handle Management should enforce handle uniqueness","status":"passed","title":"should enforce handle uniqueness","duration":198.08362499999998,"failureMessages":[],"meta":{}},{"ancestorTitles":["User Lifecycle Integration","Error Handling"],"fullName":"User Lifecycle Integration Error Handling should handle registration with duplicate email","status":"passed","title":"should handle registration with duplicate email","duration":110.07579200000009,"failureMessages":[],"meta":{}},{"ancestorTitles":["User Lifecycle Integration","Error Handling"],"fullName":"User Lifecycle Integration Error Handling should handle registration with duplicate username","status":"passed","title":"should handle registration with duplicate username","duration":92.33070799999996,"failureMessages":[],"meta":{}},{"ancestorTitles":["User Lifecycle Integration","Error Handling"],"fullName":"User Lifecycle Integration Error Handling should handle weak passwords","status":"passed","title":"should handle weak passwords","duration":0.9154580000001715,"failureMessages":[],"meta":{}}],"startTime":1759755163400,"endTime":1759755164052.9155,"status":"passed","message":"","name":"/Users/shaperosteve/social-media-app/packages/integration-tests/src/scenarios/user-lifecycle.test.ts"}]}